[2015.08.14-09.36.41:836][  0]Log file open, 08/14/15 12:36:41
[2015.08.14-09.36.41:836][  0]LogInit:Display: Running engine for game: FoD
[2015.08.14-09.36.41:836][  0]LogInit:Display: RandInit(267602606) SRandInit(267602606).
[2015.08.14-09.36.41:836][  0]LogTaskGraph: Started task graph with 4 named threads and 5 total threads.
[2015.08.14-09.36.41:836][  0]LogStats: Stats thread started
[2015.08.14-09.36.41:836][  0]LogInit: Version: 4.8.3-2634408+++depot+UE4-Releases+4.8
[2015.08.14-09.36.41:836][  0]LogInit: API Version: 2579680
[2015.08.14-09.36.41:836][  0]LogInit: Compiled (64-bit): Jul 27 2015 16:24:33
[2015.08.14-09.36.41:836][  0]LogInit: Compiled with Visual C++: 18.00.21005.01
[2015.08.14-09.36.41:836][  0]LogInit: Build Configuration: Development
[2015.08.14-09.36.41:837][  0]LogInit: Branch Name: ++depot+UE4-Releases+4.8
[2015.08.14-09.36.41:837][  0]LogInit: Command line: 
[2015.08.14-09.36.41:837][  0]LogInit: Base directory: C:/Program Files/Epic Games/4.8/Engine/Binaries/Win64/
[2015.08.14-09.36.41:837][  0]LogInit: Rocket: 1
[2015.08.14-09.36.41:851][  0]LogInit: Using libcurl 7.41.0
[2015.08.14-09.36.41:851][  0]LogInit:  - built for x86_64-pc-win32
[2015.08.14-09.36.41:851][  0]LogInit:  - supports SSL with WinSSL
[2015.08.14-09.36.41:851][  0]LogInit:  - other features:
[2015.08.14-09.36.41:851][  0]LogInit:      CURL_VERSION_SSL
[2015.08.14-09.36.41:851][  0]LogInit:      CURL_VERSION_IPV6
[2015.08.14-09.36.41:851][  0]LogInit:      CURL_VERSION_ASYNCHDNS
[2015.08.14-09.36.41:851][  0]LogInit:      CURL_VERSION_LARGEFILE
[2015.08.14-09.36.41:851][  0]LogInit:      CURL_VERSION_IDN
[2015.08.14-09.36.41:851][  0]LogInit:  CurlRequestOptions (configurable via config and command line):
[2015.08.14-09.36.41:851][  0]LogInit:  - bVerifyPeer = true  - Libcurl will verify peer certificate
[2015.08.14-09.36.41:851][  0]LogInit:  - bUseHttpProxy = false  - Libcurl will NOT use HTTP proxy
[2015.08.14-09.36.41:851][  0]LogInit:  - bDontReuseConnections = false  - Libcurl will reuse connections
[2015.08.14-09.36.41:851][  0]LogInit:  - CertBundlePath = nullptr  - Libcurl will use whatever was configured at build time.
[2015.08.14-09.36.41:864][  0]LogOnline:Warning: No default platform service specified for OnlineSubsystem
[2015.08.14-09.36.41:879][  0]LogInit: Presizing for 0 objects not considered by GC, pre-allocating 0 bytes.
[2015.08.14-09.36.41:887][  0]LogInit: Object subsystem initialized
[2015.08.14-09.36.41:888][  0]LogConsoleResponse:Warning: Skipping Unknown console variable: 'TranslucentSortAxis = (X=0.000000,Y=-1.000000,Z=0.000000)'
[2015.08.14-09.36.41:888][  0]LogConsoleResponse:Warning:   Found in ini file 'D:/projects/unreal/FoD 4.8/Saved/Config/Windows/Engine.ini', in section '[/Script/Engine.RendererSettings]'
[2015.08.14-09.36.41:888][  0]LogConsoleResponse:Warning: Skipping Unknown console variable: 'UIScaleRule = ShortestSide'
[2015.08.14-09.36.41:888][  0]LogConsoleResponse:Warning:   Found in ini file 'D:/projects/unreal/FoD 4.8/Saved/Config/Windows/Engine.ini', in section '[/Script/Engine.RendererSettings]'
[2015.08.14-09.36.41:888][  0]LogConsoleResponse:Warning: Skipping Unknown console variable: 'UIScaleCurve = (EditorCurveData=(Keys=),ExternalCurve=None)'
[2015.08.14-09.36.41:888][  0]LogConsoleResponse:Warning:   Found in ini file 'D:/projects/unreal/FoD 4.8/Saved/Config/Windows/Engine.ini', in section '[/Script/Engine.RendererSettings]'
[2015.08.14-09.36.41:888][  0]LogInit: Selected Device Profile: [Windows]
[2015.08.14-09.36.41:888][  0]LogInit: Applying CVar settings loaded from the selected device profile: [Windows]
[2015.08.14-09.36.41:916][  0]LogInit: Computer: PC
[2015.08.14-09.36.41:916][  0]LogInit: User: Ilya
[2015.08.14-09.36.41:916][  0]LogInit: CPU Page size=4096, Cores=2
[2015.08.14-09.36.41:916][  0]LogInit: High frequency timer resolution =2.533319 MHz
[2015.08.14-09.36.41:916][  0]LogMemory: Memory total: Physical=7.9GB (8GB approx)
[2015.08.14-09.36.41:916][  0]LogMemory: Platform Memory Stats for Windows
[2015.08.14-09.36.41:916][  0]LogMemory: Process Physical Memory: 48.39 MB used, 48.39 MB peak
[2015.08.14-09.36.41:916][  0]LogMemory: Process Virtual Memory: 24.60 MB used, 24.60 MB peak
[2015.08.14-09.36.41:916][  0]LogMemory: Physical Memory: 2356.25 MB used, 8077.82 MB total
[2015.08.14-09.36.41:916][  0]LogMemory: Virtual Memory: 293.50 MB used, 134217728.00 MB total
[2015.08.14-09.36.41:952][  0]LogTextLocalizationManager: The requested culture ('ru_RU') has no localization data; falling back to 'en' for localization and internationalization data.
[2015.08.14-09.36.42:238][  0]LogTextLocalizationManager:Warning: Loaded localization resources contain conflicting entries for (Namespace:ContentBrowser, Key:ImportAssetToolTip):
Localization Resource: (C:/Program Files/Epic Games/4.8/Engine/Content/Localization/Editor/en/Editor.locres) Source String Hash: (-630476809) Localized String: (Import to {0}...)
Localization Resource: (C:/Program Files/Epic Games/4.8/Engine/Content/Localization/Editor/en/Editor.locres) Source String Hash: (1271782899) Localized String: (Imports an asset from file to this folder.)
[2015.08.14-09.36.42:748][  0]LogD3D11RHI: Found D3D11 adapter 0: NVIDIA GeForce GT 740M   (Feature Level 11_0)
[2015.08.14-09.36.42:748][  0]LogD3D11RHI: Adapter has 1988MB of dedicated video memory, 0MB of dedicated system memory, and 2048MB of shared system memory, 1 output[s]
[2015.08.14-09.36.42:767][  0]LogD3D11RHI: Found D3D11 adapter 1: NVIDIA GeForce GT 740M   (Feature Level 11_0)
[2015.08.14-09.36.42:767][  0]LogD3D11RHI: Adapter has 1988MB of dedicated video memory, 0MB of dedicated system memory, and 2048MB of shared system memory, 0 output[s]
[2015.08.14-09.36.42:768][  0]LogD3D11RHI: Found D3D11 adapter 2: Microsoft Basic Render Driver (Feature Level 11_0)
[2015.08.14-09.36.42:768][  0]LogD3D11RHI: Adapter has 1988MB of dedicated video memory, 0MB of dedicated system memory, and 2048MB of shared system memory, 0 output[s]
[2015.08.14-09.36.42:768][  0]LogD3D11RHI: Chosen D3D11 Adapter Id = 0
[2015.08.14-09.36.42:773][  0]LogD3D11RHI: InitD3DDevice
[2015.08.14-09.36.42:773][  0]LogD3D11RHI: !Direct3DDevice
[2015.08.14-09.36.42:773][  0]LogRHI: Texture pool is 1361 MB (70% of 1945 MB)
[2015.08.14-09.36.42:786][  0]LogD3D11RHI: Async texture creation enabled
[2015.08.14-09.36.42:804][  0]LogShaderCompilers:Display: Using Local Shader Compiler.
[2015.08.14-09.36.43:749][  0]LogTemp:Display: Loaded TP DesktopTargetPlatform
[2015.08.14-09.36.43:765][  0]LogTemp:Display: Loaded TP WindowsClientTargetPlatform
[2015.08.14-09.36.43:781][  0]LogTemp:Display: Loaded TP WindowsNoEditorTargetPlatform
[2015.08.14-09.36.43:797][  0]LogTemp:Display: Loaded TP WindowsServerTargetPlatform
[2015.08.14-09.36.43:814][  0]LogTemp:Display: Loaded TP WindowsTargetPlatform
[2015.08.14-09.36.43:828][  0]LogTemp:Display: Loaded TP AndroidTargetPlatform
[2015.08.14-09.36.43:842][  0]LogTemp:Display: Loaded TP Android_ASTCTargetPlatform
[2015.08.14-09.36.43:855][  0]LogTemp:Display: Loaded TP Android_ATCTargetPlatform
[2015.08.14-09.36.43:869][  0]LogTemp:Display: Loaded TP Android_DXTTargetPlatform
[2015.08.14-09.36.43:883][  0]LogTemp:Display: Loaded TP Android_ETC1TargetPlatform
[2015.08.14-09.36.43:897][  0]LogTemp:Display: Loaded TP Android_ETC2TargetPlatform
[2015.08.14-09.36.43:910][  0]LogTemp:Display: Loaded TP Android_PVRTCTargetPlatform
[2015.08.14-09.36.43:962][  0]LogTemp:Display: Loaded TP IOSTargetPlatform
[2015.08.14-09.36.43:975][  0]LogTemp:Display: Loaded TP LinuxNoEditorTargetPlatform
[2015.08.14-09.36.43:989][  0]LogTemp:Display: Loaded TP LinuxServerTargetPlatform
[2015.08.14-09.36.44:005][  0]LogTemp:Display: Loaded TP LinuxTargetPlatform
[2015.08.14-09.36.44:006][  0]LogTargetPlatformManager:Display: Building Assets For Windows
[2015.08.14-09.36.44:234][  0]LogDerivedDataCache:Display: Max Cache Size: 512 MB
[2015.08.14-09.36.44:288][  0]LogDerivedDataCache: Loaded boot cache 0.05s 53MB C:/Users/Ilya/AppData/Local/UnrealEngine/4.8/DerivedDataCache/Boot.ddc.
[2015.08.14-09.36.44:288][  0]LogDerivedDataCache:Display: Loaded Boot cache: C:/Users/Ilya/AppData/Local/UnrealEngine/4.8/DerivedDataCache/Boot.ddc
[2015.08.14-09.36.44:289][  0]LogDerivedDataCache: FDerivedDataBackendGraph:  Pak pak cache file D:/projects/unreal/FoD 4.8/DerivedDataCache/DDC.ddp not found, will not use a pak cache.
[2015.08.14-09.36.44:289][  0]LogDerivedDataCache: Unable to find inner node Pak for hierarchical cache Hierarchy.
[2015.08.14-09.36.44:289][  0]LogDerivedDataCache: FDerivedDataBackendGraph:  CompressedPak pak cache file D:/projects/unreal/FoD 4.8/DerivedDataCache/Compressed.ddp not found, will not use a pak cache.
[2015.08.14-09.36.44:289][  0]LogDerivedDataCache: Unable to find inner node CompressedPak for hierarchical cache Hierarchy.
[2015.08.14-09.36.44:458][  0]LogDerivedDataCache:Display: Pak cache opened for reading ../../../Engine/DerivedDataCache/Compressed.ddp.
[2015.08.14-09.36.44:470][  0]LogDerivedDataCache: Using Local data cache path C:/Users/Ilya/AppData/Local/UnrealEngine/Common/DerivedDataCache: Writable
[2015.08.14-09.36.44:783][  0]LogInit: Selected Device Profile: [Windows]
[2015.08.14-09.36.44:875][  0]ImportText (ComponentSweepMultiTests): Missing closing parenthesis: (RootShapeAsset="/Engine/BasicShapes/Cube.Cube",ShapeType="TriggerCapsule",HitResult=(Time=0.50,Location=(X=-100.000015,Y=0.0,Z=100.000015),ImpactPoint=(X=-50.0,Y=0.0,Z=50.0),Normal=(X=-1.0,Y=-0.0,Z=0.0),ImpactNormal=(X=0.0,Y=0.0,Z=1.0),TraceStart=(X=-200.0,Y=0.0,Z=200.0),TraceEnd=(X=0.0,Y=0.0,Z=0.0))
[2015.08.14-09.36.44:875][  0]ImportText (LineTraceSingleByChannelTests): Missing closing parenthesis: (RootShapeAsset="/Engine/BasicShapes/Cube.Cube",HitResult=(Time=0.50,Location=(X=-100.000015,Y=0.0,Z=100.000015),ImpactPoint=(X=-50.0,Y=0.0,Z=50.0),Normal=(X=-1.0,Y=-0.0,Z=0.0),ImpactNormal=(X=0.0,Y=0.0,Z=1.0),TraceStart=(X=-200.0,Y=0.0,Z=200.0),TraceEnd=(X=0.0,Y=0.0,Z=0.0))
[2015.08.14-09.36.44:906][  0]LogMeshUtilities: No automatic mesh reduction module available
[2015.08.14-09.36.44:907][  0]LogMeshUtilities: No automatic mesh merging module available
[2015.08.14-09.36.45:247][  0]LogInit: WinSock: version 1.1 (2.2), MaxSocks=32767, MaxUdp=65467
[2015.08.14-09.36.46:307][  0]UdpMessaging: Initializing bridge on interface 0.0.0.0:0 to multicast group 230.0.0.1:6666.
[2015.08.14-09.36.46:749][  0]SourceControl: Info Source control is disabled
[2015.08.14-09.36.46:750][  0]SourceControl: Info Source control is disabled
[2015.08.14-09.36.46:761][  0]SourceControl: Info Source control is disabled
[2015.08.14-09.36.46:772][  0]SourceControl: Info Source control is disabled
[2015.08.14-09.36.47:031][  0]LogObj: 26335 objects as part of root set at end of initial load.
[2015.08.14-09.36.47:031][  0]LogUObjectAllocator: 5436688 out of 0 bytes used by permanent object pool.
[2015.08.14-09.36.47:109][  0]LogEngine: Initializing Engine...
[2015.08.14-09.36.47:112][  0]LogHMD: Can't find Oculus library dev build: is proper Runtime installed? Version: 0.6.0.0
[2015.08.14-09.36.47:113][  0]LogHMD:Warning: SteamVR failed to initialize.  Error: 110
[2015.08.14-09.36.47:292][  0]LogAIModule: Creating AISystem for world NewWorld
[2015.08.14-09.36.47:297][  0]LogInit: XAudio2 using 'Динамики (Realtek High Definition Audio)' : 2 channels at 44.1 kHz using 32 bits per sample (channel mask 0x3)
[2015.08.14-09.36.47:343][  0]LogInit: FAudioDevice initialized.
[2015.08.14-09.36.47:369][  0]LogDerivedDataCache: Saved boot cache 0.03s 53MB C:/Users/Ilya/AppData/Local/UnrealEngine/4.8/DerivedDataCache/Boot.ddc.
[2015.08.14-09.36.47:374][  0]LogInit: Texture streaming: Disabled
[2015.08.14-09.36.47:400][  0]LogAnalytics: Creating configured Analytics provider AnalyticsET
[2015.08.14-09.36.47:400][  0]LogAnalytics: [UEEditor.Rocket.Release] APIServer = http://et2.epicgames.com/ET2/. AppVersion = 4.8.3-2634408+++depot+UE4-Releases+4.8
[2015.08.14-09.36.47:400][  0]LogAnalytics: [UEEditor.Rocket.Release] SetUserId a7f999d945d7ce1bcb40819eed5fc215|9874e92d453642a1a852b47e8a1bb05f|e0bf2233-ae09-4568-aecc-a45b89a1cc1d
[2015.08.14-09.36.47:400][  0]LogAnalytics: [UEEditor.Rocket.Release] AnalyticsET::StartSession
[2015.08.14-09.36.47:427][  0]LogInit: Transaction tracking system initialized
[2015.08.14-09.36.47:587][  0]BlueprintLog: New page: Editor Load
[2015.08.14-09.36.47:626][  0]LogAssetRegistry: FAssetRegistry took 0.0109 seconds to start up
[2015.08.14-09.36.47:626][  0]LogDirectoryWatcher:Warning: Failed to begin reading directory changes for ../../../Engine/Plugins/Experimental/CharacterAI/Content/. Error: 0
[2015.08.14-09.36.48:457][  0]LogConsoleManager:Warning: Console variable 'r.VSync' wasn't set ('GameSetting' has a lower priority than 'SystemSettingsIni')
[2015.08.14-09.36.48:458][  0]LogConsoleResponse:Display: 
[2015.08.14-09.36.48:620][  0]LogCook:Display: Done creating registry. It took  0.00s.
[2015.08.14-09.36.48:901][  0]SourceControl: Info Source control is disabled
[2015.08.14-09.36.48:902][  0]Cmd: MAP LOAD FILE="../../../Engine/Content/Maps/Templates/Template_Default.umap" TEMPLATE=1 SHOWPROGRESS=1 FEATURELEVEL=3
[2015.08.14-09.36.48:902][  0]LightingResults: New page: Lighting Build
[2015.08.14-09.36.48:921][  0]MapCheck: New page: Map Check
[2015.08.14-09.36.48:921][  0]LightingResults: New page: Lighting Build
[2015.08.14-09.36.48:948][  0]LogParticles: Destroying 0 GPU particle simulations for FXSystem 0x0000000E28CB94E0
[2015.08.14-09.36.49:586][  0]LogAIModule: Creating AISystem for world Untitled_1
[2015.08.14-09.36.49:594][  0]LogEditorServer: Finished looking for orphan Actors (0.000 secs)
[2015.08.14-09.36.49:604][  0]Cmd: MAP CHECKDEP NOCLEARLOG
[2015.08.14-09.36.49:651][  0]MapCheck: Info Map check complete: 0 Error(s), 0 Warning(s), took 47.227ms to complete.
[2015.08.14-09.36.49:651][  0]LogFileHelpers: Loading map 'Template_Default' took 0.749
[2015.08.14-09.36.49:905][  0]LogCollectionManager: Loaded 0 collections in 0.002860 seconds
[2015.08.14-09.36.49:921][  0]LogContentBrowser: Native class hierarchy populated in 0.0158 seconds. Added 1796 classes and 303 folders.
[2015.08.14-09.36.50:004][  0]LogContentBrowser: Native class hierarchy updated for 'WidgetCarousel' in 0.0019 seconds. Added 0 classes and 0 folders.
[2015.08.14-09.36.50:159][  0]LogContentBrowser: Native class hierarchy updated for 'AddContentDialog' in 0.0025 seconds. Added 0 classes and 0 folders.
[2015.08.14-09.36.50:189][  0]LogContentBrowser: Native class hierarchy updated for 'SceneOutliner' in 0.0026 seconds. Added 1 classes and 2 folders.
[2015.08.14-09.36.50:273][  0]LogCrashTracker: Crashtracker disabled due to settings.
[2015.08.14-09.36.50:278][  0]LogD3D11RHI: InitD3DDevice
[2015.08.14-09.36.50:283][  0]LogUObjectGlobals:Warning: Failed to find object 'Class None.'
[2015.08.14-09.36.50:307][  0]LogLoad: Full Startup: 11.17 seconds (BP compile: 0.19 seconds)
[2015.08.14-09.36.50:324][  0]LogWindowsTextInputMethodSystem:Display: IME system now deactivated.
[2015.08.14-09.36.50:448][  0]LogContentStreaming: Texture pool size is 0.000000MB
[2015.08.14-09.36.50:477][  0]LogContentStreaming: Texture pool size now 1000 MB
[2015.08.14-09.36.50:705][  0]LogRenderer: Reallocating scene render targets to support 1208x576 (Frame:2).
[2015.08.14-09.36.51:123][  6]LogAssetRegistry: Asset discovery search completed in 3.5079 seconds
[2015.08.14-09.36.52:194][ 70]LogD3D11RHI: InitD3DDevice
[2015.08.14-09.36.52:742][102]LogPlayLevel: PIE:  No blueprints needed recompiling
[2015.08.14-09.36.52:766][102]PIE: New page: PIE session: Untitled_1 (Aug 14, 2015, 3:36:52 PM)
[2015.08.14-09.36.52:766][102]LogPlayLevel: Creating play world package: /Temp/UEDPIE_0_Untitled_1
[2015.08.14-09.36.52:768][102]LogPlayLevel: PIE: StaticDuplicateObject took: (0.001913s)
[2015.08.14-09.36.52:770][102]LogAIModule: Creating AISystem for world Untitled_1
[2015.08.14-09.36.52:770][102]LogPlayLevel: PIE: World Init took: (0.001283s)
[2015.08.14-09.36.52:771][102]LogPlayLevel: PIE: Created PIE world by copying editor world from /Temp/Untitled_1.Untitled_1 to /Temp/UEDPIE_0_Untitled_1.Untitled_1 (0.004582s)
[2015.08.14-09.36.52:827][102]LogInit: XAudio2 using 'Динамики (Realtek High Definition Audio)' : 2 channels at 44.1 kHz using 32 bits per sample (channel mask 0x3)
[2015.08.14-09.36.52:862][102]LogInit: FAudioDevice initialized.
[2015.08.14-09.36.52:921][102]LogWorld: Game class is 'FPGameMode'
[2015.08.14-09.36.52:930][102]LogWorld: Bringing World /Temp/UEDPIE_0_Untitled_1.Untitled_1 up for play (max tick rate 60) at 2015.08.14-12.36.52
[2015.08.14-09.36.52:930][102]LogActor:Warning: GameSession /Temp/UEDPIE_0_Untitled_1.Untitled_1:PersistentLevel.GameSession_0 has natively added scene component(s), but none of them were set as the actor's RootComponent - picking one arbitrarily
[2015.08.14-09.36.52:931][102]LogActor:Warning: GameNetworkManager /Temp/UEDPIE_0_Untitled_1.Untitled_1:PersistentLevel.GameNetworkManager_0 has natively added scene component(s), but none of them were set as the actor's RootComponent - picking one arbitrarily
[2015.08.14-09.36.52:931][102]LogWorld: Bringing up level for play took: 0.002692
[2015.08.14-09.36.52:944][102]PIE: Info Play in editor start time for /Temp/UEDPIE_0_Untitled_1 -0.097
[2015.08.14-09.37.01:057][429]PIE:Warning: Warning Mobility of SpotLight_0 : LightComponent0 has to be 'Movable' if you'd like to Mobility of {0} : {1} has to be 'Movable' if you'd like to {2}. . 
[2015.08.14-09.37.01:057][429]PIE:Warning: Warning Mobility of SpotLight_0 : LightComponent0 has to be 'Movable' if you'd like to Mobility of {0} : {1} has to be 'Movable' if you'd like to {2}. . 
[2015.08.14-09.37.04:105][542]LogParticles: Destroying 0 GPU particle simulations for FXSystem 0x0000000E388167A0
[2015.08.14-09.37.05:527][623]LogPlayLevel: PIE:  No blueprints needed recompiling
[2015.08.14-09.37.05:528][623]PIE: New page: PIE session: Untitled_1 (Aug 14, 2015, 3:37:05 PM)
[2015.08.14-09.37.05:528][623]LogPlayLevel: Creating play world package: /Temp/UEDPIE_0_Untitled_1
[2015.08.14-09.37.05:530][623]LogPlayLevel: PIE: StaticDuplicateObject took: (0.001652s)
[2015.08.14-09.37.05:530][623]LogAIModule: Creating AISystem for world Untitled_1
[2015.08.14-09.37.05:531][623]LogPlayLevel: PIE: World Init took: (0.001344s)
[2015.08.14-09.37.05:531][623]LogPlayLevel: PIE: Created PIE world by copying editor world from /Temp/Untitled_1.Untitled_1 to /Temp/UEDPIE_0_Untitled_1.Untitled_1 (0.003188s)
[2015.08.14-09.37.05:559][623]LogInit: XAudio2 using 'Динамики (Realtek High Definition Audio)' : 2 channels at 44.1 kHz using 32 bits per sample (channel mask 0x3)
[2015.08.14-09.37.05:595][623]LogInit: FAudioDevice initialized.
[2015.08.14-09.37.05:631][623]LogWorld: Game class is 'FPGameMode'
[2015.08.14-09.37.05:634][623]LogWorld: Bringing World /Temp/UEDPIE_0_Untitled_1.Untitled_1 up for play (max tick rate 60) at 2015.08.14-12.37.05
[2015.08.14-09.37.05:634][623]LogActor:Warning: GameSession /Temp/UEDPIE_0_Untitled_1.Untitled_1:PersistentLevel.GameSession_1 has natively added scene component(s), but none of them were set as the actor's RootComponent - picking one arbitrarily
[2015.08.14-09.37.05:634][623]LogActor:Warning: GameNetworkManager /Temp/UEDPIE_0_Untitled_1.Untitled_1:PersistentLevel.GameNetworkManager_1 has natively added scene component(s), but none of them were set as the actor's RootComponent - picking one arbitrarily
[2015.08.14-09.37.05:634][623]LogWorld: Bringing up level for play took: 0.002254
[2015.08.14-09.37.05:637][623]PIE: Info Play in editor start time for /Temp/UEDPIE_0_Untitled_1 0.596
[2015.08.14-09.37.19:302][158]PIE:Warning: Warning Mobility of SpotLight_1 : LightComponent0 has to be 'Movable' if you'd like to Mobility of {0} : {1} has to be 'Movable' if you'd like to {2}. . 
[2015.08.14-09.37.19:302][158]PIE:Warning: Warning Mobility of SpotLight_1 : LightComponent0 has to be 'Movable' if you'd like to Mobility of {0} : {1} has to be 'Movable' if you'd like to {2}. . 
[2015.08.14-09.37.20:593][203]LogParticles: Destroying 0 GPU particle simulations for FXSystem 0x0000000E2029F7E0
[2015.08.14-09.37.22:090][291]LogEditorViewport: Clicking on Actor (context menu): StaticMeshActor (Floor)
[2015.08.14-09.37.22:182][291]LogD3D11RHI: InitD3DDevice
[2015.08.14-09.37.23:122][339]LogEditorViewport: Clicking on Actor (LMB): StaticMeshActor (Floor)
[2015.08.14-09.37.26:693][477]LogPlayLevel: PIE:  No blueprints needed recompiling
[2015.08.14-09.37.26:693][477]PIE: New page: PIE session: Untitled_1 (Aug 14, 2015, 3:37:26 PM)
[2015.08.14-09.37.26:694][477]LogPlayLevel: Creating play world package: /Temp/UEDPIE_0_Untitled_1
[2015.08.14-09.37.26:696][477]LogPlayLevel: PIE: StaticDuplicateObject took: (0.002573s)
[2015.08.14-09.37.26:697][477]LogAIModule: Creating AISystem for world Untitled_1
[2015.08.14-09.37.26:699][477]LogPlayLevel: PIE: World Init took: (0.002003s)
[2015.08.14-09.37.26:699][477]LogPlayLevel: PIE: Created PIE world by copying editor world from /Temp/Untitled_1.Untitled_1 to /Temp/UEDPIE_0_Untitled_1.Untitled_1 (0.004868s)
[2015.08.14-09.37.26:732][477]LogInit: XAudio2 using 'Динамики (Realtek High Definition Audio)' : 2 channels at 44.1 kHz using 32 bits per sample (channel mask 0x3)
[2015.08.14-09.37.26:775][477]LogInit: FAudioDevice initialized.
[2015.08.14-09.37.26:816][477]LogWorld: Game class is 'FPGameMode'
[2015.08.14-09.37.26:819][477]LogWorld: Bringing World /Temp/UEDPIE_0_Untitled_1.Untitled_1 up for play (max tick rate 60) at 2015.08.14-12.37.26
[2015.08.14-09.37.26:820][477]LogActor:Warning: GameSession /Temp/UEDPIE_0_Untitled_1.Untitled_1:PersistentLevel.GameSession_2 has natively added scene component(s), but none of them were set as the actor's RootComponent - picking one arbitrarily
[2015.08.14-09.37.26:820][477]LogActor:Warning: GameNetworkManager /Temp/UEDPIE_0_Untitled_1.Untitled_1:PersistentLevel.GameNetworkManager_2 has natively added scene component(s), but none of them were set as the actor's RootComponent - picking one arbitrarily
[2015.08.14-09.37.26:820][477]LogWorld: Bringing up level for play took: 0.002829
[2015.08.14-09.37.26:823][477]PIE: Info Play in editor start time for /Temp/UEDPIE_0_Untitled_1 -0.218
[2015.08.14-09.37.32:847][713]LogParticles: Destroying 0 GPU particle simulations for FXSystem 0x0000000E381A00E0
[2015.08.14-09.45.33:467][275]LogWindowsTextInputMethodSystem:Display: IME system now deactivated.
[2015.08.14-09.45.33:467][275]LogWindowsTextInputMethodSystem:Display: IME system now deactivated.
[2015.08.14-09.45.35:943][416]LogD3D11RHI: InitD3DDevice
[2015.08.14-09.45.36:412][416]LogTexture:Display: Building textures: HQ_Lightmap2_1 (AutoDXT)
[2015.08.14-09.45.36:495][416]LogTexture:Display: Building textures: HQ_Lightmap2_2 (AutoDXT)
[2015.08.14-09.45.36:496][416]LogTexture:Display: Building textures: LQ_Lightmap_0_2 (DXT1)
[2015.08.14-09.45.36:500][416]LogTexture:Display: Building textures: LQ_Lightmap_1_1 (DXT1)
[2015.08.14-09.45.36:545][416]LogAIModule: Creating AISystem for world Untitled
[2015.08.14-09.45.36:586][416]Cmd: MAP LOAD FILE="D:/projects/unreal/FoD 4.8/Content/Maps/Untitled.umap" TEMPLATE=0 SHOWPROGRESS=1 FEATURELEVEL=3
[2015.08.14-09.45.36:586][416]LightingResults: New page: Lighting Build
[2015.08.14-09.45.36:605][416]LoadErrors: New page: Loading map: Untitled.umap
[2015.08.14-09.45.36:605][416]MapCheck: New page: Map Check
[2015.08.14-09.45.36:605][416]LightingResults: New page: Lighting Build
[2015.08.14-09.45.36:624][416]LogParticles: Destroying 0 GPU particle simulations for FXSystem 0x0000000E20123B00
[2015.08.14-09.45.36:693][416]LogAIModule: Creating AISystem for world Untitled
[2015.08.14-09.45.36:699][416]LogEditorServer: Finished looking for orphan Actors (0.000 secs)
[2015.08.14-09.45.36:732][416]Cmd: MAP CHECKDEP NOCLEARLOG
[2015.08.14-09.45.36:773][416]MapCheck: Info Map check complete: 0 Error(s), 0 Warning(s), took 40.466ms to complete.
[2015.08.14-09.45.36:774][416]LogFileHelpers: Loading map 'Untitled' took 0.190
[2015.08.14-09.45.43:040][766]LogPlayLevel: PIE:  No blueprints needed recompiling
[2015.08.14-09.45.43:040][766]PIE: New page: PIE session: Untitled (Aug 14, 2015, 3:45:43 PM)
[2015.08.14-09.45.43:041][766]LogPlayLevel: Creating play world package: /Game/Maps/UEDPIE_0_Untitled
[2015.08.14-09.45.43:044][766]LogPlayLevel: PIE: StaticDuplicateObject took: (0.002733s)
[2015.08.14-09.45.43:044][766]LogAIModule: Creating AISystem for world Untitled
[2015.08.14-09.45.43:045][766]LogPlayLevel: PIE: World Init took: (0.001498s)
[2015.08.14-09.45.43:045][766]LogPlayLevel: PIE: Created PIE world by copying editor world from /Game/Maps/Untitled.Untitled to /Game/Maps/UEDPIE_0_Untitled.Untitled (0.004457s)
[2015.08.14-09.45.43:072][766]LogInit: XAudio2 using 'Динамики (Realtek High Definition Audio)' : 2 channels at 44.1 kHz using 32 bits per sample (channel mask 0x3)
[2015.08.14-09.45.43:109][766]LogInit: FAudioDevice initialized.
[2015.08.14-09.45.43:144][766]LogWorld: Game class is 'FPGameMode'
[2015.08.14-09.45.43:148][766]LogWorld: Bringing World /Game/Maps/UEDPIE_0_Untitled.Untitled up for play (max tick rate 60) at 2015.08.14-12.45.43
[2015.08.14-09.45.43:149][766]LogActor:Warning: GameSession /Game/Maps/UEDPIE_0_Untitled.Untitled:PersistentLevel.GameSession_3 has natively added scene component(s), but none of them were set as the actor's RootComponent - picking one arbitrarily
[2015.08.14-09.45.43:149][766]LogActor:Warning: GameNetworkManager /Game/Maps/UEDPIE_0_Untitled.Untitled:PersistentLevel.GameNetworkManager_3 has natively added scene component(s), but none of them were set as the actor's RootComponent - picking one arbitrarily
[2015.08.14-09.45.43:149][766]LogWorld: Bringing up level for play took: 0.003763
[2015.08.14-09.45.43:152][766]PIE: Info Play in editor start time for /Game/Maps/UEDPIE_0_Untitled 0.112
[2015.08.14-09.45.46:866][922]LogParticles: Destroying 0 GPU particle simulations for FXSystem 0x0000000E216E7CE0
[2015.08.14-09.46.05:725][723]LogD3D11RHI: InitD3DDevice
[2015.08.14-09.46.15:526][185]MapCheck: New page: Map Check
[2015.08.14-09.46.15:532][185]LogD3D11RHI: InitD3DDevice
[2015.08.14-09.46.15:538][185]Cmd: MAP REBUILD ALLVISIBLE
[2015.08.14-09.46.15:539][185]LogEditorServer: Rebuildmap Clear paths rebuilt
[2015.08.14-09.46.15:577][185]LightingResults: New page: Lighting Build - Aug 14, 2015, 3:46:15 PM
[2015.08.14-09.46.19:005][185]LogStaticLightingSystem:Warning: No importance volume found, so the scene bounding box was used.  You can optimize your scene's quality and lighting build times by adding importance volumes.
[2015.08.14-09.46.19:005][185]LogStaticLightingSystem: Running Lightmass w/ ImmediateImport mode ENABLED
[2015.08.14-09.46.19:005][185]LogStaticLightingSystem: Running Lightmass w/ ImmediateProcess mode ENABLED
[2015.08.14-09.46.19:005][185]LogStaticLightingSystem: Running Lightmass w/ Sorting mode ENABLED
[2015.08.14-09.46.19:005][185]LogStaticLightingSystem: Running Lightmass w/ Mapping paddings ENABLED
[2015.08.14-09.46.19:005][185]LogStaticLightingSystem: Running Lightmass w/ Mapping debug paddings DISABLED
[2015.08.14-09.46.19:161][185]LogD3D11RHI: InitD3DDevice
[2015.08.14-09.46.19:184][185]LogEditorBuildUtils: Build time 0:00:03
[2015.08.14-09.46.19:187][185]LogD3D11RHI: InitD3DDevice
[2015.08.14-09.46.21:171][246]Job is a success!
[2015.08.14-09.46.21:200][247]LogD3D11RHI: InitD3DDevice
[2015.08.14-09.46.21:203][247]LogD3D11RHI: InitD3DDevice
[2015.08.14-09.46.21:312][247]LogTexture:Display: Building textures: HQ_Lightmap0_1 (AutoDXT)
[2015.08.14-09.46.21:431][247]LogTexture:Display: Building textures: LQ_Lightmap_1_2 (DXT1)
[2015.08.14-09.46.21:433][247]LogTexture:Display: Building textures: HQ_Lightmap0_2 (AutoDXT)
[2015.08.14-09.46.21:438][247]LogTexture:Display: Building textures: LQ_Lightmap_0_1 (DXT1)
[2015.08.14-09.46.21:527][247]LogTexture:Display: Building textures: ShadowMapTexture2D_0 (BGRA8)
[2015.08.14-09.46.21:534][247]LogTexture:Display: Building textures: ShadowMapTexture2D_1 (BGRA8)
[2015.08.14-09.46.21:585][247]Lightmass on PC: 1.57 sec total, 209 ms importing, 1 ms setup, 179 ms photons, 1.14 sec processing, 0 ms extra exporting [13/13 mappings]. Threads: 4.55 sec total, 1.87 sec processing.
[2015.08.14-09.46.21:632][247]LogStaticLightingSystem: Illumination: 6.03 sec (249 ms encoding lightmaps)
[2015.08.14-09.46.21:634][247]LogStaticLightingSystem: Lightmap texture memory:  0.3 MB (0.3 MB streaming, 0.0 MB non-streaming), 4 textures
[2015.08.14-09.46.21:634][247]LogStaticLightingSystem: Shadowmap texture memory: 0.7 MB (0.7 MB streaming, 0.0 MB non-streaming), 2 textures
[2015.08.14-09.46.22:019][248]Cmd: MAP CHECK NOTIFYRESULTS
[2015.08.14-09.46.22:019][248]MapCheck: New page: Untitled - Aug 14, 2015, 3:46:22 PM
[2015.08.14-09.46.22:069][248]MapCheck: Info Map check complete: 0 Error(s), 0 Warning(s), took 49.269ms to complete.
[2015.08.14-09.46.47:770][619]LogEditorViewport: Clicking on Actor (LMB): StaticMeshActor (Cube11)
[2015.08.14-09.46.48:461][655]Cmd: DELETE
[2015.08.14-09.46.48:461][655]Cmd: ACTOR DELETE
[2015.08.14-09.46.48:463][655]LogEditorActor: Deleted Actor: StaticMeshActor
[2015.08.14-09.46.48:488][655]LogEditorActor: Deleted 1 Actors (0.025 secs)
[2015.08.14-09.46.49:706][728]LogEditorViewport: Clicking on Actor (LMB): DirectionalLight (DirectionalLight)
[2015.08.14-09.46.52:540][856]Cmd: TRANSACTION UNDO
[2015.08.14-09.46.52:540][856]LogEditorTransaction: Undo Move Actors
[2015.08.14-09.46.52:542][856]LogD3D11RHI: InitD3DDevice
[2015.08.14-09.46.53:242][895]Cmd: TRANSACTION UNDO
[2015.08.14-09.46.53:242][895]LogEditorTransaction: Undo Clicking on Actors
[2015.08.14-09.46.53:644][917]Cmd: TRANSACTION UNDO
[2015.08.14-09.46.53:644][917]LogEditorTransaction: Undo Delete Actors
[2015.08.14-09.47.06:960][438]LogEditorViewport: Clicking on Actor (LMB): DirectionalLight (DirectionalLight)
[2015.08.14-09.47.07:386][447]LogEditorViewport: Clicking on Actor (LMB): DirectionalLight (DirectionalLight)
[2015.08.14-09.47.09:412][546]LogEditorViewport: Clicking on Actor (LMB): DirectionalLight (DirectionalLight)
[2015.08.14-09.47.09:714][562]Cmd: DELETE
[2015.08.14-09.47.09:714][562]Cmd: ACTOR DELETE
[2015.08.14-09.47.09:714][562]LogEditorActor: Deleted Actor: DirectionalLight
[2015.08.14-09.47.09:739][562]LogEditorActor: Deleted 1 Actors (0.025 secs)
[2015.08.14-09.47.12:109][704]LogD3D11RHI: InitD3DDevice
[2015.08.14-09.47.15:094][806]LogEditorViewport: Clicking on Actor (LMB): PointLight (PointLight2)
[2015.08.14-09.47.15:500][828]Cmd: DELETE
[2015.08.14-09.47.15:500][828]Cmd: ACTOR DELETE
[2015.08.14-09.47.15:500][828]LogEditorActor: Deleted Actor: PointLight
[2015.08.14-09.47.15:525][828]LogEditorActor: Deleted 1 Actors (0.025 secs)
[2015.08.14-09.47.17:060][920]LogD3D11RHI: InitD3DDevice
[2015.08.14-09.47.18:874][996]LogEditorViewport: Clicking on Actor (LMB): SpotLight (SpotLight2)
[2015.08.14-09.47.19:018][  3]Cmd: DELETE
[2015.08.14-09.47.19:018][  3]Cmd: ACTOR DELETE
[2015.08.14-09.47.19:019][  3]LogEditorActor: Deleted Actor: SpotLight
[2015.08.14-09.47.19:043][  3]LogEditorActor: Deleted 1 Actors (0.025 secs)
[2015.08.14-09.47.20:925][116]LogD3D11RHI: InitD3DDevice
[2015.08.14-09.47.26:018][322]MapCheck: New page: Map Check
[2015.08.14-09.47.26:024][322]LogD3D11RHI: InitD3DDevice
[2015.08.14-09.47.26:030][322]Cmd: MAP REBUILD ALLVISIBLE
[2015.08.14-09.47.26:030][322]LogEditorServer: Rebuildmap Clear paths rebuilt
[2015.08.14-09.47.26:062][322]LightingResults: New page: Lighting Build - Aug 14, 2015, 3:47:26 PM
[2015.08.14-09.47.30:598][322]LogStaticLightingSystem:Warning: No importance volume found, so the scene bounding box was used.  You can optimize your scene's quality and lighting build times by adding importance volumes.
[2015.08.14-09.47.30:598][322]LogStaticLightingSystem: Running Lightmass w/ ImmediateImport mode ENABLED
[2015.08.14-09.47.30:598][322]LogStaticLightingSystem: Running Lightmass w/ ImmediateProcess mode ENABLED
[2015.08.14-09.47.30:598][322]LogStaticLightingSystem: Running Lightmass w/ Sorting mode ENABLED
[2015.08.14-09.47.30:598][322]LogStaticLightingSystem: Running Lightmass w/ Mapping paddings ENABLED
[2015.08.14-09.47.30:598][322]LogStaticLightingSystem: Running Lightmass w/ Mapping debug paddings DISABLED
[2015.08.14-09.47.30:670][322]LogD3D11RHI: InitD3DDevice
[2015.08.14-09.47.30:693][322]LogEditorBuildUtils: Build time 0:00:04
[2015.08.14-09.47.30:696][322]LogD3D11RHI: InitD3DDevice
[2015.08.14-09.47.31:543][350]LogPlayLevel: PIE:  No blueprints needed recompiling
[2015.08.14-09.47.31:543][350]PIE: New page: PIE session: Untitled (Aug 14, 2015, 3:47:31 PM)
[2015.08.14-09.47.31:544][350]LogPlayLevel: Creating play world package: /Game/Maps/UEDPIE_0_Untitled
[2015.08.14-09.47.31:547][350]LogPlayLevel: PIE: StaticDuplicateObject took: (0.002992s)
[2015.08.14-09.47.31:548][350]LogAIModule: Creating AISystem for world Untitled
[2015.08.14-09.47.31:549][350]LogPlayLevel: PIE: World Init took: (0.001956s)
[2015.08.14-09.47.31:549][350]LogPlayLevel: PIE: Created PIE world by copying editor world from /Game/Maps/Untitled.Untitled to /Game/Maps/UEDPIE_0_Untitled.Untitled (0.005202s)
[2015.08.14-09.47.31:587][350]LogInit: XAudio2 using 'Динамики (Realtek High Definition Audio)' : 2 channels at 44.1 kHz using 32 bits per sample (channel mask 0x3)
[2015.08.14-09.47.31:645][350]LogInit: FAudioDevice initialized.
[2015.08.14-09.47.31:686][350]LogWorld: Game class is 'FPGameMode'
[2015.08.14-09.47.31:692][350]LogWorld: Bringing World /Game/Maps/UEDPIE_0_Untitled.Untitled up for play (max tick rate 60) at 2015.08.14-12.47.31
[2015.08.14-09.47.31:693][350]LogActor:Warning: GameSession /Game/Maps/UEDPIE_0_Untitled.Untitled:PersistentLevel.GameSession_4 has natively added scene component(s), but none of them were set as the actor's RootComponent - picking one arbitrarily
[2015.08.14-09.47.31:693][350]LogActor:Warning: GameNetworkManager /Game/Maps/UEDPIE_0_Untitled.Untitled:PersistentLevel.GameNetworkManager_4 has natively added scene component(s), but none of them were set as the actor's RootComponent - picking one arbitrarily
[2015.08.14-09.47.31:693][350]LogWorld: Bringing up level for play took: 0.005567
[2015.08.14-09.47.31:697][350]PIE: Info Play in editor start time for /Game/Maps/UEDPIE_0_Untitled 0.656
[2015.08.14-09.47.32:102][363]Job is a success!
[2015.08.14-09.47.32:166][364]LogD3D11RHI: InitD3DDevice
[2015.08.14-09.47.34:574][451]LogParticles: Destroying 0 GPU particle simulations for FXSystem 0x0000000E217DC400
[2015.08.14-09.47.37:321][612]LogD3D11RHI: InitD3DDevice
[2015.08.14-09.47.37:387][612]LogTexture:Display: Building textures: SkyOcclusion0_1 (AutoDXT)
[2015.08.14-09.47.37:438][612]LogTexture:Display: Building textures: LQ_Lightmap_0_2 (DXT1)
[2015.08.14-09.47.37:446][612]LogTexture:Display: Building textures: HQ_Lightmap1_2 (AutoDXT)
[2015.08.14-09.47.37:451][612]LogTexture:Display: Building textures: SkyOcclusion0_2 (AutoDXT)
[2015.08.14-09.47.37:456][612]LogTexture:Display: Building textures: LQ_Lightmap_1_1 (DXT1)
[2015.08.14-09.47.37:492][612]LogTexture:Display: Building textures: HQ_Lightmap1_1 (AutoDXT)
[2015.08.14-09.47.37:630][612]LogTexture:Display: Building textures: ShadowMapTexture2D_2 (BGRA8)
[2015.08.14-09.47.37:638][612]LogTexture:Display: Building textures: ShadowMapTexture2D_3 (BGRA8)
[2015.08.14-09.47.37:670][612]Lightmass on PC: 6.44 sec total, 172 ms importing, 1 ms setup, 147 ms photons, 6.10 sec processing, 0 ms extra exporting [13/13 mappings]. Threads: 24.3 sec total, 1.21 sec processing.
[2015.08.14-09.47.37:680][612]LogStaticLightingSystem: Illumination: 6.41 sec (278 ms encoding lightmaps)
[2015.08.14-09.47.37:680][612]LogStaticLightingSystem: Lightmap texture memory:  0.3 MB (0.3 MB streaming, 0.0 MB non-streaming), 4 textures
[2015.08.14-09.47.37:680][612]LogStaticLightingSystem: Shadowmap texture memory: 1.4 MB (1.4 MB streaming, 0.0 MB non-streaming), 4 textures
[2015.08.14-09.47.38:611][613]Cmd: MAP CHECK NOTIFYRESULTS
[2015.08.14-09.47.38:612][613]MapCheck: New page: Untitled - Aug 14, 2015, 3:47:38 PM
[2015.08.14-09.47.38:702][613]MapCheck: Info Map check complete: 0 Error(s), 0 Warning(s), took 91.084ms to complete.
[2015.08.14-09.47.38:715][613]LogPlayLevel: PIE:  No blueprints needed recompiling
[2015.08.14-09.47.38:715][613]PIE: New page: PIE session: Untitled (Aug 14, 2015, 3:47:38 PM)
[2015.08.14-09.47.38:715][613]LogPlayLevel: Creating play world package: /Game/Maps/UEDPIE_0_Untitled
[2015.08.14-09.47.38:718][613]LogPlayLevel: PIE: StaticDuplicateObject took: (0.002617s)
[2015.08.14-09.47.38:719][613]LogAIModule: Creating AISystem for world Untitled
[2015.08.14-09.47.38:720][613]LogPlayLevel: PIE: World Init took: (0.001772s)
[2015.08.14-09.47.38:720][613]LogPlayLevel: PIE: Created PIE world by copying editor world from /Game/Maps/Untitled.Untitled to /Game/Maps/UEDPIE_0_Untitled.Untitled (0.004579s)
[2015.08.14-09.47.38:747][613]LogInit: XAudio2 using 'Динамики (Realtek High Definition Audio)' : 2 channels at 44.1 kHz using 32 bits per sample (channel mask 0x3)
[2015.08.14-09.47.38:783][613]LogInit: FAudioDevice initialized.
[2015.08.14-09.47.38:819][613]LogWorld: Game class is 'FPGameMode'
[2015.08.14-09.47.38:824][613]LogWorld: Bringing World /Game/Maps/UEDPIE_0_Untitled.Untitled up for play (max tick rate 60) at 2015.08.14-12.47.38
[2015.08.14-09.47.38:824][613]LogActor:Warning: GameSession /Game/Maps/UEDPIE_0_Untitled.Untitled:PersistentLevel.GameSession_5 has natively added scene component(s), but none of them were set as the actor's RootComponent - picking one arbitrarily
[2015.08.14-09.47.38:825][613]LogActor:Warning: GameNetworkManager /Game/Maps/UEDPIE_0_Untitled.Untitled:PersistentLevel.GameNetworkManager_5 has natively added scene component(s), but none of them were set as the actor's RootComponent - picking one arbitrarily
[2015.08.14-09.47.38:825][613]LogWorld: Bringing up level for play took: 0.004094
[2015.08.14-09.47.38:827][613]PIE: Info Play in editor start time for /Game/Maps/UEDPIE_0_Untitled -0.213
[2015.08.14-09.47.42:692][765]PIE:Warning: Warning Mobility of SpotLight_5 : LightComponent0 has to be 'Movable' if you'd like to Mobility of {0} : {1} has to be 'Movable' if you'd like to {2}. . 
[2015.08.14-09.47.42:692][765]PIE:Warning: Warning Mobility of SpotLight_5 : LightComponent0 has to be 'Movable' if you'd like to Mobility of {0} : {1} has to be 'Movable' if you'd like to {2}. . 
[2015.08.14-09.47.48:546][982]LogParticles: Destroying 0 GPU particle simulations for FXSystem 0x0000000E217F72E0
[2015.08.14-09.47.54:208][170]LogPlayLevel: PIE:  No blueprints needed recompiling
[2015.08.14-09.47.54:208][170]PIE: New page: PIE session: Untitled (Aug 14, 2015, 3:47:54 PM)
[2015.08.14-09.47.54:208][170]LogPlayLevel: Creating play world package: /Game/Maps/UEDPIE_0_Untitled
[2015.08.14-09.47.54:212][170]LogPlayLevel: PIE: StaticDuplicateObject took: (0.003108s)
[2015.08.14-09.47.54:212][170]LogAIModule: Creating AISystem for world Untitled
[2015.08.14-09.47.54:213][170]LogPlayLevel: PIE: World Init took: (0.001810s)
[2015.08.14-09.47.54:214][170]LogPlayLevel: PIE: Created PIE world by copying editor world from /Game/Maps/Untitled.Untitled to /Game/Maps/UEDPIE_0_Untitled.Untitled (0.005237s)
[2015.08.14-09.47.54:247][170]LogInit: XAudio2 using 'Динамики (Realtek High Definition Audio)' : 2 channels at 44.1 kHz using 32 bits per sample (channel mask 0x3)
[2015.08.14-09.47.54:289][170]LogInit: FAudioDevice initialized.
[2015.08.14-09.47.54:326][170]LogWorld: Game class is 'FPGameMode'
[2015.08.14-09.47.54:331][170]LogWorld: Bringing World /Game/Maps/UEDPIE_0_Untitled.Untitled up for play (max tick rate 60) at 2015.08.14-12.47.54
[2015.08.14-09.47.54:331][170]LogActor:Warning: GameSession /Game/Maps/UEDPIE_0_Untitled.Untitled:PersistentLevel.GameSession_6 has natively added scene component(s), but none of them were set as the actor's RootComponent - picking one arbitrarily
[2015.08.14-09.47.54:332][170]LogActor:Warning: GameNetworkManager /Game/Maps/UEDPIE_0_Untitled.Untitled:PersistentLevel.GameNetworkManager_6 has natively added scene component(s), but none of them were set as the actor's RootComponent - picking one arbitrarily
[2015.08.14-09.47.54:332][170]LogWorld: Bringing up level for play took: 0.004330
[2015.08.14-09.47.54:334][170]PIE: Info Play in editor start time for /Game/Maps/UEDPIE_0_Untitled -0.706
[2015.08.14-09.47.56:667][260]LogParticles: Destroying 0 GPU particle simulations for FXSystem 0x0000000E217DC2C0
[2015.08.14-09.48.12:339][ 43]LogD3D11RHI: InitD3DDevice
[2015.08.14-09.48.13:614][112]LogD3D11RHI: InitD3DDevice
[2015.08.14-09.48.27:410][939]LogD3D11RHI: InitD3DDevice
[2015.08.14-09.48.28:448][983]LogD3D11RHI: InitD3DDevice
[2015.08.14-09.48.34:279][332]LogD3D11RHI: InitD3DDevice
[2015.08.14-09.48.34:972][373]LogD3D11RHI: InitD3DDevice
[2015.08.14-09.48.36:680][475]LogD3D11RHI: InitD3DDevice
[2015.08.14-09.55.48:543][608]LogD3D11RHI: InitD3DDevice
[2015.08.14-09.55.57:544][635]LogD3D11RHI: InitD3DDevice
[2015.08.14-09.55.57:764][635]Cmd: OBJ SAVEPACKAGE PACKAGE="/Game/Maps/Untitled" FILE="D:/projects/unreal/FoD 4.8/Saved/Autosaves/Game/Maps/Untitled_Auto1.umap" SILENT=true AUTOSAVING=true KEEPDIRTY=false
[2015.08.14-09.55.57:855][635]LogSavePackage: Save=83.161263ms
[2015.08.14-09.55.57:855][635]LogSavePackage: Moving 'D:/projects/unreal/FoD 4.8/Saved/Untitled_Auto157B2CC0F4A772883E838EFAC1567C08F.tmp' to 'D:/projects/unreal/FoD 4.8/Saved/Autosaves/Game/Maps/Untitled_Auto1.umap'
[2015.08.14-09.55.57:857][635]LogFileHelpers: Editor autosave (incl. sublevels) for '/Game/Maps/Untitled' took 0.157
[2015.08.14-09.55.57:857][635]LogFileHelpers: Editor autosave (incl. sublevels) for all levels took 0.157
[2015.08.14-10.07.13:226][662]LogWindowsTextInputMethodSystem:Display: IME system now deactivated.
[2015.08.14-10.07.13:227][662]LogWindowsTextInputMethodSystem:Display: IME system now deactivated.
[2015.08.14-10.07.17:878][906]LogD3D11RHI: InitD3DDevice
[2015.08.14-10.07.17:897][906]LogFactory: FactoryCreateBinary: Texture with TextureFactory (0 0 C:\Users\Ilya\Desktop\crosshair2.png)
[2015.08.14-10.07.17:907][906]LogTexture:Display: Building textures: crosshair2 (AutoDXT)
[2015.08.14-10.07.32:139][338]LogD3D11RHI: InitD3DDevice
[2015.08.14-10.07.32:702][371]LogMaterial: Missing cached shader map for material crosshair2_Mat, compiling. 
[2015.08.14-10.07.32:747][371]LogD3D11RHI: InitD3DDevice
[2015.08.14-10.07.32:754][371]LogMaterial:Warning: Material /Game/texture/crosshair/crosshair2_Mat.crosshair2_Mat needed to have new flag set bUsedWithStaticLighting !
[2015.08.14-10.07.33:094][371]LogMaterial: Missing cached shader map for material crosshair2_Mat, compiling. 
[2015.08.14-10.07.33:126][371]LogMaterial: 0.000051 seconds spent updating 1 materials, 1 interfaces, 0 instances, 0 with static permutations.
[2015.08.14-10.07.37:527][594]Cmd: TRANSACTION UNDO
[2015.08.14-10.07.37:527][594]LogEditorTransaction: Undo Create Actors
[2015.08.14-10.07.37:531][594]LogD3D11RHI: InitD3DDevice
[2015.08.14-10.07.41:717][815]LogD3D11RHI: InitD3DDevice
[2015.08.14-10.07.43:102][884]LogD3D11RHI: InitD3DDevice
[2015.08.14-10.07.45:675][ 32]Cmd: TRANSACTION UNDO
[2015.08.14-10.07.45:675][ 32]LogEditorTransaction: Undo Create Actors
[2015.08.14-10.07.45:677][ 32]LogD3D11RHI: InitD3DDevice
[2015.08.14-10.07.47:734][137]LogD3D11RHI: InitD3DDevice
[2015.08.14-10.07.48:691][137]LogD3D11RHI: InitD3DDevice
[2015.08.14-10.07.48:725][137]LogD3D11RHI: InitD3DDevice
[2015.08.14-10.07.51:248][284]LogD3D11RHI: InitD3DDevice
[2015.08.14-10.07.52:278][284]LogD3D11RHI: InitD3DDevice
[2015.08.14-10.07.52:303][284]LogD3D11RHI: InitD3DDevice
[2015.08.14-10.07.53:812][371]LogD3D11RHI: InitD3DDevice
[2015.08.14-10.07.53:943][378]LogD3D11RHI: InitD3DDevice
[2015.08.14-10.07.56:562][534]LogD3D11RHI: InitD3DDevice
[2015.08.14-10.08.14:762][865]LogD3D11RHI: InitD3DDevice
[2015.08.14-10.08.14:769][865]Cmd: MAP IMPORTADD FILE="../../../../../../Users/Ilya/Desktop/crosshair2.png"
[2015.08.14-10.08.14:785][865]MapCheck: New page: Map Check
[2015.08.14-10.08.14:785][865]LightingResults: New page: Lighting Build
[2015.08.14-10.08.29:406][408]LogD3D11RHI: InitD3DDevice
[2015.08.14-10.08.29:425][408]LogFactory: FactoryCreateBinary: Texture with TextureFactory (0 0 C:\Users\Ilya\Desktop\png\crosshair2.png)
[2015.08.14-10.08.29:431][408]LogTexture:Display: Building textures: crosshair2 (AutoDXT)
[2015.08.14-10.08.33:162][630]LogD3D11RHI: InitD3DDevice
[2015.08.14-10.08.33:702][662]LogMaterial: Missing cached shader map for material crosshair2_Mat, compiling. 
[2015.08.14-10.08.33:711][662]LogD3D11RHI: InitD3DDevice
[2015.08.14-10.08.33:716][662]LogMaterial:Warning: Material /Game/texture/crosshair/crosshair2_Mat.crosshair2_Mat needed to have new flag set bUsedWithStaticLighting !
[2015.08.14-10.08.33:722][662]LogMaterial: Missing cached shader map for material crosshair2_Mat, compiling. 
[2015.08.14-10.08.33:733][662]LogMaterial: 0.000044 seconds spent updating 1 materials, 1 interfaces, 0 instances, 0 with static permutations.
[2015.08.14-10.08.36:042][797]Cmd: TRANSACTION UNDO
[2015.08.14-10.08.36:042][797]LogEditorTransaction: Undo Create Actors
[2015.08.14-10.08.36:045][797]LogD3D11RHI: InitD3DDevice
[2015.08.14-10.08.49:807][500]LogD3D11RHI: InitD3DDevice
[2015.08.14-10.09.23:369][500]LogD3D11RHI: InitD3DDevice
[2015.08.14-10.09.23:404][500]LogD3D11RHI: InitD3DDevice
[2015.08.14-10.09.26:686][694]LogD3D11RHI: InitD3DDevice
[2015.08.14-10.09.28:823][822]LogD3D11RHI: InitD3DDevice
[2015.08.14-10.09.37:826][362]LogD3D11RHI: InitD3DDevice
[2015.08.14-10.09.37:867][364]LogActorFactory: Actor Factory created Cube
[2015.08.14-10.09.38:445][389]LogActorFactory: Actor Factory created Cube
[2015.08.14-10.09.44:139][537]MapCheck: New page: Map Check
[2015.08.14-10.09.44:174][537]LogD3D11RHI: InitD3DDevice
[2015.08.14-10.09.44:183][537]Cmd: MAP REBUILD ALLVISIBLE
[2015.08.14-10.09.44:183][537]LogEditorServer: Rebuildmap Clear paths rebuilt
[2015.08.14-10.09.44:230][537]LightingResults: New page: Lighting Build - Aug 14, 2015, 4:09:44 PM
[2015.08.14-10.09.49:111][537]LogStaticLightingSystem:Warning: No importance volume found, so the scene bounding box was used.  You can optimize your scene's quality and lighting build times by adding importance volumes.
[2015.08.14-10.09.49:111][537]LogStaticLightingSystem: Running Lightmass w/ ImmediateImport mode ENABLED
[2015.08.14-10.09.49:111][537]LogStaticLightingSystem: Running Lightmass w/ ImmediateProcess mode ENABLED
[2015.08.14-10.09.49:111][537]LogStaticLightingSystem: Running Lightmass w/ Sorting mode ENABLED
[2015.08.14-10.09.49:111][537]LogStaticLightingSystem: Running Lightmass w/ Mapping paddings ENABLED
[2015.08.14-10.09.49:111][537]LogStaticLightingSystem: Running Lightmass w/ Mapping debug paddings DISABLED
[2015.08.14-10.09.49:263][537]LogD3D11RHI: InitD3DDevice
[2015.08.14-10.09.49:287][537]LogEditorBuildUtils: Build time 0:00:05
[2015.08.14-10.09.49:290][537]LogD3D11RHI: InitD3DDevice
[2015.08.14-10.09.51:725][576]Job is a success!
[2015.08.14-10.09.51:808][577]LogD3D11RHI: InitD3DDevice
[2015.08.14-10.09.51:811][577]LogD3D11RHI: InitD3DDevice
[2015.08.14-10.09.51:906][577]LogTexture:Display: Building textures: SkyOcclusion1_1 (AutoDXT)
[2015.08.14-10.09.51:964][577]LogTexture:Display: Building textures: LQ_Lightmap_1_2 (DXT1)
[2015.08.14-10.09.51:970][577]LogTexture:Display: Building textures: HQ_Lightmap0_2 (AutoDXT)
[2015.08.14-10.09.51:975][577]LogTexture:Display: Building textures: SkyOcclusion1_2 (AutoDXT)
[2015.08.14-10.09.51:980][577]LogTexture:Display: Building textures: LQ_Lightmap_0_1 (DXT1)
[2015.08.14-10.09.52:018][577]LogTexture:Display: Building textures: HQ_Lightmap0_1 (AutoDXT)
[2015.08.14-10.09.52:157][577]LogTexture:Display: Building textures: ShadowMapTexture2D_4 (BGRA8)
[2015.08.14-10.09.52:164][577]LogTexture:Display: Building textures: ShadowMapTexture2D_5 (BGRA8)
[2015.08.14-10.09.52:203][577]Lightmass on PC: 1.46 sec total, 213 ms importing, 1 ms setup, 147 ms photons, 1.07 sec processing, 0 ms extra exporting [14/14 mappings]. Threads: 4.27 sec total, 1.26 sec processing.
[2015.08.14-10.09.52:269][577]LogStaticLightingSystem: Illumination: 7.95 sec (291 ms encoding lightmaps)
[2015.08.14-10.09.52:269][577]LogStaticLightingSystem: Lightmap texture memory:  0.3 MB (0.3 MB streaming, 0.0 MB non-streaming), 4 textures
[2015.08.14-10.09.52:269][577]LogStaticLightingSystem: Shadowmap texture memory: 2.0 MB (2.0 MB streaming, 0.0 MB non-streaming), 6 textures
[2015.08.14-10.09.53:118][578]Cmd: MAP CHECK NOTIFYRESULTS
[2015.08.14-10.09.53:119][578]MapCheck: New page: Untitled - Aug 14, 2015, 4:09:53 PM
[2015.08.14-10.09.53:244][578]MapCheck: Info Map check complete: 0 Error(s), 0 Warning(s), took 125.558ms to complete.
[2015.08.14-10.09.55:751][648]LogD3D11RHI: InitD3DDevice
[2015.08.14-10.10.05:807][ 65]LogD3D11RHI: InitD3DDevice
[2015.08.14-10.10.05:823][ 65]LogFactory: FactoryCreateBinary: Texture with TextureFactory (0 0 C:\Users\Ilya\Desktop\png\crosshair2.png)
[2015.08.14-10.10.05:829][ 65]LogTexture:Display: Building textures: crosshair2 (AutoDXT)
[2015.08.14-10.10.07:112][137]LogD3D11RHI: InitD3DDevice
[2015.08.14-10.10.10:840][346]LogD3D11RHI: InitD3DDevice
[2015.08.14-10.10.14:216][535]LogEditorViewport: Clicking on Actor (LMB): StaticMeshActor (Cube8)
[2015.08.14-10.10.16:358][659]LogEditorViewport: Clicking on Actor (LMB): StaticMeshActor (Cube8)
[2015.08.14-10.10.16:888][690]Cmd: DELETE
[2015.08.14-10.10.16:888][690]Cmd: ACTOR DELETE
[2015.08.14-10.10.16:889][690]LogEditorActor: Deleted Actor: StaticMeshActor
[2015.08.14-10.10.16:913][690]LogEditorActor: Deleted 1 Actors (0.025 secs)
[2015.08.14-10.10.18:131][762]LogD3D11RHI: InitD3DDevice
[2015.08.14-10.10.37:103][762]LogD3D11RHI: InitD3DDevice
[2015.08.14-10.10.37:129][762]LogD3D11RHI: InitD3DDevice
[2015.08.14-10.15.41:103][743]LogWindowsTextInputMethodSystem:Display: IME system now deactivated.
[2015.08.14-10.15.41:103][743]LogWindowsTextInputMethodSystem:Display: IME system now deactivated.
[2015.08.14-10.16.22:954][107]LogD3D11RHI: InitD3DDevice
[2015.08.14-10.16.22:970][107]LogFactory: FactoryCreateBinary: Texture with TextureFactory (0 0 C:\Users\Ilya\Desktop\crosshair.tga)
[2015.08.14-10.16.22:984][107]LogTexture:Display: Building textures: crosshair (AutoDXT)
[2015.08.14-10.16.25:973][276]LogD3D11RHI: InitD3DDevice
[2015.08.14-10.16.26:612][314]LogMaterial: Missing cached shader map for material crosshair_Mat, compiling. 
[2015.08.14-10.16.26:621][314]LogD3D11RHI: InitD3DDevice
[2015.08.14-10.16.26:627][314]LogMaterial:Warning: Material /Game/texture/crosshair/crosshair_Mat.crosshair_Mat needed to have new flag set bUsedWithStaticLighting !
[2015.08.14-10.16.26:629][314]LogMaterial: Missing cached shader map for material crosshair_Mat, compiling. 
[2015.08.14-10.16.26:642][314]LogMaterial: 0.000056 seconds spent updating 1 materials, 1 interfaces, 0 instances, 0 with static permutations.
[2015.08.14-10.16.29:779][483]LogD3D11RHI: InitD3DDevice
[2015.08.14-10.16.31:306][565]LogD3D11RHI: InitD3DDevice
[2015.08.14-10.16.33:233][674]Cmd: TRANSACTION UNDO
[2015.08.14-10.16.33:234][674]LogEditorTransaction: Undo Create Actors
[2015.08.14-10.16.33:237][674]LogD3D11RHI: InitD3DDevice
[2015.08.14-10.16.36:770][873]Cmd: TRANSACTION UNDO
[2015.08.14-10.16.36:770][873]LogEditorTransaction: Undo Move Actors
[2015.08.14-10.16.36:771][873]LogD3D11RHI: InitD3DDevice
[2015.08.14-10.16.38:865][993]Cmd: TRANSACTION UNDO
[2015.08.14-10.16.38:865][993]LogEditorTransaction: Undo Create Actors
[2015.08.14-10.16.39:795][ 42]LogEditorViewport: Clicking on Actor (LMB): StaticMeshActor (Cube9)
[2015.08.14-10.16.40:412][ 77]Cmd: TRANSACTION UNDO
[2015.08.14-10.16.40:412][ 77]LogEditorTransaction: Undo Clicking on Actors
[2015.08.14-10.16.40:863][104]Cmd: TRANSACTION UNDO
[2015.08.14-10.16.40:863][104]LogEditorTransaction: Undo Create Actors
[2015.08.14-10.16.55:775][361]LogD3D11RHI: InitD3DDevice
[2015.08.14-10.17.55:165][745]LogD3D11RHI: InitD3DDevice
[2015.08.14-10.18.03:827][771]LogD3D11RHI: InitD3DDevice
[2015.08.14-10.18.04:057][771]Cmd: OBJ SAVEPACKAGE PACKAGE="/Game/Maps/Untitled" FILE="D:/projects/unreal/FoD 4.8/Saved/Autosaves/Game/Maps/Untitled_Auto2.umap" SILENT=true AUTOSAVING=true KEEPDIRTY=false
[2015.08.14-10.18.04:203][771]LogSavePackage: Save=134.610367ms
[2015.08.14-10.18.04:203][771]LogSavePackage: Moving 'D:/projects/unreal/FoD 4.8/Saved/Untitled_Auto24F47DF82430B4D15AABF0A9A5E41A0A8.tmp' to 'D:/projects/unreal/FoD 4.8/Saved/Autosaves/Game/Maps/Untitled_Auto2.umap'
[2015.08.14-10.18.04:223][771]LogFileHelpers: Editor autosave (incl. sublevels) for '/Game/Maps/Untitled' took 0.217
[2015.08.14-10.18.04:223][771]LogFileHelpers: Editor autosave (incl. sublevels) for all levels took 0.217
[2015.08.14-10.18.04:235][771]OBJ SavePackage: Generating thumbnails for [1] asset(s) in package [/Game/texture/crosshair/crosshair] ([1] browsable assets)...
[2015.08.14-10.18.04:260][771]OBJ SavePackage:     Rendered thumbnail for [Texture2D /Game/texture/crosshair/crosshair.crosshair]
[2015.08.14-10.18.04:260][771]OBJ SavePackage: Finished generating thumbnails for package [/Game/texture/crosshair/crosshair]
[2015.08.14-10.18.04:261][771]Cmd: OBJ SAVEPACKAGE PACKAGE="/Game/texture/crosshair/crosshair" FILE="D:/projects/unreal/FoD 4.8/Saved/Autosaves/Game/texture/crosshair/crosshair_Auto2.uasset" SILENT=false AUTOSAVING=true
[2015.08.14-10.18.04:305][771]LogSavePackage: Save=37.107052ms
[2015.08.14-10.18.04:305][771]LogSavePackage: Moving 'D:/projects/unreal/FoD 4.8/Saved/crosshair_Auto26DF08C014A6B9E176490CCA29866BDB5.tmp' to 'D:/projects/unreal/FoD 4.8/Saved/Autosaves/Game/texture/crosshair/crosshair_Auto2.uasset'
[2015.08.14-10.18.04:306][771]LogFileHelpers: Auto-saving content packages took 0.077
[2015.08.14-10.18.54:847][702]LogD3D11RHI: InitD3DDevice
[2015.08.14-10.18.55:243][702]LogD3D11RHI: InitD3DDevice
[2015.08.14-10.19.04:427][790]LogVSAccessor:Warning: Couldn't goto line number '0' in 'D:/projects/unreal/FoD 4.8/Source/FoD/FPHUD.h'
[2015.08.14-10.19.05:064][790]LogVSAccessor:Warning: Couldn't goto line number '0' in 'D:/projects/unreal/FoD 4.8/Source/FoD/FPHUD.cpp'
[2015.08.14-10.26.56:892][273]LogD3D11RHI: InitD3DDevice
[2015.08.14-10.26.56:893][273]Recompiling FoD...
[2015.08.14-10.26.56:894][273]Launching UnrealBuildTool... [C:/Program Files/Epic Games/4.8/Engine/Binaries/DotNET/UnrealBuildTool.exe FoD -ModuleWithSuffix FoD 1715 Win64 Development -editorrecompile -canskiplink "D:/projects/unreal/FoD 4.8/FoD.uproject" -rocket  -rocket]
[2015.08.14-10.26.57:018][273]Warning: Starting HotReload took  0.1s.
[2015.08.14-10.28.19:504][721]CompilerResultsLog: New page: Compilation - Aug 14, 2015, 4:28:19 PM
[2015.08.14-10.28.19:504][721]CompilerResultsLog: Info Compiling game modules for hot reload
[2015.08.14-10.28.19:505][721]CompilerResultsLog: Info Parsing headers for FoDEditor
[2015.08.14-10.28.19:505][721]CompilerResultsLog: Info Reflection code generated for FoDEditor
[2015.08.14-10.28.19:505][721]CompilerResultsLog: Info Performing 10 actions (2 in parallel)
[2015.08.14-10.28.19:505][721]CompilerResultsLog: Info [2/10] Resource ModuleVersionResource.rc.inl
[2015.08.14-10.28.19:505][721]CompilerResultsLog: Info PCH.FoD.h.cpp
[2015.08.14-10.28.19:505][721]CompilerResultsLog: Info [3/10] Resource FoD.rc
[2015.08.14-10.28.19:505][721]CompilerResultsLog: Info FPGameMode.cpp
[2015.08.14-10.28.19:505][721]CompilerResultsLog: Info FoD.generated.cpp
[2015.08.14-10.28.19:505][721]CompilerResultsLog: Info FPCharacter.cpp
[2015.08.14-10.28.19:505][721]CompilerResultsLog:Error: Error D:\projects\unreal\FoD 4.8\Source\FoD\FPCharacter.cpp(111)  : warning C4996: 'UWorld::LineTraceSingle': Use LineTraceSingleByChannel instead. Please update your code to the new API before upgrading to the next release, otherwise your project will no longer compile.
[2015.08.14-10.28.19:505][721]CompilerResultsLog: Info          C:\Program Files\Epic Games\4.8\Engine\Source\Runtime\Engine\Classes\Engine/World.h(1145)  : see declaration of 'UWorld::LineTraceSingle'
[2015.08.14-10.28.19:505][721]CompilerResultsLog: Info ConeActor.cpp
[2015.08.14-10.28.19:505][721]CompilerResultsLog: Info FPHUD.cpp
[2015.08.14-10.28.19:505][721]CompilerResultsLog: Info FoD.cpp
[2015.08.14-10.28.19:505][721]CompilerResultsLog: Info [10/10] Link UE4Editor-FoD-1715.dll
[2015.08.14-10.28.19:505][721]CompilerResultsLog: Info    Creating library D:\projects\unreal\FoD 4.8\Intermediate/Build/Win64\UE4Editor\Development\UE4Editor-FoD-1715.lib and object D:\projects\unreal\FoD 4.8\Intermediate/Build/Win64\UE4Editor\Development\UE4Editor-FoD-1715.exp
[2015.08.14-10.28.19:505][721]CompilerResultsLog: Info -------- End Detailed Actions Stats -----------------------------------------------------------
[2015.08.14-10.28.19:505][721]CompilerResultsLog: Info Total build time: 82,14 seconds
[2015.08.14-10.28.19:505][721]LogMainFrame: MainFrame: Module compiling took 82.616 seconds
[2015.08.14-10.28.19:556][721]LogPackageName:Error: DoesPackageExist: DoesPackageExist FAILED: '/Content/texture/crosshair/crosshair' is not a standard unreal filename or a long path name. Reason: Path does not start with a valid root. Path must begin with: '/Engine/', '/Game/', '/Paper2D/', '/CharacterAI/', '/LeapMotionController/', '/Config/', '/Script/', or '/Temp/'
[2015.08.14-10.28.19:556][721]LogLinker:Warning: Can't find file '/Content/texture/crosshair/crosshair'
[2015.08.14-10.28.19:556][721]LogPackageName:Error: DoesPackageExist: DoesPackageExist FAILED: '/Content/texture/crosshair/crosshair' is not a standard unreal filename or a long path name. Reason: Path does not start with a valid root. Path must begin with: '/Engine/', '/Game/', '/Paper2D/', '/CharacterAI/', '/LeapMotionController/', '/Config/', '/Script/', or '/Temp/'
[2015.08.14-10.28.19:556][721]LogLinker:Warning: Can't find file '/Content/texture/crosshair/crosshair'
[2015.08.14-10.28.19:556][721]LogPackageName:Error: DoesPackageExist: DoesPackageExist FAILED: '/Content/texture/crosshair/crosshair' is not a standard unreal filename or a long path name. Reason: Path does not start with a valid root. Path must begin with: '/Engine/', '/Game/', '/Paper2D/', '/CharacterAI/', '/LeapMotionController/', '/Config/', '/Script/', or '/Temp/'
[2015.08.14-10.28.19:556][721]LogLinker:Warning: Can't find file '/Content/texture/crosshair/crosshair'
[2015.08.14-10.28.19:556][721]LogUObjectGlobals:Warning: Failed to find object 'Texture2D /Content/texture/crosshair/crosshair.tga'
[2015.08.14-10.28.19:557][721]Error: CDO Constructor (FPHUD): Failed to find Texture2D'/Content/texture/crosshair/crosshair.tga'

[2015.08.14-10.28.19:559][721]LogContentBrowser: Native class hierarchy updated for 'FoD' in 0.0019 seconds. Added 4 classes and 2 folders.
[2015.08.14-10.28.19:559][721]Warning: Some classes could not be reloaded:
Error: CDO Constructor (FPHUD): Failed to find Texture2D'/Content/texture/crosshair/crosshair.tga'


[2015.08.14-10.28.19:560][721]Warning: HotReload successful (7 functions remapped  0 scriptstructs remapped)
[2015.08.14-10.28.19:581][721]LogContentBrowser: Native class hierarchy populated in 0.0108 seconds. Added 1797 classes and 305 folders.
[2015.08.14-10.28.22:190][872]LogPlayLevel: PIE:  No blueprints needed recompiling
[2015.08.14-10.28.22:190][872]PIE: New page: PIE session: Untitled (Aug 14, 2015, 4:28:22 PM)
[2015.08.14-10.28.22:190][872]LogPlayLevel: Creating play world package: /Game/Maps/UEDPIE_0_Untitled
[2015.08.14-10.28.22:193][872]LogPlayLevel: PIE: StaticDuplicateObject took: (0.003154s)
[2015.08.14-10.28.22:194][872]LogAIModule: Creating AISystem for world Untitled
[2015.08.14-10.28.22:195][872]LogPlayLevel: PIE: World Init took: (0.001846s)
[2015.08.14-10.28.22:195][872]LogPlayLevel: PIE: Created PIE world by copying editor world from /Game/Maps/Untitled.Untitled to /Game/Maps/UEDPIE_0_Untitled.Untitled (0.005222s)
[2015.08.14-10.28.22:225][872]LogInit: XAudio2 using 'Динамики (Realtek High Definition Audio)' : 2 channels at 44.1 kHz using 32 bits per sample (channel mask 0x3)
[2015.08.14-10.28.22:266][872]LogInit: FAudioDevice initialized.
[2015.08.14-10.28.22:303][872]LogWorld: Game class is 'FPGameMode'
[2015.08.14-10.28.22:308][872]LogWorld: Bringing World /Game/Maps/UEDPIE_0_Untitled.Untitled up for play (max tick rate 60) at 2015.08.14-13.28.22
[2015.08.14-10.28.22:308][872]LogActor:Warning: GameSession /Game/Maps/UEDPIE_0_Untitled.Untitled:PersistentLevel.GameSession_7 has natively added scene component(s), but none of them were set as the actor's RootComponent - picking one arbitrarily
[2015.08.14-10.28.22:309][872]LogActor:Warning: GameNetworkManager /Game/Maps/UEDPIE_0_Untitled.Untitled:PersistentLevel.GameNetworkManager_7 has natively added scene component(s), but none of them were set as the actor's RootComponent - picking one arbitrarily
[2015.08.14-10.28.22:309][872]LogWorld: Bringing up level for play took: 0.004423
[2015.08.14-10.28.22:311][872]PIE: Info Play in editor start time for /Game/Maps/UEDPIE_0_Untitled -0.728
[2015.08.14-10.28.22:353][872]LogCrashTracker: 


