[2015.08.13-15.35.28:953][  0]Log file open, 08/13/15 18:35:28
[2015.08.13-15.35.28:953][  0]LogInit:Display: Running engine for game: FoD
[2015.08.13-15.35.28:953][  0]LogInit:Display: RandInit(-1273926488) SRandInit(-1273926488).
[2015.08.13-15.35.28:953][  0]LogTaskGraph: Started task graph with 4 named threads and 5 total threads.
[2015.08.13-15.35.28:953][  0]LogStats: Stats thread started
[2015.08.13-15.35.28:953][  0]LogInit:Warning: Incompatible or missing module: UE4Editor-FoD.dll
[2015.08.13-15.35.36:514][  0]LogExit: Preparing to exit.
[2015.08.13-15.35.36:515][  0]LogModuleManager: Shutting down and abandoning module TextureCompressor (13)
[2015.08.13-15.35.36:515][  0]LogModuleManager: Shutting down and abandoning module ShaderCore (12)
[2015.08.13-15.35.36:515][  0]LogModuleManager: Shutting down and abandoning module Landscape (11)
[2015.08.13-15.35.36:515][  0]LogModuleManager: Shutting down and abandoning module SlateRHIRenderer (10)
[2015.08.13-15.35.36:515][  0]LogModuleManager: Shutting down and abandoning module OpenGLDrv (9)
[2015.08.13-15.35.36:515][  0]LogModuleManager: Shutting down and abandoning module D3D11RHI (8)
[2015.08.13-15.35.36:515][  0]LogModuleManager: Shutting down and abandoning module Renderer (7)
[2015.08.13-15.35.36:515][  0]LogModuleManager: Shutting down and abandoning module Engine (6)
[2015.08.13-15.35.36:515][  0]LogModuleManager: Shutting down and abandoning module CoreUObject (5)
[2015.08.13-15.35.36:515][  0]LogModuleManager: Shutting down and abandoning module NetworkFile (4)
[2015.08.13-15.35.36:515][  0]LogModuleManager: Shutting down and abandoning module StreamingFile (3)
[2015.08.13-15.35.36:515][  0]LogModuleManager: Shutting down and abandoning module SandboxFile (2)
[2015.08.13-15.35.36:515][  0]LogModuleManager: Shutting down and abandoning module PakFile (1)
[2015.08.13-15.35.36:516][  0]LogExit: Exiting.
[2015.08.13-15.35.36:517][  0]Log file closed, 08/13/15 18:35:36
