[2015.08.13-11.10.52:838][  0]Log file open, 08/13/15 14:10:52
[2015.08.13-11.10.52:838][  0]LogInit:Display: Running engine for game: FoD
[2015.08.13-11.10.52:838][  0]LogInit:Display: RandInit(1456175886) SRandInit(1456175887).
[2015.08.13-11.10.52:838][  0]LogTaskGraph: Started task graph with 4 named threads and 5 total threads.
[2015.08.13-11.10.52:838][  0]LogStats: Stats thread started
[2015.08.13-11.10.52:838][  0]LogInit: Version: 4.8.3-2634408+++depot+UE4-Releases+4.8
[2015.08.13-11.10.52:838][  0]LogInit: API Version: 2579680
[2015.08.13-11.10.52:838][  0]LogInit: Compiled (64-bit): Jul 27 2015 16:24:33
[2015.08.13-11.10.52:838][  0]LogInit: Compiled with Visual C++: 18.00.21005.01
[2015.08.13-11.10.52:838][  0]LogInit: Build Configuration: Development
[2015.08.13-11.10.52:838][  0]LogInit: Branch Name: ++depot+UE4-Releases+4.8
[2015.08.13-11.10.52:838][  0]LogInit: Command line: 
[2015.08.13-11.10.52:838][  0]LogInit: Base directory: C:/Program Files/Epic Games/4.8/Engine/Binaries/Win64/
[2015.08.13-11.10.52:838][  0]LogInit: Rocket: 1
[2015.08.13-11.10.52:854][  0]LogInit: Using libcurl 7.41.0
[2015.08.13-11.10.52:854][  0]LogInit:  - built for x86_64-pc-win32
[2015.08.13-11.10.52:854][  0]LogInit:  - supports SSL with WinSSL
[2015.08.13-11.10.52:854][  0]LogInit:  - other features:
[2015.08.13-11.10.52:854][  0]LogInit:      CURL_VERSION_SSL
[2015.08.13-11.10.52:854][  0]LogInit:      CURL_VERSION_IPV6
[2015.08.13-11.10.52:854][  0]LogInit:      CURL_VERSION_ASYNCHDNS
[2015.08.13-11.10.52:854][  0]LogInit:      CURL_VERSION_LARGEFILE
[2015.08.13-11.10.52:854][  0]LogInit:      CURL_VERSION_IDN
[2015.08.13-11.10.52:854][  0]LogInit:  CurlRequestOptions (configurable via config and command line):
[2015.08.13-11.10.52:854][  0]LogInit:  - bVerifyPeer = true  - Libcurl will verify peer certificate
[2015.08.13-11.10.52:854][  0]LogInit:  - bUseHttpProxy = false  - Libcurl will NOT use HTTP proxy
[2015.08.13-11.10.52:854][  0]LogInit:  - bDontReuseConnections = false  - Libcurl will reuse connections
[2015.08.13-11.10.52:854][  0]LogInit:  - CertBundlePath = nullptr  - Libcurl will use whatever was configured at build time.
[2015.08.13-11.10.52:868][  0]LogOnline:Warning: No default platform service specified for OnlineSubsystem
[2015.08.13-11.10.52:892][  0]LogInit: Presizing for 0 objects not considered by GC, pre-allocating 0 bytes.
[2015.08.13-11.10.52:908][  0]LogInit: Object subsystem initialized
[2015.08.13-11.10.52:909][  0]LogConsoleResponse:Warning: Skipping Unknown console variable: 'TranslucentSortAxis = (X=0.000000,Y=-1.000000,Z=0.000000)'
[2015.08.13-11.10.52:909][  0]LogConsoleResponse:Warning:   Found in ini file 'C:/Users/Ilya/Documents/Unreal Projects/FoD 4.8/Saved/Config/Windows/Engine.ini', in section '[/Script/Engine.RendererSettings]'
[2015.08.13-11.10.52:910][  0]LogConsoleResponse:Warning: Skipping Unknown console variable: 'UIScaleRule = ShortestSide'
[2015.08.13-11.10.52:910][  0]LogConsoleResponse:Warning:   Found in ini file 'C:/Users/Ilya/Documents/Unreal Projects/FoD 4.8/Saved/Config/Windows/Engine.ini', in section '[/Script/Engine.RendererSettings]'
[2015.08.13-11.10.52:910][  0]LogConsoleResponse:Warning: Skipping Unknown console variable: 'UIScaleCurve = (EditorCurveData=(Keys=),ExternalCurve=None)'
[2015.08.13-11.10.52:910][  0]LogConsoleResponse:Warning:   Found in ini file 'C:/Users/Ilya/Documents/Unreal Projects/FoD 4.8/Saved/Config/Windows/Engine.ini', in section '[/Script/Engine.RendererSettings]'
[2015.08.13-11.10.52:912][  0]LogInit: Selected Device Profile: [Windows]
[2015.08.13-11.10.52:912][  0]LogInit: Applying CVar settings loaded from the selected device profile: [Windows]
[2015.08.13-11.10.52:924][  0]LogInit: Computer: PC
[2015.08.13-11.10.52:924][  0]LogInit: User: Ilya
[2015.08.13-11.10.52:924][  0]LogInit: CPU Page size=4096, Cores=2
[2015.08.13-11.10.52:924][  0]LogInit: High frequency timer resolution =2.533316 MHz
[2015.08.13-11.10.52:924][  0]LogMemory: Memory total: Physical=7.9GB (8GB approx)
[2015.08.13-11.10.52:924][  0]LogMemory: Platform Memory Stats for Windows
[2015.08.13-11.10.52:924][  0]LogMemory: Process Physical Memory: 48.45 MB used, 48.45 MB peak
[2015.08.13-11.10.52:925][  0]LogMemory: Process Virtual Memory: 20.83 MB used, 20.83 MB peak
[2015.08.13-11.10.52:925][  0]LogMemory: Physical Memory: 2967.62 MB used, 8077.82 MB total
[2015.08.13-11.10.52:925][  0]LogMemory: Virtual Memory: 291.77 MB used, 134217728.00 MB total
[2015.08.13-11.10.52:967][  0]LogTextLocalizationManager: The requested culture ('ru_RU') has no localization data; falling back to 'en' for localization and internationalization data.
[2015.08.13-11.10.53:258][  0]LogTextLocalizationManager:Warning: Loaded localization resources contain conflicting entries for (Namespace:ContentBrowser, Key:ImportAssetToolTip):
Localization Resource: (C:/Program Files/Epic Games/4.8/Engine/Content/Localization/Editor/en/Editor.locres) Source String Hash: (-630476809) Localized String: (Import to {0}...)
Localization Resource: (C:/Program Files/Epic Games/4.8/Engine/Content/Localization/Editor/en/Editor.locres) Source String Hash: (1271782899) Localized String: (Imports an asset from file to this folder.)
[2015.08.13-11.10.53:793][  0]LogD3D11RHI: Found D3D11 adapter 0: NVIDIA GeForce GT 740M   (Feature Level 11_0)
[2015.08.13-11.10.53:793][  0]LogD3D11RHI: Adapter has 1988MB of dedicated video memory, 0MB of dedicated system memory, and 2048MB of shared system memory, 1 output[s]
[2015.08.13-11.10.53:812][  0]LogD3D11RHI: Found D3D11 adapter 1: NVIDIA GeForce GT 740M   (Feature Level 11_0)
[2015.08.13-11.10.53:812][  0]LogD3D11RHI: Adapter has 1988MB of dedicated video memory, 0MB of dedicated system memory, and 2048MB of shared system memory, 0 output[s]
[2015.08.13-11.10.53:813][  0]LogD3D11RHI: Found D3D11 adapter 2: Microsoft Basic Render Driver (Feature Level 11_0)
[2015.08.13-11.10.53:813][  0]LogD3D11RHI: Adapter has 1988MB of dedicated video memory, 0MB of dedicated system memory, and 2048MB of shared system memory, 0 output[s]
[2015.08.13-11.10.53:813][  0]LogD3D11RHI: Chosen D3D11 Adapter Id = 0
[2015.08.13-11.10.53:817][  0]LogD3D11RHI: InitD3DDevice
[2015.08.13-11.10.53:817][  0]LogD3D11RHI: !Direct3DDevice
[2015.08.13-11.10.53:817][  0]LogRHI: Texture pool is 1361 MB (70% of 1945 MB)
[2015.08.13-11.10.53:830][  0]LogD3D11RHI: Async texture creation enabled
[2015.08.13-11.10.53:847][  0]LogShaderCompilers:Display: Using Local Shader Compiler.
[2015.08.13-11.10.54:807][  0]LogTemp:Display: Loaded TP DesktopTargetPlatform
[2015.08.13-11.10.54:823][  0]LogTemp:Display: Loaded TP WindowsClientTargetPlatform
[2015.08.13-11.10.54:838][  0]LogTemp:Display: Loaded TP WindowsNoEditorTargetPlatform
[2015.08.13-11.10.54:854][  0]LogTemp:Display: Loaded TP WindowsServerTargetPlatform
[2015.08.13-11.10.54:871][  0]LogTemp:Display: Loaded TP WindowsTargetPlatform
[2015.08.13-11.10.54:885][  0]LogTemp:Display: Loaded TP AndroidTargetPlatform
[2015.08.13-11.10.54:898][  0]LogTemp:Display: Loaded TP Android_ASTCTargetPlatform
[2015.08.13-11.10.54:912][  0]LogTemp:Display: Loaded TP Android_ATCTargetPlatform
[2015.08.13-11.10.54:926][  0]LogTemp:Display: Loaded TP Android_DXTTargetPlatform
[2015.08.13-11.10.54:939][  0]LogTemp:Display: Loaded TP Android_ETC1TargetPlatform
[2015.08.13-11.10.54:953][  0]LogTemp:Display: Loaded TP Android_ETC2TargetPlatform
[2015.08.13-11.10.54:966][  0]LogTemp:Display: Loaded TP Android_PVRTCTargetPlatform
[2015.08.13-11.10.55:016][  0]LogTemp:Display: Loaded TP IOSTargetPlatform
[2015.08.13-11.10.55:029][  0]LogTemp:Display: Loaded TP LinuxNoEditorTargetPlatform
[2015.08.13-11.10.55:043][  0]LogTemp:Display: Loaded TP LinuxServerTargetPlatform
[2015.08.13-11.10.55:059][  0]LogTemp:Display: Loaded TP LinuxTargetPlatform
[2015.08.13-11.10.55:060][  0]LogTargetPlatformManager:Display: Building Assets For Windows
[2015.08.13-11.10.55:294][  0]LogDerivedDataCache:Display: Max Cache Size: 512 MB
[2015.08.13-11.10.55:346][  0]LogDerivedDataCache: Loaded boot cache 0.05s 53MB C:/Users/Ilya/AppData/Local/UnrealEngine/4.8/DerivedDataCache/Boot.ddc.
[2015.08.13-11.10.55:346][  0]LogDerivedDataCache:Display: Loaded Boot cache: C:/Users/Ilya/AppData/Local/UnrealEngine/4.8/DerivedDataCache/Boot.ddc
[2015.08.13-11.10.55:346][  0]LogDerivedDataCache: FDerivedDataBackendGraph:  Pak pak cache file ../../../../../../Users/Ilya/Documents/Unreal Projects/FoD 4.8/DerivedDataCache/DDC.ddp not found, will not use a pak cache.
[2015.08.13-11.10.55:346][  0]LogDerivedDataCache: Unable to find inner node Pak for hierarchical cache Hierarchy.
[2015.08.13-11.10.55:346][  0]LogDerivedDataCache: FDerivedDataBackendGraph:  CompressedPak pak cache file ../../../../../../Users/Ilya/Documents/Unreal Projects/FoD 4.8/DerivedDataCache/Compressed.ddp not found, will not use a pak cache.
[2015.08.13-11.10.55:346][  0]LogDerivedDataCache: Unable to find inner node CompressedPak for hierarchical cache Hierarchy.
[2015.08.13-11.10.55:517][  0]LogDerivedDataCache:Display: Pak cache opened for reading ../../../Engine/DerivedDataCache/Compressed.ddp.
[2015.08.13-11.10.55:529][  0]LogDerivedDataCache: Using Local data cache path C:/Users/Ilya/AppData/Local/UnrealEngine/Common/DerivedDataCache: Writable
[2015.08.13-11.10.55:792][  0]LogInit: Selected Device Profile: [Windows]
[2015.08.13-11.10.55:883][  0]ImportText (ComponentSweepMultiTests): Missing closing parenthesis: (RootShapeAsset="/Engine/BasicShapes/Cube.Cube",ShapeType="TriggerCapsule",HitResult=(Time=0.50,Location=(X=-100.000015,Y=0.0,Z=100.000015),ImpactPoint=(X=-50.0,Y=0.0,Z=50.0),Normal=(X=-1.0,Y=-0.0,Z=0.0),ImpactNormal=(X=0.0,Y=0.0,Z=1.0),TraceStart=(X=-200.0,Y=0.0,Z=200.0),TraceEnd=(X=0.0,Y=0.0,Z=0.0))
[2015.08.13-11.10.55:883][  0]ImportText (LineTraceSingleByChannelTests): Missing closing parenthesis: (RootShapeAsset="/Engine/BasicShapes/Cube.Cube",HitResult=(Time=0.50,Location=(X=-100.000015,Y=0.0,Z=100.000015),ImpactPoint=(X=-50.0,Y=0.0,Z=50.0),Normal=(X=-1.0,Y=-0.0,Z=0.0),ImpactNormal=(X=0.0,Y=0.0,Z=1.0),TraceStart=(X=-200.0,Y=0.0,Z=200.0),TraceEnd=(X=0.0,Y=0.0,Z=0.0))
[2015.08.13-11.10.55:913][  0]LogMeshUtilities: No automatic mesh reduction module available
[2015.08.13-11.10.55:913][  0]LogMeshUtilities: No automatic mesh merging module available
[2015.08.13-11.10.56:262][  0]LogInit: WinSock: version 1.1 (2.2), MaxSocks=32767, MaxUdp=65467
[2015.08.13-11.10.57:578][  0]UdpMessaging: Initializing bridge on interface 0.0.0.0:0 to multicast group 230.0.0.1:6666.
[2015.08.13-11.10.57:675][  0]LogMaterial: Missing cached shader map for material Transparent, compiling. 
[2015.08.13-11.10.57:803][  0]LogTexture:Display: Building textures: crosshair (AutoDXT)
[2015.08.13-11.10.58:413][  0]SourceControl: Info Source control is disabled
[2015.08.13-11.10.58:414][  0]SourceControl: Info Source control is disabled
[2015.08.13-11.10.58:432][  0]SourceControl: Info Source control is disabled
[2015.08.13-11.10.58:451][  0]SourceControl: Info Source control is disabled
[2015.08.13-11.10.58:888][  0]LogObj: 26335 objects as part of root set at end of initial load.
[2015.08.13-11.10.58:888][  0]LogUObjectAllocator: 5436680 out of 0 bytes used by permanent object pool.
[2015.08.13-11.10.59:018][  0]LogEngine: Initializing Engine...
[2015.08.13-11.10.59:022][  0]LogHMD: Can't find Oculus library dev build: is proper Runtime installed? Version: 0.6.0.0
[2015.08.13-11.10.59:023][  0]LogHMD:Warning: SteamVR failed to initialize.  Error: 110
[2015.08.13-11.10.59:469][  0]LogAIModule: Creating AISystem for world NewWorld
[2015.08.13-11.10.59:482][  0]LogInit: XAudio2 using 'Динамики (Realtek High Definition Audio)' : 2 channels at 44.1 kHz using 32 bits per sample (channel mask 0x3)
[2015.08.13-11.10.59:577][  0]LogInit: FAudioDevice initialized.
[2015.08.13-11.10.59:612][  0]LogDerivedDataCache: Saved boot cache 0.04s 53MB C:/Users/Ilya/AppData/Local/UnrealEngine/4.8/DerivedDataCache/Boot.ddc.
[2015.08.13-11.10.59:620][  0]LogInit: Texture streaming: Disabled
[2015.08.13-11.10.59:666][  0]LogAnalytics: Creating configured Analytics provider AnalyticsET
[2015.08.13-11.10.59:666][  0]LogAnalytics: [UEEditor.Rocket.Release] APIServer = http://et2.epicgames.com/ET2/. AppVersion = 4.8.3-2634408+++depot+UE4-Releases+4.8
[2015.08.13-11.10.59:667][  0]LogAnalytics: [UEEditor.Rocket.Release] SetUserId a7f999d945d7ce1bcb40819eed5fc215|9874e92d453642a1a852b47e8a1bb05f|e0bf2233-ae09-4568-aecc-a45b89a1cc1d
[2015.08.13-11.10.59:667][  0]LogAnalytics: [UEEditor.Rocket.Release] AnalyticsET::StartSession
[2015.08.13-11.10.59:712][  0]LogInit: Transaction tracking system initialized
[2015.08.13-11.10.59:962][  0]BlueprintLog: New page: Editor Load
[2015.08.13-11.11.00:025][  0]LogAssetRegistry: FAssetRegistry took 0.0110 seconds to start up
[2015.08.13-11.11.00:025][  0]LogDirectoryWatcher:Warning: Failed to begin reading directory changes for ../../../Engine/Plugins/Experimental/CharacterAI/Content/. Error: 0
[2015.08.13-11.11.01:339][  0]LogConsoleManager:Warning: Console variable 'r.VSync' wasn't set ('GameSetting' has a lower priority than 'SystemSettingsIni')
[2015.08.13-11.11.01:341][  0]LogConsoleResponse:Display: 
[2015.08.13-11.11.01:554][  0]LogCook:Display: Done creating registry. It took  0.00s.
[2015.08.13-11.11.01:882][  0]SourceControl: Info Source control is disabled
[2015.08.13-11.11.01:883][  0]Cmd: MAP LOAD FILE="../../../Engine/Content/Maps/Templates/Template_Default.umap" TEMPLATE=1 SHOWPROGRESS=1 FEATURELEVEL=3
[2015.08.13-11.11.01:883][  0]LightingResults: New page: Lighting Build
[2015.08.13-11.11.01:906][  0]MapCheck: New page: Map Check
[2015.08.13-11.11.01:906][  0]LightingResults: New page: Lighting Build
[2015.08.13-11.11.01:934][  0]LogParticles: Destroying 0 GPU particle simulations for FXSystem 0x000000920B422160
[2015.08.13-11.11.02:679][  0]LogAIModule: Creating AISystem for world Untitled_1
[2015.08.13-11.11.02:688][  0]LogEditorServer: Finished looking for orphan Actors (0.000 secs)
[2015.08.13-11.11.02:699][  0]Cmd: MAP CHECKDEP NOCLEARLOG
[2015.08.13-11.11.02:759][  0]MapCheck: Info Map check complete: 0 Error(s), 0 Warning(s), took 59.648ms to complete.
[2015.08.13-11.11.02:759][  0]LogFileHelpers: Loading map 'Template_Default' took 0.877
[2015.08.13-11.11.02:954][  0]LogCollectionManager: Loaded 0 collections in 0.003722 seconds
[2015.08.13-11.11.02:973][  0]LogContentBrowser: Native class hierarchy populated in 0.0194 seconds. Added 1796 classes and 303 folders.
[2015.08.13-11.11.03:065][  0]LogContentBrowser: Native class hierarchy updated for 'WidgetCarousel' in 0.0032 seconds. Added 0 classes and 0 folders.
[2015.08.13-11.11.03:118][  0]LogContentBrowser: Native class hierarchy updated for 'AddContentDialog' in 0.0034 seconds. Added 0 classes and 0 folders.
[2015.08.13-11.11.03:154][  0]LogContentBrowser: Native class hierarchy updated for 'SceneOutliner' in 0.0033 seconds. Added 1 classes and 2 folders.
[2015.08.13-11.11.03:252][  0]LogCrashTracker: Crashtracker disabled due to settings.
[2015.08.13-11.11.03:258][  0]LogD3D11RHI: InitD3DDevice
[2015.08.13-11.11.03:297][  0]LogD3D11RHI: InitD3DDevice
[2015.08.13-11.11.03:362][  0]LogLoad: Full Startup: 13.33 seconds (BP compile: 0.23 seconds)
[2015.08.13-11.11.03:791][  0]LogContentStreaming: Texture pool size is 0.000000MB
[2015.08.13-11.11.03:828][  0]LogContentStreaming: Texture pool size now 1000 MB
[2015.08.13-11.11.04:182][  0]LogRenderer: Reallocating scene render targets to support 1208x576 (Frame:2).
[2015.08.13-11.11.07:012][  9]LogAssetRegistry: Asset discovery search completed in 6.9983 seconds
[2015.08.13-11.34.20:381][525]LogWindowsTextInputMethodSystem:Display: IME system now deactivated.
[2015.08.13-11.34.20:381][525]LogWindowsTextInputMethodSystem:Display: IME system now deactivated.
[2015.08.13-11.34.21:000][535]LogD3D11RHI: InitD3DDevice
[2015.08.13-11.34.21:357][547]LogEditorViewport: Clicking on Actor (context menu): StaticMeshActor (Floor)
[2015.08.13-11.34.21:502][547]LogD3D11RHI: InitD3DDevice
[2015.08.13-11.34.23:723][629]LogD3D11RHI: InitD3DDevice
[2015.08.13-11.34.23:766][629]LogTexture:Display: Building textures: panel_033_jpg155bf389-82fc-4275-9a13-cfe165462b26Larger (AutoDXT)
[2015.08.13-11.34.24:288][629]LogTexture:Display: Building textures: 1234 (BC5)
[2015.08.13-11.34.24:347][629]LogMaterial: Missing cached shader map for material panel_033_jpg155bf389-82fc-4275-9a13-cfe165462b26Larger_Mat, compiling. 
[2015.08.13-11.34.24:379][629]LogTexture:Display: Building textures: HQ_Lightmap2_1 (AutoDXT)
[2015.08.13-11.34.24:496][629]LogTexture:Display: Building textures: HQ_Lightmap2_2 (AutoDXT)
[2015.08.13-11.34.24:498][629]LogTexture:Display: Building textures: LQ_Lightmap_0_2 (DXT1)
[2015.08.13-11.34.24:502][629]LogTexture:Display: Building textures: LQ_Lightmap_1_1 (DXT1)
[2015.08.13-11.34.24:553][629]LogTexture:Display: Building textures: ShadowMapTexture2D_43 (BGRA8)
[2015.08.13-11.34.24:562][629]LogTexture:Display: Building textures: ShadowMapTexture2D_44 (BGRA8)
[2015.08.13-11.34.24:568][629]LogAIModule: Creating AISystem for world Untitled
[2015.08.13-11.34.24:680][629]Cmd: MAP LOAD FILE="../../../../../../Users/Ilya/Documents/Unreal Projects/FoD 4.8/Content/Maps/Untitled.umap" TEMPLATE=0 SHOWPROGRESS=1 FEATURELEVEL=3
[2015.08.13-11.34.24:680][629]LightingResults: New page: Lighting Build
[2015.08.13-11.34.24:705][629]LoadErrors: New page: Loading map: Untitled.umap
[2015.08.13-11.34.24:707][629]MapCheck: New page: Map Check
[2015.08.13-11.34.24:707][629]LightingResults: New page: Lighting Build
[2015.08.13-11.34.24:737][629]LogParticles: Destroying 0 GPU particle simulations for FXSystem 0x000000927C9D39C0
[2015.08.13-11.34.24:847][629]LogAIModule: Creating AISystem for world Untitled
[2015.08.13-11.34.24:856][629]LogEditorServer: Finished looking for orphan Actors (0.000 secs)
[2015.08.13-11.34.24:900][629]Cmd: MAP CHECKDEP NOCLEARLOG
[2015.08.13-11.34.24:964][629]MapCheck: Info Map check complete: 0 Error(s), 0 Warning(s), took 63.843ms to complete.
[2015.08.13-11.34.24:964][629]LogFileHelpers: Loading map 'Untitled' took 0.286
[2015.08.13-11.34.26:026][665]LogPlayLevel: PIE:  No blueprints needed recompiling
[2015.08.13-11.34.26:040][665]PIE: New page: PIE session: Untitled (Aug 13, 2015, 5:34:26 PM)
[2015.08.13-11.34.26:041][665]LogPlayLevel: Creating play world package: /Game/Maps/UEDPIE_0_Untitled
[2015.08.13-11.34.26:047][665]LogPlayLevel: PIE: StaticDuplicateObject took: (0.005771s)
[2015.08.13-11.34.26:047][665]LogAIModule: Creating AISystem for world Untitled
[2015.08.13-11.34.26:048][665]LogPlayLevel: PIE: World Init took: (0.001617s)
[2015.08.13-11.34.26:049][665]LogPlayLevel: PIE: Created PIE world by copying editor world from /Game/Maps/Untitled.Untitled to /Game/Maps/UEDPIE_0_Untitled.Untitled (0.008293s)
[2015.08.13-11.34.26:096][665]LogInit: XAudio2 using 'Динамики (Realtek High Definition Audio)' : 2 channels at 44.1 kHz using 32 bits per sample (channel mask 0x3)
[2015.08.13-11.34.26:162][665]LogInit: FAudioDevice initialized.
[2015.08.13-11.34.26:237][665]LogWorld: Game class is 'FPGameMode'
[2015.08.13-11.34.26:257][665]LogWorld: Bringing World /Game/Maps/UEDPIE_0_Untitled.Untitled up for play (max tick rate 60) at 2015.08.13-14.34.26
[2015.08.13-11.34.26:257][665]LogActor:Warning: GameSession /Game/Maps/UEDPIE_0_Untitled.Untitled:PersistentLevel.GameSession_0 has natively added scene component(s), but none of them were set as the actor's RootComponent - picking one arbitrarily
[2015.08.13-11.34.26:258][665]LogActor:Warning: GameNetworkManager /Game/Maps/UEDPIE_0_Untitled.Untitled:PersistentLevel.GameNetworkManager_0 has natively added scene component(s), but none of them were set as the actor's RootComponent - picking one arbitrarily
[2015.08.13-11.34.26:259][665]LogWorld: Bringing up level for play took: 0.007218
[2015.08.13-11.34.26:287][665]PIE: Info Play in editor start time for /Game/Maps/UEDPIE_0_Untitled 0.835
[2015.08.13-11.34.32:142][922]PIE:Warning: Warning Mobility of SpotLight_0 : LightComponent0 has to be 'Movable' if you'd like to Mobility of {0} : {1} has to be 'Movable' if you'd like to {2}. . 
[2015.08.13-11.34.32:142][922]PIE:Warning: Warning Mobility of SpotLight_0 : LightComponent0 has to be 'Movable' if you'd like to Mobility of {0} : {1} has to be 'Movable' if you'd like to {2}. . 
[2015.08.13-11.34.32:790][948]PIE:Warning: Warning Mobility of SpotLight_2 : LightComponent0 has to be 'Movable' if you'd like to Mobility of {0} : {1} has to be 'Movable' if you'd like to {2}. . 
[2015.08.13-11.34.32:790][948]PIE:Warning: Warning Mobility of SpotLight_2 : LightComponent0 has to be 'Movable' if you'd like to Mobility of {0} : {1} has to be 'Movable' if you'd like to {2}. . 
[2015.08.13-11.34.47:547][419]LogParticles: Destroying 0 GPU particle simulations for FXSystem 0x000000927C8F9080
[2015.08.13-11.34.51:018][536]LogPlayLevel: PIE:  No blueprints needed recompiling
[2015.08.13-11.34.51:019][536]PIE: New page: PIE session: Untitled (Aug 13, 2015, 5:34:51 PM)
[2015.08.13-11.34.51:020][536]LogPlayLevel: Creating play world package: /Game/Maps/UEDPIE_0_Untitled
[2015.08.13-11.34.51:027][536]LogPlayLevel: PIE: StaticDuplicateObject took: (0.007044s)
[2015.08.13-11.34.51:029][536]LogAIModule: Creating AISystem for world Untitled
[2015.08.13-11.34.51:031][536]LogPlayLevel: PIE: World Init took: (0.003637s)
[2015.08.13-11.34.51:031][536]LogPlayLevel: PIE: Created PIE world by copying editor world from /Game/Maps/Untitled.Untitled to /Game/Maps/UEDPIE_0_Untitled.Untitled (0.011105s)
[2015.08.13-11.34.51:094][536]LogInit: XAudio2 using 'Динамики (Realtek High Definition Audio)' : 2 channels at 44.1 kHz using 32 bits per sample (channel mask 0x3)
[2015.08.13-11.34.51:184][536]LogInit: FAudioDevice initialized.
[2015.08.13-11.34.51:231][536]LogWorld: Game class is 'FPGameMode'
[2015.08.13-11.34.51:242][536]LogWorld: Bringing World /Game/Maps/UEDPIE_0_Untitled.Untitled up for play (max tick rate 60) at 2015.08.13-14.34.51
[2015.08.13-11.34.51:242][536]LogActor:Warning: GameSession /Game/Maps/UEDPIE_0_Untitled.Untitled:PersistentLevel.GameSession_1 has natively added scene component(s), but none of them were set as the actor's RootComponent - picking one arbitrarily
[2015.08.13-11.34.51:243][536]LogActor:Warning: GameNetworkManager /Game/Maps/UEDPIE_0_Untitled.Untitled:PersistentLevel.GameNetworkManager_1 has natively added scene component(s), but none of them were set as the actor's RootComponent - picking one arbitrarily
[2015.08.13-11.34.51:244][536]LogWorld: Bringing up level for play took: 0.009495
[2015.08.13-11.34.51:249][536]PIE: Info Play in editor start time for /Game/Maps/UEDPIE_0_Untitled -0.202
[2015.08.13-11.34.55:267][694]PIE:Warning: Warning Mobility of SpotLight_3 : LightComponent0 has to be 'Movable' if you'd like to Mobility of {0} : {1} has to be 'Movable' if you'd like to {2}. . 
[2015.08.13-11.34.55:267][694]PIE:Warning: Warning Mobility of SpotLight_3 : LightComponent0 has to be 'Movable' if you'd like to Mobility of {0} : {1} has to be 'Movable' if you'd like to {2}. . 
[2015.08.13-11.35.04:125][ 29]PIE:Warning: Warning Mobility of SpotLight_4 : LightComponent0 has to be 'Movable' if you'd like to Mobility of {0} : {1} has to be 'Movable' if you'd like to {2}. . 
[2015.08.13-11.35.04:125][ 29]PIE:Warning: Warning Mobility of SpotLight_4 : LightComponent0 has to be 'Movable' if you'd like to Mobility of {0} : {1} has to be 'Movable' if you'd like to {2}. . 
[2015.08.13-11.35.04:961][ 60]PIE:Warning: Warning Mobility of SpotLight_5 : LightComponent0 has to be 'Movable' if you'd like to Mobility of {0} : {1} has to be 'Movable' if you'd like to {2}. . 
[2015.08.13-11.35.04:961][ 60]PIE:Warning: Warning Mobility of SpotLight_5 : LightComponent0 has to be 'Movable' if you'd like to Mobility of {0} : {1} has to be 'Movable' if you'd like to {2}. . 
[2015.08.13-11.35.05:812][ 88]PIE:Warning: Warning Mobility of SpotLight_6 : LightComponent0 has to be 'Movable' if you'd like to Mobility of {0} : {1} has to be 'Movable' if you'd like to {2}. . 
[2015.08.13-11.35.05:813][ 88]PIE:Warning: Warning Mobility of SpotLight_6 : LightComponent0 has to be 'Movable' if you'd like to Mobility of {0} : {1} has to be 'Movable' if you'd like to {2}. . 
[2015.08.13-11.35.06:557][109]LogParticles: Destroying 0 GPU particle simulations for FXSystem 0x0000009214D4CD60
[2015.08.13-11.35.08:750][162]Cmd: QUIT_EDITOR
[2015.08.13-11.35.09:607][162]LogWindowsTextInputMethodSystem:Display: IME system now deactivated.
[2015.08.13-11.35.09:729][162]LogExit: Preparing to exit.
[2015.08.13-11.35.10:518][162]LogExit: Editor shut down
[2015.08.13-11.35.10:518][162]LogExit: Transaction tracking system shut down
[2015.08.13-11.35.10:519][162]LogParticles: Destroying 0 GPU particle simulations for FXSystem 0x000000921488AD40
[2015.08.13-11.35.10:520][162]LogParticles: Destroying 0 GPU particle simulations for FXSystem 0x000000927B1FE5C0
[2015.08.13-11.35.10:520][162]LogParticles: Destroying 0 GPU particle simulations for FXSystem 0x000000927E8A63E0
[2015.08.13-11.35.10:520][162]LogParticles: Destroying 0 GPU particle simulations for FXSystem 0x0000009214BB7600
[2015.08.13-11.35.10:639][162]LogExit: Object subsystem successfully closed.
[2015.08.13-11.35.10:656][162]LogD3D11RHI: Shutdown
[2015.08.13-11.35.10:656][162]LogD3D11RHI: CleanupD3DDevice
[2015.08.13-11.35.10:704][162]LogD3D11RHI: ~FD3D11DynamicRHI
[2015.08.13-11.35.10:724][162]LogModuleManager: Shutting down and abandoning module CrashTracker (189)
[2015.08.13-11.35.10:724][162]LogModuleManager: Shutting down and abandoning module SceneOutliner (188)
[2015.08.13-11.35.10:724][162]LogModuleManager: Shutting down and abandoning module SuperSearch (187)
[2015.08.13-11.35.10:724][162]LogModuleManager: Shutting down and abandoning module WidgetCarousel (186)
[2015.08.13-11.35.10:724][162]LogModuleManager: Shutting down and abandoning module AddContentDialog (185)
[2015.08.13-11.35.10:725][162]LogModuleManager: Shutting down and abandoning module EditorWidgets (184)
[2015.08.13-11.35.10:725][162]LogModuleManager: Shutting down and abandoning module CollectionManager (183)
[2015.08.13-11.35.10:726][162]LogModuleManager: Shutting down and abandoning module StatsViewer (182)
[2015.08.13-11.35.10:726][162]LogModuleManager: Shutting down and abandoning module FoliageEdit (181)
[2015.08.13-11.35.10:726][162]LogModuleManager: Shutting down and abandoning module LandscapeEditor (180)
[2015.08.13-11.35.10:726][162]LogModuleManager: Shutting down and abandoning module ActorPickerMode (179)
[2015.08.13-11.35.10:726][162]LogModuleManager: Shutting down and abandoning module GeometryMode (178)
[2015.08.13-11.35.10:726][162]LogModuleManager: Shutting down and abandoning module TextureAlignMode (177)
[2015.08.13-11.35.10:726][162]LogModuleManager: Shutting down and abandoning module BspMode (176)
[2015.08.13-11.35.10:726][162]LogModuleManager: Shutting down and abandoning module PlacementMode (175)
[2015.08.13-11.35.10:726][162]LogModuleManager: Shutting down and abandoning module AutomationWorker (174)
[2015.08.13-11.35.10:726][162]LogModuleManager: Shutting down and abandoning module CharacterAI (173)
[2015.08.13-11.35.10:726][162]LogModuleManager: Shutting down and abandoning module SmartSnapping (172)
[2015.08.13-11.35.10:726][162]LogModuleManager: Shutting down and abandoning module ViewportSnapping (171)
[2015.08.13-11.35.10:726][162]LogModuleManager: Shutting down and abandoning module LogVisualizer (170)
[2015.08.13-11.35.10:726][162]LogModuleManager: Shutting down and abandoning module GameProjectGeneration (169)
[2015.08.13-11.35.10:726][162]LogModuleManager: Shutting down and abandoning module IntroTutorials (168)
[2015.08.13-11.35.10:726][162]LogModuleManager: Shutting down and abandoning module EditorLiveStreaming (167)
[2015.08.13-11.35.10:726][162]LogModuleManager: Shutting down and abandoning module IOSPlatformEditor (166)
[2015.08.13-11.35.10:726][162]LogModuleManager: Shutting down and abandoning module HTML5PlatformEditor (165)
[2015.08.13-11.35.10:726][162]LogModuleManager: Shutting down and abandoning module AndroidDeviceDetection (164)
[2015.08.13-11.35.10:760][162]LogModuleManager: Shutting down and abandoning module AndroidPlatformEditor (163)
[2015.08.13-11.35.10:760][162]LogModuleManager: Shutting down and abandoning module IOSRuntimeSettings (162)
[2015.08.13-11.35.10:760][162]LogModuleManager: Shutting down and abandoning module AndroidRuntimeSettings (161)
[2015.08.13-11.35.10:760][162]LogModuleManager: Shutting down and abandoning module MergeActors (160)
[2015.08.13-11.35.10:760][162]LogModuleManager: Shutting down and abandoning module SizeMap (159)
[2015.08.13-11.35.10:760][162]LogModuleManager: Shutting down and abandoning module TreeMap (158)
[2015.08.13-11.35.10:760][162]LogModuleManager: Shutting down and abandoning module ReferenceViewer (157)
[2015.08.13-11.35.10:760][162]LogModuleManager: Shutting down and abandoning module LocalizationDashboard (156)
[2015.08.13-11.35.10:760][162]LogModuleManager: Shutting down and abandoning module HardwareTargeting (155)
[2015.08.13-11.35.10:760][162]LogModuleManager: Shutting down and abandoning module DeviceProfileEditor (154)
[2015.08.13-11.35.10:760][162]LogModuleManager: Shutting down and abandoning module UndoHistory (153)
[2015.08.13-11.35.10:760][162]LogModuleManager: Shutting down and abandoning module GameplayTagsEditor (152)
[2015.08.13-11.35.10:760][162]LogModuleManager: Shutting down and abandoning module UserFeedback (151)
[2015.08.13-11.35.10:760][162]LogModuleManager: Shutting down and abandoning module XmlParser (150)
[2015.08.13-11.35.10:760][162]LogModuleManager: Shutting down and abandoning module Blutility (149)
[2015.08.13-11.35.10:760][162]LogModuleManager: Shutting down and abandoning module ProjectTargetPlatformEditor (148)
[2015.08.13-11.35.10:760][162]LogModuleManager: Shutting down and abandoning module ProjectSettingsViewer (147)
[2015.08.13-11.35.10:760][162]LogModuleManager: Shutting down and abandoning module InputBindingEditor (146)
[2015.08.13-11.35.10:760][162]LogModuleManager: Shutting down and abandoning module EditorSettingsViewer (145)
[2015.08.13-11.35.10:760][162]LogModuleManager: Shutting down and abandoning module SettingsEditor (144)
[2015.08.13-11.35.10:760][162]LogModuleManager: Shutting down and abandoning module ProjectLauncher (143)
[2015.08.13-11.35.10:760][162]LogModuleManager: Shutting down and abandoning module SessionFrontend (142)
[2015.08.13-11.35.10:760][162]LogModuleManager: Shutting down and abandoning module ProfilerClient (141)
[2015.08.13-11.35.10:760][162]LogModuleManager: Shutting down and abandoning module TargetDeviceServices (140)
[2015.08.13-11.35.10:760][162]LogModuleManager: Shutting down and abandoning module DeviceManager (139)
[2015.08.13-11.35.10:761][162]LogModuleManager: Shutting down and abandoning module AutomationController (138)
[2015.08.13-11.35.10:761][162]LogModuleManager: Shutting down and abandoning module AutomationWindow (137)
[2015.08.13-11.35.10:761][162]LogModuleManager: Shutting down and abandoning module Layers (136)
[2015.08.13-11.35.10:761][162]LogModuleManager: Shutting down and abandoning module ComponentVisualizers (135)
[2015.08.13-11.35.10:761][162]LogModuleManager: Shutting down and abandoning module DetailCustomizations (134)
[2015.08.13-11.35.10:761][162]LogModuleManager: Shutting down and abandoning module PackagesDialog (133)
[2015.08.13-11.35.10:761][162]LogModuleManager: Shutting down and abandoning module AssetRegistry (132)
[2015.08.13-11.35.10:790][162]LogModuleManager: Shutting down and abandoning module Persona (131)
[2015.08.13-11.35.10:790][162]LogModuleManager: Shutting down and abandoning module Kismet (130)
[2015.08.13-11.35.10:790][162]LogModuleManager: Shutting down and abandoning module GraphEditor (129)
[2015.08.13-11.35.10:790][162]LogModuleManager: Shutting down and abandoning module ClassViewer (128)
[2015.08.13-11.35.10:790][162]LogModuleManager: Shutting down and abandoning module Toolbox (127)
[2015.08.13-11.35.10:790][162]LogModuleManager: Shutting down and abandoning module ModuleUI (126)
[2015.08.13-11.35.10:790][162]LogModuleManager: Shutting down and abandoning module MovieSceneTools (125)
[2015.08.13-11.35.10:790][162]LogModuleManager: Shutting down and abandoning module OutputLog (124)
[2015.08.13-11.35.10:790][162]LogModuleManager: Shutting down and abandoning module GammaUI (123)
[2015.08.13-11.35.10:790][162]LogModuleManager: Shutting down and abandoning module Documentation (122)
[2015.08.13-11.35.10:790][162]LogModuleManager: Shutting down and abandoning module GameLiveStreaming (121)
[2015.08.13-11.35.10:790][162]LogModuleManager: Shutting down and abandoning module StreamingPauseRendering (120)
[2015.08.13-11.35.10:790][162]LogModuleManager: Shutting down and abandoning module AnalyticsET (119)
[2015.08.13-11.35.10:790][162]LogModuleManager: Shutting down and abandoning module Analytics (118)
[2015.08.13-11.35.10:790][162]LogModuleManager: Shutting down and abandoning module AITestSuite (117)
[2015.08.13-11.35.10:790][162]LogModuleManager: Shutting down and abandoning module GameplayDebugger (116)
[2015.08.13-11.35.10:790][162]LogModuleManager: Shutting down and abandoning module AIModule (115)
[2015.08.13-11.35.10:790][162]LogModuleManager: Shutting down and abandoning module ProfilerService (114)
[2015.08.13-11.35.10:890][162]LogModuleManager: Shutting down and abandoning module TaskGraph (113)
[2015.08.13-11.35.10:890][162]LogModuleManager: Shutting down and abandoning module SlateRemote (112)
[2015.08.13-11.35.10:890][162]LogModuleManager: Shutting down and abandoning module SteamVRController (111)
[2015.08.13-11.35.10:890][162]LogModuleManager: Shutting down and abandoning module SteamVR (110)
[2015.08.13-11.35.10:890][162]LogModuleManager: Shutting down and abandoning module ProceduralMeshComponent (109)
[2015.08.13-11.35.10:890][162]LogModuleManager: Shutting down and abandoning module OculusRift (108)
[2015.08.13-11.35.10:890][162]LogModuleManager: Shutting down and abandoning module LeapMotionController (107)
[2015.08.13-11.35.10:896][162]LogModuleManager: Shutting down and abandoning module CustomMeshComponent (106)
[2015.08.13-11.35.10:897][162]LogModuleManager: Shutting down and abandoning module CableComponent (105)
[2015.08.13-11.35.10:897][162]LogModuleManager: Shutting down and abandoning module MessagingDebugger (104)
[2015.08.13-11.35.10:897][162]LogModuleManager: Shutting down and abandoning module MediaPlayerEditor (103)
[2015.08.13-11.35.10:897][162]LogModuleManager: Shutting down and abandoning module SpeedTreeImporter (102)
[2015.08.13-11.35.10:897][162]LogModuleManager: Shutting down and abandoning module PluginBrowser (101)
[2015.08.13-11.35.10:897][162]LogModuleManager: Shutting down and abandoning module EpicSurvey (100)
[2015.08.13-11.35.10:897][162]LogModuleManager: Shutting down and abandoning module DesktopPlatform (99)
[2015.08.13-11.35.10:897][162]LogModuleManager: Shutting down and abandoning module VisualStudioSourceCodeAccess (98)
[2015.08.13-11.35.10:897][162]LogModuleManager: Shutting down and abandoning module UObjectPlugin (97)
[2015.08.13-11.35.10:897][162]LogModuleManager: Shutting down and abandoning module SubversionSourceControl (96)
[2015.08.13-11.35.10:897][162]LogModuleManager: Shutting down and abandoning module PerforceSourceControl (95)
[2015.08.13-11.35.10:897][162]LogModuleManager: Shutting down and abandoning module SourceControl (94)
[2015.08.13-11.35.10:897][162]LogModuleManager: Shutting down and abandoning module GitSourceControl (93)
[2015.08.13-11.35.10:897][162]LogModuleManager: Shutting down and abandoning module BlankPlugin (92)
[2015.08.13-11.35.10:897][162]LogModuleManager: Shutting down and abandoning module PaperTiledImporter (91)
[2015.08.13-11.35.10:897][162]LogModuleManager: Shutting down and abandoning module PaperSpriteSheetImporter (90)
[2015.08.13-11.35.10:897][162]LogModuleManager: Shutting down and abandoning module MeshPaint (89)
[2015.08.13-11.35.10:897][162]LogModuleManager: Shutting down and abandoning module SlateReflector (88)
[2015.08.13-11.35.10:897][162]LogModuleManager: Shutting down and abandoning module DirectoryWatcher (87)
[2015.08.13-11.35.10:897][162]LogModuleManager: Shutting down and abandoning module HotReload (86)
[2015.08.13-11.35.10:897][162]LogModuleManager: Shutting down and abandoning module MainFrame (85)
[2015.08.13-11.35.10:898][162]LogModuleManager: Shutting down and abandoning module LevelEditor (84)
[2015.08.13-11.35.10:898][162]LogModuleManager: Shutting down and abandoning module ContentBrowser (83)
[2015.08.13-11.35.10:899][162]LogModuleManager: Shutting down and abandoning module Paper2DEditor (82)
[2015.08.13-11.35.10:899][162]LogModuleManager: Shutting down and abandoning module FoD (81)
[2015.08.13-11.35.10:899][162]LogModuleManager: Shutting down and abandoning module UdpMessaging (80)
[2015.08.13-11.35.11:001][162]LogModuleManager: Shutting down and abandoning module Paper2D (79)
[2015.08.13-11.35.11:001][162]LogModuleManager: Shutting down and abandoning module WindowsMoviePlayer (78)
[2015.08.13-11.35.11:003][162]LogModuleManager: Shutting down and abandoning module Media (77)
[2015.08.13-11.35.11:003][162]LogModuleManager: Shutting down and abandoning module WmfMedia (76)
[2015.08.13-11.35.11:003][162]LogModuleManager: Shutting down and abandoning module OnlineBlueprintSupport (75)
[2015.08.13-11.35.11:003][162]LogModuleManager: Shutting down and abandoning module PropertyEditor (74)
[2015.08.13-11.35.11:003][162]LogModuleManager: Shutting down and abandoning module BehaviorTreeEditor (73)
[2015.08.13-11.35.11:003][162]LogModuleManager: Shutting down and abandoning module FunctionalTesting (72)
[2015.08.13-11.35.11:003][162]LogModuleManager: Shutting down and abandoning module CollisionAnalyzer (71)
[2015.08.13-11.35.11:003][162]LogModuleManager: Shutting down and abandoning module WorkspaceMenuStructure (70)
[2015.08.13-11.35.11:003][162]LogModuleManager: Shutting down and abandoning module MessageLog (69)
[2015.08.13-11.35.11:003][162]LogModuleManager: Shutting down and abandoning module Sequencer (68)
[2015.08.13-11.35.11:003][162]LogModuleManager: Shutting down and abandoning module AssetTools (67)
[2015.08.13-11.35.11:004][162]LogModuleManager: Shutting down and abandoning module UMGEditor (66)
[2015.08.13-11.35.11:004][162]LogModuleManager: Shutting down and abandoning module UMG (65)
[2015.08.13-11.35.11:004][162]LogModuleManager: Shutting down and abandoning module Slate (64)
[2015.08.13-11.35.11:004][162]LogModuleManager: Shutting down and abandoning module EditorStyle (63)
[2015.08.13-11.35.11:006][162]LogModuleManager: Shutting down and abandoning module SessionServices (62)
[2015.08.13-11.35.11:006][162]LogModuleManager: Shutting down and abandoning module SourceCodeAccess (61)
[2015.08.13-11.35.11:006][162]LogModuleManager: Shutting down and abandoning module HeadMountedDisplay (60)
[2015.08.13-11.35.11:006][162]LogModuleManager: Shutting down and abandoning module XAudio2 (59)
[2015.08.13-11.35.11:006][162]LogModuleManager: Shutting down and abandoning module Networking (57)
[2015.08.13-11.35.11:006][162]LogModuleManager: Shutting down and abandoning module Core (56)
[2015.08.13-11.35.11:006][162]LogModuleManager: Shutting down and abandoning module KismetCompiler (55)
[2015.08.13-11.35.11:006][162]LogModuleManager: Shutting down and abandoning module PhysXFormats (54)
[2015.08.13-11.35.11:006][162]LogModuleManager: Shutting down and abandoning module MeshUtilities (53)
[2015.08.13-11.35.11:006][162]LogModuleManager: Shutting down and abandoning module DerivedDataCache (52)
[2015.08.13-11.35.11:064][162]LogDerivedDataCache: Shutdown
[2015.08.13-11.35.11:064][162]LogModuleManager: Shutting down and abandoning module ShaderFormatOpenGL (51)
[2015.08.13-11.35.11:064][162]LogModuleManager: Shutting down and abandoning module ShaderFormatD3D (50)
[2015.08.13-11.35.11:064][162]LogModuleManager: Shutting down and abandoning module MetalShaderFormat (49)
[2015.08.13-11.35.11:064][162]LogModuleManager: Shutting down and abandoning module TextureFormatUncompressed (48)
[2015.08.13-11.35.11:064][162]LogModuleManager: Shutting down and abandoning module TextureFormatPVR (47)
[2015.08.13-11.35.11:064][162]LogModuleManager: Shutting down and abandoning module TextureFormatIntelISPCTexComp (46)
[2015.08.13-11.35.11:064][162]LogModuleManager: Shutting down and abandoning module TextureFormatDXT (45)
[2015.08.13-11.35.11:064][162]LogModuleManager: Shutting down and abandoning module ImageWrapper (44)
[2015.08.13-11.35.11:064][162]LogModuleManager: Shutting down and abandoning module TextureFormatASTC (43)
[2015.08.13-11.35.11:064][162]LogModuleManager: Shutting down and abandoning module TextureFormatAndroid (42)
[2015.08.13-11.35.11:064][162]LogModuleManager: Shutting down and abandoning module AudioFormatOpus (41)
[2015.08.13-11.35.11:064][162]LogModuleManager: Shutting down and abandoning module AudioFormatOgg (40)
[2015.08.13-11.35.11:064][162]LogModuleManager: Shutting down and abandoning module AudioFormatADPCM (39)
[2015.08.13-11.35.11:064][162]LogModuleManager: Shutting down and abandoning module LinuxTargetPlatform (38)
[2015.08.13-11.35.11:064][162]LogModuleManager: Shutting down and abandoning module LinuxServerTargetPlatform (37)
[2015.08.13-11.35.11:064][162]LogModuleManager: Shutting down and abandoning module LinuxNoEditorTargetPlatform (36)
[2015.08.13-11.35.11:064][162]LogModuleManager: Shutting down and abandoning module Messaging (35)
[2015.08.13-11.35.11:064][162]LogModuleManager: Shutting down and abandoning module IOSTargetPlatform (34)
[2015.08.13-11.35.11:064][162]LogModuleManager: Shutting down and abandoning module HTML5TargetPlatform (33)
[2015.08.13-11.35.11:064][162]LogModuleManager: Shutting down and abandoning module Android_PVRTCTargetPlatform (32)
[2015.08.13-11.35.11:064][162]LogModuleManager: Shutting down and abandoning module Android_ETC2TargetPlatform (31)
[2015.08.13-11.35.11:064][162]LogModuleManager: Shutting down and abandoning module Android_ETC1TargetPlatform (30)
[2015.08.13-11.35.11:064][162]LogModuleManager: Shutting down and abandoning module Android_DXTTargetPlatform (29)
[2015.08.13-11.35.11:064][162]LogModuleManager: Shutting down and abandoning module Android_ATCTargetPlatform (28)
[2015.08.13-11.35.11:064][162]LogModuleManager: Shutting down and abandoning module Android_ASTCTargetPlatform (27)
[2015.08.13-11.35.11:064][162]LogModuleManager: Shutting down and abandoning module AndroidTargetPlatform (26)
[2015.08.13-11.35.11:064][162]LogModuleManager: Shutting down and abandoning module WindowsTargetPlatform (25)
[2015.08.13-11.35.11:064][162]LogModuleManager: Shutting down and abandoning module WindowsServerTargetPlatform (24)
[2015.08.13-11.35.11:064][162]LogModuleManager: Shutting down and abandoning module WindowsNoEditorTargetPlatform (23)
[2015.08.13-11.35.11:064][162]LogModuleManager: Shutting down and abandoning module WindowsClientTargetPlatform (22)
[2015.08.13-11.35.11:064][162]LogModuleManager: Shutting down and abandoning module DesktopTargetPlatform (21)
[2015.08.13-11.35.11:064][162]LogModuleManager: Shutting down and abandoning module TargetPlatform (20)
[2015.08.13-11.35.11:064][162]LogModuleManager: Shutting down and abandoning module InputCore (19)
[2015.08.13-11.35.11:064][162]LogModuleManager: Shutting down and abandoning module Settings (18)
[2015.08.13-11.35.11:064][162]LogModuleManager: Shutting down and abandoning module OnlineSubsystem (16)
[2015.08.13-11.35.11:064][162]LogModuleManager: Shutting down and abandoning module HTTP (15)
[2015.08.13-11.35.11:065][162]LogModuleManager: Shutting down and abandoning module ExampleDeviceProfileSelector (14)
[2015.08.13-11.35.11:065][162]LogModuleManager: Shutting down and abandoning module TextureCompressor (13)
[2015.08.13-11.35.11:065][162]LogModuleManager: Shutting down and abandoning module ShaderCore (12)
[2015.08.13-11.35.11:065][162]LogModuleManager: Shutting down and abandoning module Landscape (11)
[2015.08.13-11.35.11:065][162]LogModuleManager: Shutting down and abandoning module SlateRHIRenderer (10)
[2015.08.13-11.35.11:066][162]LogModuleManager: Shutting down and abandoning module OpenGLDrv (9)
[2015.08.13-11.35.11:066][162]LogModuleManager: Shutting down and abandoning module D3D11RHI (8)
[2015.08.13-11.35.11:066][162]LogModuleManager: Shutting down and abandoning module Renderer (7)
[2015.08.13-11.35.11:066][162]LogModuleManager: Shutting down and abandoning module Engine (6)
[2015.08.13-11.35.11:066][162]LogModuleManager: Shutting down and abandoning module CoreUObject (5)
[2015.08.13-11.35.11:066][162]LogModuleManager: Shutting down and abandoning module NetworkFile (4)
[2015.08.13-11.35.11:066][162]LogModuleManager: Shutting down and abandoning module StreamingFile (3)
[2015.08.13-11.35.11:066][162]LogModuleManager: Shutting down and abandoning module SandboxFile (2)
[2015.08.13-11.35.11:066][162]LogModuleManager: Shutting down and abandoning module PakFile (1)
[2015.08.13-11.35.11:067][162]LogExit: Exiting.
[2015.08.13-11.35.11:082][162]Log file closed, 08/13/15 14:35:11
