[2015.08.14-11.10.43:817][  0]Log file open, 08/14/15 14:10:43
[2015.08.14-11.10.43:817][  0]LogInit:Display: Running engine for game: FoD
[2015.08.14-11.10.43:817][  0]LogInit:Display: RandInit(1676288753) SRandInit(1676288753).
[2015.08.14-11.10.43:817][  0]LogTaskGraph: Started task graph with 4 named threads and 5 total threads.
[2015.08.14-11.10.43:817][  0]LogStats: Stats thread started
[2015.08.14-11.10.43:817][  0]LogInit: Version: 4.8.3-2634408+++depot+UE4-Releases+4.8
[2015.08.14-11.10.43:817][  0]LogInit: API Version: 2579680
[2015.08.14-11.10.43:817][  0]LogInit: Compiled (64-bit): Jul 27 2015 16:24:33
[2015.08.14-11.10.43:817][  0]LogInit: Compiled with Visual C++: 18.00.21005.01
[2015.08.14-11.10.43:817][  0]LogInit: Build Configuration: Development
[2015.08.14-11.10.43:817][  0]LogInit: Branch Name: ++depot+UE4-Releases+4.8
[2015.08.14-11.10.43:817][  0]LogInit: Command line:  
[2015.08.14-11.10.43:817][  0]LogInit: Base directory: C:/Program Files/Epic Games/4.8/Engine/Binaries/Win64/
[2015.08.14-11.10.43:817][  0]LogInit: Rocket: 1
[2015.08.14-11.10.43:838][  0]LogInit: Using libcurl 7.41.0
[2015.08.14-11.10.43:838][  0]LogInit:  - built for x86_64-pc-win32
[2015.08.14-11.10.43:838][  0]LogInit:  - supports SSL with WinSSL
[2015.08.14-11.10.43:838][  0]LogInit:  - other features:
[2015.08.14-11.10.43:838][  0]LogInit:      CURL_VERSION_SSL
[2015.08.14-11.10.43:838][  0]LogInit:      CURL_VERSION_IPV6
[2015.08.14-11.10.43:838][  0]LogInit:      CURL_VERSION_ASYNCHDNS
[2015.08.14-11.10.43:838][  0]LogInit:      CURL_VERSION_LARGEFILE
[2015.08.14-11.10.43:838][  0]LogInit:      CURL_VERSION_IDN
[2015.08.14-11.10.43:838][  0]LogInit:  CurlRequestOptions (configurable via config and command line):
[2015.08.14-11.10.43:838][  0]LogInit:  - bVerifyPeer = true  - Libcurl will verify peer certificate
[2015.08.14-11.10.43:838][  0]LogInit:  - bUseHttpProxy = false  - Libcurl will NOT use HTTP proxy
[2015.08.14-11.10.43:838][  0]LogInit:  - bDontReuseConnections = false  - Libcurl will reuse connections
[2015.08.14-11.10.43:838][  0]LogInit:  - CertBundlePath = nullptr  - Libcurl will use whatever was configured at build time.
[2015.08.14-11.10.43:858][  0]LogOnline:Warning: No default platform service specified for OnlineSubsystem
[2015.08.14-11.10.43:881][  0]LogInit: Presizing for 0 objects not considered by GC, pre-allocating 0 bytes.
[2015.08.14-11.10.43:895][  0]LogInit: Object subsystem initialized
[2015.08.14-11.10.43:896][  0]LogConsoleResponse:Warning: Skipping Unknown console variable: 'TranslucentSortAxis = (X=0.000000,Y=-1.000000,Z=0.000000)'
[2015.08.14-11.10.43:896][  0]LogConsoleResponse:Warning:   Found in ini file 'D:/projects/unreal/FoD 4.8/Saved/Config/Windows/Engine.ini', in section '[/Script/Engine.RendererSettings]'
[2015.08.14-11.10.43:896][  0]LogConsoleResponse:Warning: Skipping Unknown console variable: 'UIScaleRule = ShortestSide'
[2015.08.14-11.10.43:896][  0]LogConsoleResponse:Warning:   Found in ini file 'D:/projects/unreal/FoD 4.8/Saved/Config/Windows/Engine.ini', in section '[/Script/Engine.RendererSettings]'
[2015.08.14-11.10.43:896][  0]LogConsoleResponse:Warning: Skipping Unknown console variable: 'UIScaleCurve = (EditorCurveData=(Keys=),ExternalCurve=None)'
[2015.08.14-11.10.43:896][  0]LogConsoleResponse:Warning:   Found in ini file 'D:/projects/unreal/FoD 4.8/Saved/Config/Windows/Engine.ini', in section '[/Script/Engine.RendererSettings]'
[2015.08.14-11.10.43:897][  0]LogInit: Selected Device Profile: [Windows]
[2015.08.14-11.10.43:897][  0]LogInit: Applying CVar settings loaded from the selected device profile: [Windows]
[2015.08.14-11.10.43:907][  0]LogInit: Computer: PC
[2015.08.14-11.10.43:907][  0]LogInit: User: Ilya
[2015.08.14-11.10.43:907][  0]LogInit: CPU Page size=4096, Cores=2
[2015.08.14-11.10.43:907][  0]LogInit: High frequency timer resolution =2.533319 MHz
[2015.08.14-11.10.43:908][  0]LogMemory: Memory total: Physical=7.9GB (8GB approx)
[2015.08.14-11.10.43:908][  0]LogMemory: Platform Memory Stats for Windows
[2015.08.14-11.10.43:908][  0]LogMemory: Process Physical Memory: 48.59 MB used, 48.59 MB peak
[2015.08.14-11.10.43:908][  0]LogMemory: Process Virtual Memory: 24.61 MB used, 24.61 MB peak
[2015.08.14-11.10.43:908][  0]LogMemory: Physical Memory: 2402.31 MB used, 8077.82 MB total
[2015.08.14-11.10.43:908][  0]LogMemory: Virtual Memory: 293.50 MB used, 134217728.00 MB total
[2015.08.14-11.10.43:955][  0]LogTextLocalizationManager: The requested culture ('ru_RU') has no localization data; falling back to 'en' for localization and internationalization data.
[2015.08.14-11.10.44:332][  0]LogTextLocalizationManager:Warning: Loaded localization resources contain conflicting entries for (Namespace:ContentBrowser, Key:ImportAssetToolTip):
Localization Resource: (C:/Program Files/Epic Games/4.8/Engine/Content/Localization/Editor/en/Editor.locres) Source String Hash: (-630476809) Localized String: (Import to {0}...)
Localization Resource: (C:/Program Files/Epic Games/4.8/Engine/Content/Localization/Editor/en/Editor.locres) Source String Hash: (1271782899) Localized String: (Imports an asset from file to this folder.)
[2015.08.14-11.10.44:952][  0]LogD3D11RHI: Found D3D11 adapter 0: NVIDIA GeForce GT 740M   (Feature Level 11_0)
[2015.08.14-11.10.44:952][  0]LogD3D11RHI: Adapter has 1988MB of dedicated video memory, 0MB of dedicated system memory, and 2048MB of shared system memory, 1 output[s]
[2015.08.14-11.10.44:975][  0]LogD3D11RHI: Found D3D11 adapter 1: NVIDIA GeForce GT 740M   (Feature Level 11_0)
[2015.08.14-11.10.44:975][  0]LogD3D11RHI: Adapter has 1988MB of dedicated video memory, 0MB of dedicated system memory, and 2048MB of shared system memory, 0 output[s]
[2015.08.14-11.10.44:976][  0]LogD3D11RHI: Found D3D11 adapter 2: Microsoft Basic Render Driver (Feature Level 11_0)
[2015.08.14-11.10.44:976][  0]LogD3D11RHI: Adapter has 1988MB of dedicated video memory, 0MB of dedicated system memory, and 2048MB of shared system memory, 0 output[s]
[2015.08.14-11.10.44:976][  0]LogD3D11RHI: Chosen D3D11 Adapter Id = 0
[2015.08.14-11.10.44:980][  0]LogD3D11RHI: InitD3DDevice
[2015.08.14-11.10.44:980][  0]LogD3D11RHI: !Direct3DDevice
[2015.08.14-11.10.44:981][  0]LogRHI: Texture pool is 1361 MB (70% of 1945 MB)
[2015.08.14-11.10.44:996][  0]LogD3D11RHI: Async texture creation enabled
[2015.08.14-11.10.45:014][  0]LogShaderCompilers:Display: Using Local Shader Compiler.
[2015.08.14-11.10.46:016][  0]LogTemp:Display: Loaded TP DesktopTargetPlatform
[2015.08.14-11.10.46:035][  0]LogTemp:Display: Loaded TP WindowsClientTargetPlatform
[2015.08.14-11.10.46:054][  0]LogTemp:Display: Loaded TP WindowsNoEditorTargetPlatform
[2015.08.14-11.10.46:075][  0]LogTemp:Display: Loaded TP WindowsServerTargetPlatform
[2015.08.14-11.10.46:098][  0]LogTemp:Display: Loaded TP WindowsTargetPlatform
[2015.08.14-11.10.46:115][  0]LogTemp:Display: Loaded TP AndroidTargetPlatform
[2015.08.14-11.10.46:134][  0]LogTemp:Display: Loaded TP Android_ASTCTargetPlatform
[2015.08.14-11.10.46:149][  0]LogTemp:Display: Loaded TP Android_ATCTargetPlatform
[2015.08.14-11.10.46:164][  0]LogTemp:Display: Loaded TP Android_DXTTargetPlatform
[2015.08.14-11.10.46:181][  0]LogTemp:Display: Loaded TP Android_ETC1TargetPlatform
[2015.08.14-11.10.46:197][  0]LogTemp:Display: Loaded TP Android_ETC2TargetPlatform
[2015.08.14-11.10.46:212][  0]LogTemp:Display: Loaded TP Android_PVRTCTargetPlatform
[2015.08.14-11.10.46:274][  0]LogTemp:Display: Loaded TP IOSTargetPlatform
[2015.08.14-11.10.46:289][  0]LogTemp:Display: Loaded TP LinuxNoEditorTargetPlatform
[2015.08.14-11.10.46:305][  0]LogTemp:Display: Loaded TP LinuxServerTargetPlatform
[2015.08.14-11.10.46:323][  0]LogTemp:Display: Loaded TP LinuxTargetPlatform
[2015.08.14-11.10.46:324][  0]LogTargetPlatformManager:Display: Building Assets For Windows
[2015.08.14-11.10.46:647][  0]LogDerivedDataCache:Display: Max Cache Size: 512 MB
[2015.08.14-11.10.46:723][  0]LogDerivedDataCache: Loaded boot cache 0.08s 53MB C:/Users/Ilya/AppData/Local/UnrealEngine/4.8/DerivedDataCache/Boot.ddc.
[2015.08.14-11.10.46:723][  0]LogDerivedDataCache:Display: Loaded Boot cache: C:/Users/Ilya/AppData/Local/UnrealEngine/4.8/DerivedDataCache/Boot.ddc
[2015.08.14-11.10.46:724][  0]LogDerivedDataCache: FDerivedDataBackendGraph:  Pak pak cache file D:/projects/unreal/FoD 4.8/DerivedDataCache/DDC.ddp not found, will not use a pak cache.
[2015.08.14-11.10.46:724][  0]LogDerivedDataCache: Unable to find inner node Pak for hierarchical cache Hierarchy.
[2015.08.14-11.10.46:724][  0]LogDerivedDataCache: FDerivedDataBackendGraph:  CompressedPak pak cache file D:/projects/unreal/FoD 4.8/DerivedDataCache/Compressed.ddp not found, will not use a pak cache.
[2015.08.14-11.10.46:724][  0]LogDerivedDataCache: Unable to find inner node CompressedPak for hierarchical cache Hierarchy.
[2015.08.14-11.10.46:905][  0]LogDerivedDataCache:Display: Pak cache opened for reading ../../../Engine/DerivedDataCache/Compressed.ddp.
[2015.08.14-11.10.46:917][  0]LogDerivedDataCache: Using Local data cache path C:/Users/Ilya/AppData/Local/UnrealEngine/Common/DerivedDataCache: Writable
[2015.08.14-11.10.47:204][  0]LogInit: Selected Device Profile: [Windows]
[2015.08.14-11.10.47:298][  0]ImportText (ComponentSweepMultiTests): Missing closing parenthesis: (RootShapeAsset="/Engine/BasicShapes/Cube.Cube",ShapeType="TriggerCapsule",HitResult=(Time=0.50,Location=(X=-100.000015,Y=0.0,Z=100.000015),ImpactPoint=(X=-50.0,Y=0.0,Z=50.0),Normal=(X=-1.0,Y=-0.0,Z=0.0),ImpactNormal=(X=0.0,Y=0.0,Z=1.0),TraceStart=(X=-200.0,Y=0.0,Z=200.0),TraceEnd=(X=0.0,Y=0.0,Z=0.0))
[2015.08.14-11.10.47:299][  0]ImportText (LineTraceSingleByChannelTests): Missing closing parenthesis: (RootShapeAsset="/Engine/BasicShapes/Cube.Cube",HitResult=(Time=0.50,Location=(X=-100.000015,Y=0.0,Z=100.000015),ImpactPoint=(X=-50.0,Y=0.0,Z=50.0),Normal=(X=-1.0,Y=-0.0,Z=0.0),ImpactNormal=(X=0.0,Y=0.0,Z=1.0),TraceStart=(X=-200.0,Y=0.0,Z=200.0),TraceEnd=(X=0.0,Y=0.0,Z=0.0))
[2015.08.14-11.10.47:330][  0]LogMeshUtilities: No automatic mesh reduction module available
[2015.08.14-11.10.47:330][  0]LogMeshUtilities: No automatic mesh merging module available
[2015.08.14-11.10.47:685][  0]LogInit: WinSock: version 1.1 (2.2), MaxSocks=32767, MaxUdp=65467
[2015.08.14-11.10.48:807][  0]UdpMessaging: Initializing bridge on interface 0.0.0.0:0 to multicast group 230.0.0.1:6666.
[2015.08.14-11.10.49:229][  0]SourceControl: Info Source control is disabled
[2015.08.14-11.10.49:230][  0]SourceControl: Info Source control is disabled
[2015.08.14-11.10.49:241][  0]SourceControl: Info Source control is disabled
[2015.08.14-11.10.49:252][  0]SourceControl: Info Source control is disabled
[2015.08.14-11.10.49:522][  0]LogObj: 26335 objects as part of root set at end of initial load.
[2015.08.14-11.10.49:522][  0]LogUObjectAllocator: 5436688 out of 0 bytes used by permanent object pool.
[2015.08.14-11.10.49:608][  0]LogEngine: Initializing Engine...
[2015.08.14-11.10.49:610][  0]LogHMD: Can't find Oculus library dev build: is proper Runtime installed? Version: 0.6.0.0
[2015.08.14-11.10.49:612][  0]LogHMD:Warning: SteamVR failed to initialize.  Error: 110
[2015.08.14-11.10.49:801][  0]LogAIModule: Creating AISystem for world NewWorld
[2015.08.14-11.10.49:807][  0]LogInit: XAudio2 using 'Динамики (Realtek High Definition Audio)' : 2 channels at 44.1 kHz using 32 bits per sample (channel mask 0x3)
[2015.08.14-11.10.49:857][  0]LogInit: FAudioDevice initialized.
[2015.08.14-11.10.49:891][  0]LogDerivedDataCache: Saved boot cache 0.03s 53MB C:/Users/Ilya/AppData/Local/UnrealEngine/4.8/DerivedDataCache/Boot.ddc.
[2015.08.14-11.10.49:897][  0]LogInit: Texture streaming: Disabled
[2015.08.14-11.10.49:931][  0]LogAnalytics: Creating configured Analytics provider AnalyticsET
[2015.08.14-11.10.49:931][  0]LogAnalytics: [UEEditor.Rocket.Release] APIServer = http://et2.epicgames.com/ET2/. AppVersion = 4.8.3-2634408+++depot+UE4-Releases+4.8
[2015.08.14-11.10.49:932][  0]LogAnalytics: [UEEditor.Rocket.Release] SetUserId a7f999d945d7ce1bcb40819eed5fc215|9874e92d453642a1a852b47e8a1bb05f|e0bf2233-ae09-4568-aecc-a45b89a1cc1d
[2015.08.14-11.10.49:932][  0]LogAnalytics: [UEEditor.Rocket.Release] AnalyticsET::StartSession
[2015.08.14-11.10.49:960][  0]LogInit: Transaction tracking system initialized
[2015.08.14-11.10.50:146][  0]BlueprintLog: New page: Editor Load
[2015.08.14-11.10.50:188][  0]LogAssetRegistry: FAssetRegistry took 0.0107 seconds to start up
[2015.08.14-11.10.50:188][  0]LogDirectoryWatcher:Warning: Failed to begin reading directory changes for ../../../Engine/Plugins/Experimental/CharacterAI/Content/. Error: 0
[2015.08.14-11.10.51:194][  0]LogConsoleManager:Warning: Console variable 'r.VSync' wasn't set ('GameSetting' has a lower priority than 'SystemSettingsIni')
[2015.08.14-11.10.51:194][  0]LogConsoleResponse:Display: 
[2015.08.14-11.10.51:361][  0]LogCook:Display: Done creating registry. It took  0.00s.
[2015.08.14-11.10.51:653][  0]SourceControl: Info Source control is disabled
[2015.08.14-11.10.51:653][  0]Cmd: MAP LOAD FILE="../../../Engine/Content/Maps/Templates/Template_Default.umap" TEMPLATE=1 SHOWPROGRESS=1 FEATURELEVEL=3
[2015.08.14-11.10.51:654][  0]LightingResults: New page: Lighting Build
[2015.08.14-11.10.51:679][  0]MapCheck: New page: Map Check
[2015.08.14-11.10.51:679][  0]LightingResults: New page: Lighting Build
[2015.08.14-11.10.51:703][  0]LogParticles: Destroying 0 GPU particle simulations for FXSystem 0x0000006015CF54E0
[2015.08.14-11.10.52:360][  0]LogAIModule: Creating AISystem for world Untitled_1
[2015.08.14-11.10.52:369][  0]LogEditorServer: Finished looking for orphan Actors (0.000 secs)
[2015.08.14-11.10.52:380][  0]Cmd: MAP CHECKDEP NOCLEARLOG
[2015.08.14-11.10.52:432][  0]MapCheck: Info Map check complete: 0 Error(s), 0 Warning(s), took 51.744ms to complete.
[2015.08.14-11.10.52:432][  0]LogFileHelpers: Loading map 'Template_Default' took 0.778
[2015.08.14-11.10.52:588][  0]LogCollectionManager: Loaded 0 collections in 0.003070 seconds
[2015.08.14-11.10.52:601][  0]LogContentBrowser: Native class hierarchy populated in 0.0133 seconds. Added 1796 classes and 303 folders.
[2015.08.14-11.10.52:670][  0]LogContentBrowser: Native class hierarchy updated for 'WidgetCarousel' in 0.0026 seconds. Added 0 classes and 0 folders.
[2015.08.14-11.10.52:714][  0]LogContentBrowser: Native class hierarchy updated for 'AddContentDialog' in 0.0024 seconds. Added 0 classes and 0 folders.
[2015.08.14-11.10.52:743][  0]LogContentBrowser: Native class hierarchy updated for 'SceneOutliner' in 0.0026 seconds. Added 1 classes and 2 folders.
[2015.08.14-11.10.52:793][  0]LogCrashTracker: Crashtracker disabled due to settings.
[2015.08.14-11.10.52:794][  0]LogD3D11RHI: InitD3DDevice
[2015.08.14-11.10.52:798][  0]LogUObjectGlobals:Warning: Failed to find object 'Class None.'
[2015.08.14-11.10.52:821][  0]LogLoad: Full Startup: 11.44 seconds (BP compile: 0.20 seconds)
[2015.08.14-11.10.53:226][  0]LogContentStreaming: Texture pool size is 0.000000MB
[2015.08.14-11.10.53:253][  0]LogContentStreaming: Texture pool size now 1000 MB
[2015.08.14-11.10.53:449][  0]LogRenderer: Reallocating scene render targets to support 1208x576 (Frame:2).
[2015.08.14-11.10.54:702][  6]LogAssetRegistry: Asset discovery search completed in 4.5247 seconds
[2015.08.14-11.10.54:825][ 13]LogD3D11RHI: InitD3DDevice
[2015.08.14-11.10.56:506][106]LogD3D11RHI: InitD3DDevice
[2015.08.14-11.10.56:550][106]LogAIModule: Creating AISystem for world Untitled
[2015.08.14-11.10.56:616][106]Cmd: MAP LOAD FILE="D:/projects/unreal/FoD 4.8/Content/Maps/Untitled.umap" TEMPLATE=0 SHOWPROGRESS=1 FEATURELEVEL=3
[2015.08.14-11.10.56:616][106]LightingResults: New page: Lighting Build
[2015.08.14-11.10.56:635][106]LoadErrors: New page: Loading map: Untitled.umap
[2015.08.14-11.10.56:636][106]MapCheck: New page: Map Check
[2015.08.14-11.10.56:636][106]LightingResults: New page: Lighting Build
[2015.08.14-11.10.56:653][106]LogParticles: Destroying 0 GPU particle simulations for FXSystem 0x000000600C1C2200
[2015.08.14-11.10.56:728][106]LogAIModule: Creating AISystem for world Untitled
[2015.08.14-11.10.56:731][106]LogEditorServer: Finished looking for orphan Actors (0.000 secs)
[2015.08.14-11.10.56:768][106]Cmd: MAP CHECKDEP NOCLEARLOG
[2015.08.14-11.10.56:811][106]MapCheck: Info Map check complete: 0 Error(s), 0 Warning(s), took 42.4ms to complete.
[2015.08.14-11.10.56:811][106]LogFileHelpers: Loading map 'Untitled' took 0.195
[2015.08.14-11.10.58:044][176]LogPlayLevel: PIE:  No blueprints needed recompiling
[2015.08.14-11.10.58:047][176]PIE: New page: PIE session: Untitled (Aug 14, 2015, 5:10:58 PM)
[2015.08.14-11.10.58:047][176]LogPlayLevel: Creating play world package: /Game/Maps/UEDPIE_0_Untitled
[2015.08.14-11.10.58:050][176]LogPlayLevel: PIE: StaticDuplicateObject took: (0.002574s)
[2015.08.14-11.10.58:050][176]LogAIModule: Creating AISystem for world Untitled
[2015.08.14-11.10.58:051][176]LogPlayLevel: PIE: World Init took: (0.001320s)
[2015.08.14-11.10.58:051][176]LogPlayLevel: PIE: Created PIE world by copying editor world from /Game/Maps/Untitled.Untitled to /Game/Maps/UEDPIE_0_Untitled.Untitled (0.004109s)
[2015.08.14-11.10.58:079][176]LogInit: XAudio2 using 'Динамики (Realtek High Definition Audio)' : 2 channels at 44.1 kHz using 32 bits per sample (channel mask 0x3)
[2015.08.14-11.10.58:118][176]LogInit: FAudioDevice initialized.
[2015.08.14-11.10.58:164][176]LogWorld: Game class is 'FPGameMode'
[2015.08.14-11.10.58:169][176]LogWorld: Bringing World /Game/Maps/UEDPIE_0_Untitled.Untitled up for play (max tick rate 60) at 2015.08.14-14.10.58
[2015.08.14-11.10.58:169][176]LogActor:Warning: GameSession /Game/Maps/UEDPIE_0_Untitled.Untitled:PersistentLevel.GameSession_0 has natively added scene component(s), but none of them were set as the actor's RootComponent - picking one arbitrarily
[2015.08.14-11.10.58:169][176]LogActor:Warning: GameNetworkManager /Game/Maps/UEDPIE_0_Untitled.Untitled:PersistentLevel.GameNetworkManager_0 has natively added scene component(s), but none of them were set as the actor's RootComponent - picking one arbitrarily
[2015.08.14-11.10.58:170][176]LogWorld: Bringing up level for play took: 0.003941
[2015.08.14-11.10.58:172][176]PIE: Info Play in editor start time for /Game/Maps/UEDPIE_0_Untitled -0.868
[2015.08.14-11.11.00:769][282]PIE:Warning: Warning Mobility of SpotLight_0 : LightComponent0 has to be 'Movable' if you'd like to Mobility of {0} : {1} has to be 'Movable' if you'd like to {2}. . 
[2015.08.14-11.11.00:769][282]PIE:Warning: Warning Mobility of SpotLight_0 : LightComponent0 has to be 'Movable' if you'd like to Mobility of {0} : {1} has to be 'Movable' if you'd like to {2}. . 
[2015.08.14-11.11.21:433][734]PIE:Warning: Warning Mobility of SpotLight_2 : LightComponent0 has to be 'Movable' if you'd like to Mobility of {0} : {1} has to be 'Movable' if you'd like to {2}. . 
[2015.08.14-11.11.21:433][734]PIE:Warning: Warning Mobility of SpotLight_2 : LightComponent0 has to be 'Movable' if you'd like to Mobility of {0} : {1} has to be 'Movable' if you'd like to {2}. . 
[2015.08.14-11.11.26:097][884]LogParticles: Destroying 0 GPU particle simulations for FXSystem 0x0000006024670360
[2015.08.14-11.11.27:363][955]LogPlayLevel: PIE:  No blueprints needed recompiling
[2015.08.14-11.11.27:363][955]PIE: New page: PIE session: Untitled (Aug 14, 2015, 5:11:27 PM)
[2015.08.14-11.11.27:363][955]LogPlayLevel: Creating play world package: /Game/Maps/UEDPIE_0_Untitled
[2015.08.14-11.11.27:366][955]LogPlayLevel: PIE: StaticDuplicateObject took: (0.002658s)
[2015.08.14-11.11.27:367][955]LogAIModule: Creating AISystem for world Untitled
[2015.08.14-11.11.27:368][955]LogPlayLevel: PIE: World Init took: (0.001674s)
[2015.08.14-11.11.27:368][955]LogPlayLevel: PIE: Created PIE world by copying editor world from /Game/Maps/Untitled.Untitled to /Game/Maps/UEDPIE_0_Untitled.Untitled (0.004558s)
[2015.08.14-11.11.27:395][955]LogInit: XAudio2 using 'Динамики (Realtek High Definition Audio)' : 2 channels at 44.1 kHz using 32 bits per sample (channel mask 0x3)
[2015.08.14-11.11.27:431][955]LogInit: FAudioDevice initialized.
[2015.08.14-11.11.27:471][955]LogWorld: Game class is 'FPGameMode'
[2015.08.14-11.11.27:476][955]LogWorld: Bringing World /Game/Maps/UEDPIE_0_Untitled.Untitled up for play (max tick rate 60) at 2015.08.14-14.11.27
[2015.08.14-11.11.27:476][955]LogActor:Warning: GameSession /Game/Maps/UEDPIE_0_Untitled.Untitled:PersistentLevel.GameSession_1 has natively added scene component(s), but none of them were set as the actor's RootComponent - picking one arbitrarily
[2015.08.14-11.11.27:476][955]LogActor:Warning: GameNetworkManager /Game/Maps/UEDPIE_0_Untitled.Untitled:PersistentLevel.GameNetworkManager_1 has natively added scene component(s), but none of them were set as the actor's RootComponent - picking one arbitrarily
[2015.08.14-11.11.27:476][955]LogWorld: Bringing up level for play took: 0.003668
[2015.08.14-11.11.27:479][955]PIE: Info Play in editor start time for /Game/Maps/UEDPIE_0_Untitled 0.438
[2015.08.14-11.11.30:168][ 68]PIE:Warning: Warning Mobility of SpotLight_3 : LightComponent0 has to be 'Movable' if you'd like to Mobility of {0} : {1} has to be 'Movable' if you'd like to {2}. . 
[2015.08.14-11.11.30:168][ 68]PIE:Warning: Warning Mobility of SpotLight_3 : LightComponent0 has to be 'Movable' if you'd like to Mobility of {0} : {1} has to be 'Movable' if you'd like to {2}. . 
[2015.08.14-11.11.53:871][514]LogParticles: Destroying 0 GPU particle simulations for FXSystem 0x000000601B3FD620
[2015.08.14-11.11.54:911][575]LogPlayLevel: PIE:  No blueprints needed recompiling
[2015.08.14-11.11.54:911][575]PIE: New page: PIE session: Untitled (Aug 14, 2015, 5:11:54 PM)
[2015.08.14-11.11.54:912][575]LogPlayLevel: Creating play world package: /Game/Maps/UEDPIE_0_Untitled
[2015.08.14-11.11.54:914][575]LogPlayLevel: PIE: StaticDuplicateObject took: (0.002593s)
[2015.08.14-11.11.54:915][575]LogAIModule: Creating AISystem for world Untitled
[2015.08.14-11.11.54:916][575]LogPlayLevel: PIE: World Init took: (0.001503s)
[2015.08.14-11.11.54:916][575]LogPlayLevel: PIE: Created PIE world by copying editor world from /Game/Maps/Untitled.Untitled to /Game/Maps/UEDPIE_0_Untitled.Untitled (0.004317s)
[2015.08.14-11.11.54:943][575]LogInit: XAudio2 using 'Динамики (Realtek High Definition Audio)' : 2 channels at 44.1 kHz using 32 bits per sample (channel mask 0x3)
[2015.08.14-11.11.54:978][575]LogInit: FAudioDevice initialized.
[2015.08.14-11.11.55:013][575]LogWorld: Game class is 'FPGameMode'
[2015.08.14-11.11.55:017][575]LogWorld: Bringing World /Game/Maps/UEDPIE_0_Untitled.Untitled up for play (max tick rate 60) at 2015.08.14-14.11.55
[2015.08.14-11.11.55:017][575]LogActor:Warning: GameSession /Game/Maps/UEDPIE_0_Untitled.Untitled:PersistentLevel.GameSession_2 has natively added scene component(s), but none of them were set as the actor's RootComponent - picking one arbitrarily
[2015.08.14-11.11.55:018][575]LogActor:Warning: GameNetworkManager /Game/Maps/UEDPIE_0_Untitled.Untitled:PersistentLevel.GameNetworkManager_2 has natively added scene component(s), but none of them were set as the actor's RootComponent - picking one arbitrarily
[2015.08.14-11.11.55:018][575]LogWorld: Bringing up level for play took: 0.003610
[2015.08.14-11.11.55:020][575]PIE: Info Play in editor start time for /Game/Maps/UEDPIE_0_Untitled -0.02
[2015.08.14-11.11.56:892][652]PIE:Warning: Warning Mobility of SpotLight_4 : LightComponent0 has to be 'Movable' if you'd like to Mobility of {0} : {1} has to be 'Movable' if you'd like to {2}. . 
[2015.08.14-11.11.56:892][652]PIE:Warning: Warning Mobility of SpotLight_4 : LightComponent0 has to be 'Movable' if you'd like to Mobility of {0} : {1} has to be 'Movable' if you'd like to {2}. . 
[2015.08.14-11.12.13:944][971]PIE:Warning: Warning Mobility of SpotLight_5 : LightComponent0 has to be 'Movable' if you'd like to Mobility of {0} : {1} has to be 'Movable' if you'd like to {2}. . 
[2015.08.14-11.12.13:944][971]PIE:Warning: Warning Mobility of SpotLight_5 : LightComponent0 has to be 'Movable' if you'd like to Mobility of {0} : {1} has to be 'Movable' if you'd like to {2}. . 
[2015.08.14-11.12.15:830][ 45]PIE:Warning: Warning Mobility of SpotLight_6 : LightComponent0 has to be 'Movable' if you'd like to Mobility of {0} : {1} has to be 'Movable' if you'd like to {2}. . 
[2015.08.14-11.12.15:830][ 45]PIE:Warning: Warning Mobility of SpotLight_6 : LightComponent0 has to be 'Movable' if you'd like to Mobility of {0} : {1} has to be 'Movable' if you'd like to {2}. . 
[2015.08.14-11.12.20:289][217]PIE:Warning: Warning Mobility of SpotLight_7 : LightComponent0 has to be 'Movable' if you'd like to Mobility of {0} : {1} has to be 'Movable' if you'd like to {2}. . 
[2015.08.14-11.12.20:289][217]PIE:Warning: Warning Mobility of SpotLight_7 : LightComponent0 has to be 'Movable' if you'd like to Mobility of {0} : {1} has to be 'Movable' if you'd like to {2}. . 
[2015.08.14-11.12.39:057][694]LogParticles: Destroying 0 GPU particle simulations for FXSystem 0x0000006035805440
[2015.08.14-11.12.40:164][751]LogWindowsTextInputMethodSystem:Display: IME system now deactivated.
[2015.08.14-11.12.40:435][752]Cmd: QUIT_EDITOR
[2015.08.14-11.12.41:690][752]LogExit: Preparing to exit.
[2015.08.14-11.12.41:985][752]LogExit: Editor shut down
[2015.08.14-11.12.41:986][752]LogExit: Transaction tracking system shut down
[2015.08.14-11.12.41:986][752]LogParticles: Destroying 0 GPU particle simulations for FXSystem 0x00000060246AB100
[2015.08.14-11.12.41:987][752]LogParticles: Destroying 0 GPU particle simulations for FXSystem 0x0000006035806160
[2015.08.14-11.12.41:987][752]LogParticles: Destroying 0 GPU particle simulations for FXSystem 0x0000006035805F80
[2015.08.14-11.12.41:987][752]LogParticles: Destroying 0 GPU particle simulations for FXSystem 0x000000601B51F4C0
[2015.08.14-11.12.42:120][752]LogExit: Object subsystem successfully closed.
[2015.08.14-11.12.42:128][752]LogD3D11RHI: Shutdown
[2015.08.14-11.12.42:128][752]LogD3D11RHI: CleanupD3DDevice
[2015.08.14-11.12.42:177][752]LogD3D11RHI: ~FD3D11DynamicRHI
[2015.08.14-11.12.42:198][752]LogModuleManager: Shutting down and abandoning module CrashTracker (189)
[2015.08.14-11.12.42:198][752]LogModuleManager: Shutting down and abandoning module SceneOutliner (188)
[2015.08.14-11.12.42:198][752]LogModuleManager: Shutting down and abandoning module SuperSearch (187)
[2015.08.14-11.12.42:198][752]LogModuleManager: Shutting down and abandoning module WidgetCarousel (186)
[2015.08.14-11.12.42:198][752]LogModuleManager: Shutting down and abandoning module AddContentDialog (185)
[2015.08.14-11.12.42:199][752]LogModuleManager: Shutting down and abandoning module EditorWidgets (184)
[2015.08.14-11.12.42:199][752]LogModuleManager: Shutting down and abandoning module CollectionManager (183)
[2015.08.14-11.12.42:199][752]LogModuleManager: Shutting down and abandoning module StatsViewer (182)
[2015.08.14-11.12.42:199][752]LogModuleManager: Shutting down and abandoning module FoliageEdit (181)
[2015.08.14-11.12.42:199][752]LogModuleManager: Shutting down and abandoning module LandscapeEditor (180)
[2015.08.14-11.12.42:199][752]LogModuleManager: Shutting down and abandoning module ActorPickerMode (179)
[2015.08.14-11.12.42:199][752]LogModuleManager: Shutting down and abandoning module GeometryMode (178)
[2015.08.14-11.12.42:199][752]LogModuleManager: Shutting down and abandoning module TextureAlignMode (177)
[2015.08.14-11.12.42:199][752]LogModuleManager: Shutting down and abandoning module BspMode (176)
[2015.08.14-11.12.42:199][752]LogModuleManager: Shutting down and abandoning module PlacementMode (175)
[2015.08.14-11.12.42:199][752]LogModuleManager: Shutting down and abandoning module AutomationWorker (174)
[2015.08.14-11.12.42:199][752]LogModuleManager: Shutting down and abandoning module CharacterAI (173)
[2015.08.14-11.12.42:199][752]LogModuleManager: Shutting down and abandoning module SmartSnapping (172)
[2015.08.14-11.12.42:199][752]LogModuleManager: Shutting down and abandoning module ViewportSnapping (171)
[2015.08.14-11.12.42:199][752]LogModuleManager: Shutting down and abandoning module LogVisualizer (170)
[2015.08.14-11.12.42:199][752]LogModuleManager: Shutting down and abandoning module GameProjectGeneration (169)
[2015.08.14-11.12.42:199][752]LogModuleManager: Shutting down and abandoning module IntroTutorials (168)
[2015.08.14-11.12.42:199][752]LogModuleManager: Shutting down and abandoning module EditorLiveStreaming (167)
[2015.08.14-11.12.42:199][752]LogModuleManager: Shutting down and abandoning module IOSPlatformEditor (166)
[2015.08.14-11.12.42:199][752]LogModuleManager: Shutting down and abandoning module HTML5PlatformEditor (165)
[2015.08.14-11.12.42:199][752]LogModuleManager: Shutting down and abandoning module AndroidDeviceDetection (164)
[2015.08.14-11.12.43:020][752]LogModuleManager: Shutting down and abandoning module AndroidPlatformEditor (163)
[2015.08.14-11.12.43:020][752]LogModuleManager: Shutting down and abandoning module IOSRuntimeSettings (162)
[2015.08.14-11.12.43:020][752]LogModuleManager: Shutting down and abandoning module AndroidRuntimeSettings (161)
[2015.08.14-11.12.43:020][752]LogModuleManager: Shutting down and abandoning module MergeActors (160)
[2015.08.14-11.12.43:020][752]LogModuleManager: Shutting down and abandoning module SizeMap (159)
[2015.08.14-11.12.43:020][752]LogModuleManager: Shutting down and abandoning module TreeMap (158)
[2015.08.14-11.12.43:020][752]LogModuleManager: Shutting down and abandoning module ReferenceViewer (157)
[2015.08.14-11.12.43:020][752]LogModuleManager: Shutting down and abandoning module LocalizationDashboard (156)
[2015.08.14-11.12.43:020][752]LogModuleManager: Shutting down and abandoning module HardwareTargeting (155)
[2015.08.14-11.12.43:020][752]LogModuleManager: Shutting down and abandoning module DeviceProfileEditor (154)
[2015.08.14-11.12.43:020][752]LogModuleManager: Shutting down and abandoning module UndoHistory (153)
[2015.08.14-11.12.43:020][752]LogModuleManager: Shutting down and abandoning module GameplayTagsEditor (152)
[2015.08.14-11.12.43:020][752]LogModuleManager: Shutting down and abandoning module UserFeedback (151)
[2015.08.14-11.12.43:020][752]LogModuleManager: Shutting down and abandoning module XmlParser (150)
[2015.08.14-11.12.43:020][752]LogModuleManager: Shutting down and abandoning module Blutility (149)
[2015.08.14-11.12.43:020][752]LogModuleManager: Shutting down and abandoning module ProjectTargetPlatformEditor (148)
[2015.08.14-11.12.43:020][752]LogModuleManager: Shutting down and abandoning module ProjectSettingsViewer (147)
[2015.08.14-11.12.43:020][752]LogModuleManager: Shutting down and abandoning module InputBindingEditor (146)
[2015.08.14-11.12.43:020][752]LogModuleManager: Shutting down and abandoning module EditorSettingsViewer (145)
[2015.08.14-11.12.43:020][752]LogModuleManager: Shutting down and abandoning module SettingsEditor (144)
[2015.08.14-11.12.43:020][752]LogModuleManager: Shutting down and abandoning module ProjectLauncher (143)
[2015.08.14-11.12.43:020][752]LogModuleManager: Shutting down and abandoning module SessionFrontend (142)
[2015.08.14-11.12.43:020][752]LogModuleManager: Shutting down and abandoning module ProfilerClient (141)
[2015.08.14-11.12.43:020][752]LogModuleManager: Shutting down and abandoning module TargetDeviceServices (140)
[2015.08.14-11.12.43:020][752]LogModuleManager: Shutting down and abandoning module DeviceManager (139)
[2015.08.14-11.12.43:020][752]LogModuleManager: Shutting down and abandoning module AutomationController (138)
[2015.08.14-11.12.43:020][752]LogModuleManager: Shutting down and abandoning module AutomationWindow (137)
[2015.08.14-11.12.43:021][752]LogModuleManager: Shutting down and abandoning module Layers (136)
[2015.08.14-11.12.43:021][752]LogModuleManager: Shutting down and abandoning module ComponentVisualizers (135)
[2015.08.14-11.12.43:021][752]LogModuleManager: Shutting down and abandoning module DetailCustomizations (134)
[2015.08.14-11.12.43:021][752]LogModuleManager: Shutting down and abandoning module PackagesDialog (133)
[2015.08.14-11.12.43:021][752]LogModuleManager: Shutting down and abandoning module AssetRegistry (132)
[2015.08.14-11.12.43:046][752]LogModuleManager: Shutting down and abandoning module Persona (131)
[2015.08.14-11.12.43:046][752]LogModuleManager: Shutting down and abandoning module Kismet (130)
[2015.08.14-11.12.43:046][752]LogModuleManager: Shutting down and abandoning module GraphEditor (129)
[2015.08.14-11.12.43:046][752]LogModuleManager: Shutting down and abandoning module ClassViewer (128)
[2015.08.14-11.12.43:046][752]LogModuleManager: Shutting down and abandoning module Toolbox (127)
[2015.08.14-11.12.43:046][752]LogModuleManager: Shutting down and abandoning module ModuleUI (126)
[2015.08.14-11.12.43:046][752]LogModuleManager: Shutting down and abandoning module MovieSceneTools (125)
[2015.08.14-11.12.43:046][752]LogModuleManager: Shutting down and abandoning module OutputLog (124)
[2015.08.14-11.12.43:046][752]LogModuleManager: Shutting down and abandoning module GammaUI (123)
[2015.08.14-11.12.43:046][752]LogModuleManager: Shutting down and abandoning module Documentation (122)
[2015.08.14-11.12.43:046][752]LogModuleManager: Shutting down and abandoning module GameLiveStreaming (121)
[2015.08.14-11.12.43:046][752]LogModuleManager: Shutting down and abandoning module StreamingPauseRendering (120)
[2015.08.14-11.12.43:046][752]LogModuleManager: Shutting down and abandoning module AnalyticsET (119)
[2015.08.14-11.12.43:046][752]LogModuleManager: Shutting down and abandoning module Analytics (118)
[2015.08.14-11.12.43:046][752]LogModuleManager: Shutting down and abandoning module AITestSuite (117)
[2015.08.14-11.12.43:046][752]LogModuleManager: Shutting down and abandoning module GameplayDebugger (116)
[2015.08.14-11.12.43:046][752]LogModuleManager: Shutting down and abandoning module AIModule (115)
[2015.08.14-11.12.43:046][752]LogModuleManager: Shutting down and abandoning module ProfilerService (114)
[2015.08.14-11.12.43:219][752]LogModuleManager: Shutting down and abandoning module TaskGraph (113)
[2015.08.14-11.12.43:219][752]LogModuleManager: Shutting down and abandoning module SlateRemote (112)
[2015.08.14-11.12.43:219][752]LogModuleManager: Shutting down and abandoning module SteamVRController (111)
[2015.08.14-11.12.43:219][752]LogModuleManager: Shutting down and abandoning module SteamVR (110)
[2015.08.14-11.12.43:219][752]LogModuleManager: Shutting down and abandoning module ProceduralMeshComponent (109)
[2015.08.14-11.12.43:219][752]LogModuleManager: Shutting down and abandoning module OculusRift (108)
[2015.08.14-11.12.43:219][752]LogModuleManager: Shutting down and abandoning module LeapMotionController (107)
[2015.08.14-11.12.43:226][752]LogModuleManager: Shutting down and abandoning module CustomMeshComponent (106)
[2015.08.14-11.12.43:226][752]LogModuleManager: Shutting down and abandoning module CableComponent (105)
[2015.08.14-11.12.43:226][752]LogModuleManager: Shutting down and abandoning module MessagingDebugger (104)
[2015.08.14-11.12.43:226][752]LogModuleManager: Shutting down and abandoning module MediaPlayerEditor (103)
[2015.08.14-11.12.43:226][752]LogModuleManager: Shutting down and abandoning module SpeedTreeImporter (102)
[2015.08.14-11.12.43:226][752]LogModuleManager: Shutting down and abandoning module PluginBrowser (101)
[2015.08.14-11.12.43:226][752]LogModuleManager: Shutting down and abandoning module EpicSurvey (100)
[2015.08.14-11.12.43:226][752]LogModuleManager: Shutting down and abandoning module DesktopPlatform (99)
[2015.08.14-11.12.43:226][752]LogModuleManager: Shutting down and abandoning module VisualStudioSourceCodeAccess (98)
[2015.08.14-11.12.43:226][752]LogModuleManager: Shutting down and abandoning module UObjectPlugin (97)
[2015.08.14-11.12.43:226][752]LogModuleManager: Shutting down and abandoning module SubversionSourceControl (96)
[2015.08.14-11.12.43:226][752]LogModuleManager: Shutting down and abandoning module PerforceSourceControl (95)
[2015.08.14-11.12.43:226][752]LogModuleManager: Shutting down and abandoning module SourceControl (94)
[2015.08.14-11.12.43:226][752]LogModuleManager: Shutting down and abandoning module GitSourceControl (93)
[2015.08.14-11.12.43:226][752]LogModuleManager: Shutting down and abandoning module BlankPlugin (92)
[2015.08.14-11.12.43:226][752]LogModuleManager: Shutting down and abandoning module PaperTiledImporter (91)
[2015.08.14-11.12.43:226][752]LogModuleManager: Shutting down and abandoning module PaperSpriteSheetImporter (90)
[2015.08.14-11.12.43:226][752]LogModuleManager: Shutting down and abandoning module MeshPaint (89)
[2015.08.14-11.12.43:226][752]LogModuleManager: Shutting down and abandoning module SlateReflector (88)
[2015.08.14-11.12.43:226][752]LogModuleManager: Shutting down and abandoning module DirectoryWatcher (87)
[2015.08.14-11.12.43:227][752]LogModuleManager: Shutting down and abandoning module HotReload (86)
[2015.08.14-11.12.43:227][752]LogModuleManager: Shutting down and abandoning module MainFrame (85)
[2015.08.14-11.12.43:227][752]LogModuleManager: Shutting down and abandoning module LevelEditor (84)
[2015.08.14-11.12.43:228][752]LogModuleManager: Shutting down and abandoning module ContentBrowser (83)
[2015.08.14-11.12.43:229][752]LogModuleManager: Shutting down and abandoning module Paper2DEditor (82)
[2015.08.14-11.12.43:229][752]LogModuleManager: Shutting down and abandoning module FoD (81)
[2015.08.14-11.12.43:229][752]LogModuleManager: Shutting down and abandoning module UdpMessaging (80)
[2015.08.14-11.12.43:330][752]LogModuleManager: Shutting down and abandoning module Paper2D (79)
[2015.08.14-11.12.43:330][752]LogModuleManager: Shutting down and abandoning module WindowsMoviePlayer (78)
[2015.08.14-11.12.43:332][752]LogModuleManager: Shutting down and abandoning module Media (77)
[2015.08.14-11.12.43:332][752]LogModuleManager: Shutting down and abandoning module WmfMedia (76)
[2015.08.14-11.12.43:333][752]LogModuleManager: Shutting down and abandoning module OnlineBlueprintSupport (75)
[2015.08.14-11.12.43:333][752]LogModuleManager: Shutting down and abandoning module PropertyEditor (74)
[2015.08.14-11.12.43:333][752]LogModuleManager: Shutting down and abandoning module BehaviorTreeEditor (73)
[2015.08.14-11.12.43:333][752]LogModuleManager: Shutting down and abandoning module FunctionalTesting (72)
[2015.08.14-11.12.43:333][752]LogModuleManager: Shutting down and abandoning module CollisionAnalyzer (71)
[2015.08.14-11.12.43:333][752]LogModuleManager: Shutting down and abandoning module WorkspaceMenuStructure (70)
[2015.08.14-11.12.43:333][752]LogModuleManager: Shutting down and abandoning module MessageLog (69)
[2015.08.14-11.12.43:333][752]LogModuleManager: Shutting down and abandoning module Sequencer (68)
[2015.08.14-11.12.43:333][752]LogModuleManager: Shutting down and abandoning module AssetTools (67)
[2015.08.14-11.12.43:333][752]LogModuleManager: Shutting down and abandoning module UMGEditor (66)
[2015.08.14-11.12.43:333][752]LogModuleManager: Shutting down and abandoning module UMG (65)
[2015.08.14-11.12.43:333][752]LogModuleManager: Shutting down and abandoning module Slate (64)
[2015.08.14-11.12.43:333][752]LogModuleManager: Shutting down and abandoning module EditorStyle (63)
[2015.08.14-11.12.43:336][752]LogModuleManager: Shutting down and abandoning module SessionServices (62)
[2015.08.14-11.12.43:336][752]LogModuleManager: Shutting down and abandoning module SourceCodeAccess (61)
[2015.08.14-11.12.43:336][752]LogModuleManager: Shutting down and abandoning module HeadMountedDisplay (60)
[2015.08.14-11.12.43:336][752]LogModuleManager: Shutting down and abandoning module XAudio2 (59)
[2015.08.14-11.12.43:336][752]LogModuleManager: Shutting down and abandoning module Networking (57)
[2015.08.14-11.12.43:336][752]LogModuleManager: Shutting down and abandoning module Core (56)
[2015.08.14-11.12.43:336][752]LogModuleManager: Shutting down and abandoning module KismetCompiler (55)
[2015.08.14-11.12.43:336][752]LogModuleManager: Shutting down and abandoning module PhysXFormats (54)
[2015.08.14-11.12.43:336][752]LogModuleManager: Shutting down and abandoning module MeshUtilities (53)
[2015.08.14-11.12.43:336][752]LogModuleManager: Shutting down and abandoning module DerivedDataCache (52)
[2015.08.14-11.12.43:528][752]LogDerivedDataCache: Shutdown
[2015.08.14-11.12.43:528][752]LogModuleManager: Shutting down and abandoning module ShaderFormatOpenGL (51)
[2015.08.14-11.12.43:528][752]LogModuleManager: Shutting down and abandoning module ShaderFormatD3D (50)
[2015.08.14-11.12.43:528][752]LogModuleManager: Shutting down and abandoning module MetalShaderFormat (49)
[2015.08.14-11.12.43:528][752]LogModuleManager: Shutting down and abandoning module TextureFormatUncompressed (48)
[2015.08.14-11.12.43:528][752]LogModuleManager: Shutting down and abandoning module TextureFormatPVR (47)
[2015.08.14-11.12.43:528][752]LogModuleManager: Shutting down and abandoning module TextureFormatIntelISPCTexComp (46)
[2015.08.14-11.12.43:528][752]LogModuleManager: Shutting down and abandoning module TextureFormatDXT (45)
[2015.08.14-11.12.43:528][752]LogModuleManager: Shutting down and abandoning module ImageWrapper (44)
[2015.08.14-11.12.43:528][752]LogModuleManager: Shutting down and abandoning module TextureFormatASTC (43)
[2015.08.14-11.12.43:528][752]LogModuleManager: Shutting down and abandoning module TextureFormatAndroid (42)
[2015.08.14-11.12.43:528][752]LogModuleManager: Shutting down and abandoning module AudioFormatOpus (41)
[2015.08.14-11.12.43:528][752]LogModuleManager: Shutting down and abandoning module AudioFormatOgg (40)
[2015.08.14-11.12.43:528][752]LogModuleManager: Shutting down and abandoning module AudioFormatADPCM (39)
[2015.08.14-11.12.43:528][752]LogModuleManager: Shutting down and abandoning module LinuxTargetPlatform (38)
[2015.08.14-11.12.43:528][752]LogModuleManager: Shutting down and abandoning module LinuxServerTargetPlatform (37)
[2015.08.14-11.12.43:528][752]LogModuleManager: Shutting down and abandoning module LinuxNoEditorTargetPlatform (36)
[2015.08.14-11.12.43:528][752]LogModuleManager: Shutting down and abandoning module Messaging (35)
[2015.08.14-11.12.43:528][752]LogModuleManager: Shutting down and abandoning module IOSTargetPlatform (34)
[2015.08.14-11.12.43:528][752]LogModuleManager: Shutting down and abandoning module HTML5TargetPlatform (33)
[2015.08.14-11.12.43:528][752]LogModuleManager: Shutting down and abandoning module Android_PVRTCTargetPlatform (32)
[2015.08.14-11.12.43:528][752]LogModuleManager: Shutting down and abandoning module Android_ETC2TargetPlatform (31)
[2015.08.14-11.12.43:528][752]LogModuleManager: Shutting down and abandoning module Android_ETC1TargetPlatform (30)
[2015.08.14-11.12.43:528][752]LogModuleManager: Shutting down and abandoning module Android_DXTTargetPlatform (29)
[2015.08.14-11.12.43:528][752]LogModuleManager: Shutting down and abandoning module Android_ATCTargetPlatform (28)
[2015.08.14-11.12.43:528][752]LogModuleManager: Shutting down and abandoning module Android_ASTCTargetPlatform (27)
[2015.08.14-11.12.43:528][752]LogModuleManager: Shutting down and abandoning module AndroidTargetPlatform (26)
[2015.08.14-11.12.43:528][752]LogModuleManager: Shutting down and abandoning module WindowsTargetPlatform (25)
[2015.08.14-11.12.43:528][752]LogModuleManager: Shutting down and abandoning module WindowsServerTargetPlatform (24)
[2015.08.14-11.12.43:528][752]LogModuleManager: Shutting down and abandoning module WindowsNoEditorTargetPlatform (23)
[2015.08.14-11.12.43:528][752]LogModuleManager: Shutting down and abandoning module WindowsClientTargetPlatform (22)
[2015.08.14-11.12.43:528][752]LogModuleManager: Shutting down and abandoning module DesktopTargetPlatform (21)
[2015.08.14-11.12.43:528][752]LogModuleManager: Shutting down and abandoning module TargetPlatform (20)
[2015.08.14-11.12.43:528][752]LogModuleManager: Shutting down and abandoning module InputCore (19)
[2015.08.14-11.12.43:528][752]LogModuleManager: Shutting down and abandoning module Settings (18)
[2015.08.14-11.12.43:529][752]LogModuleManager: Shutting down and abandoning module OnlineSubsystem (16)
[2015.08.14-11.12.43:529][752]LogModuleManager: Shutting down and abandoning module HTTP (15)
[2015.08.14-11.12.43:529][752]LogModuleManager: Shutting down and abandoning module ExampleDeviceProfileSelector (14)
[2015.08.14-11.12.43:529][752]LogModuleManager: Shutting down and abandoning module TextureCompressor (13)
[2015.08.14-11.12.43:529][752]LogModuleManager: Shutting down and abandoning module ShaderCore (12)
[2015.08.14-11.12.43:529][752]LogModuleManager: Shutting down and abandoning module Landscape (11)
[2015.08.14-11.12.43:529][752]LogModuleManager: Shutting down and abandoning module SlateRHIRenderer (10)
[2015.08.14-11.12.43:530][752]LogModuleManager: Shutting down and abandoning module OpenGLDrv (9)
[2015.08.14-11.12.43:530][752]LogModuleManager: Shutting down and abandoning module D3D11RHI (8)
[2015.08.14-11.12.43:530][752]LogModuleManager: Shutting down and abandoning module Renderer (7)
[2015.08.14-11.12.43:530][752]LogModuleManager: Shutting down and abandoning module Engine (6)
[2015.08.14-11.12.43:530][752]LogModuleManager: Shutting down and abandoning module CoreUObject (5)
[2015.08.14-11.12.43:530][752]LogModuleManager: Shutting down and abandoning module NetworkFile (4)
[2015.08.14-11.12.43:530][752]LogModuleManager: Shutting down and abandoning module StreamingFile (3)
[2015.08.14-11.12.43:530][752]LogModuleManager: Shutting down and abandoning module SandboxFile (2)
[2015.08.14-11.12.43:530][752]LogModuleManager: Shutting down and abandoning module PakFile (1)
[2015.08.14-11.12.43:530][752]LogExit: Exiting.
[2015.08.14-11.12.43:532][752]Log file closed, 08/14/15 14:12:43
