[2015.08.14-10.28.55:992][  0]Log file open, 08/14/15 13:28:55
[2015.08.14-10.28.55:992][  0]LogInit:Display: Running engine for game: FoD
[2015.08.14-10.28.55:992][  0]LogInit:Display: RandInit(-382015266) SRandInit(-382015266).
[2015.08.14-10.28.55:992][  0]LogTaskGraph: Started task graph with 4 named threads and 5 total threads.
[2015.08.14-10.28.55:992][  0]LogStats: Stats thread started
[2015.08.14-10.28.55:992][  0]LogInit: Version: 4.8.3-2634408+++depot+UE4-Releases+4.8
[2015.08.14-10.28.55:992][  0]LogInit: API Version: 2579680
[2015.08.14-10.28.55:992][  0]LogInit: Compiled (64-bit): Jul 27 2015 16:24:33
[2015.08.14-10.28.55:992][  0]LogInit: Compiled with Visual C++: 18.00.21005.01
[2015.08.14-10.28.55:992][  0]LogInit: Build Configuration: Development
[2015.08.14-10.28.55:992][  0]LogInit: Branch Name: ++depot+UE4-Releases+4.8
[2015.08.14-10.28.55:992][  0]LogInit: Command line: 
[2015.08.14-10.28.55:992][  0]LogInit: Base directory: C:/Program Files/Epic Games/4.8/Engine/Binaries/Win64/
[2015.08.14-10.28.55:992][  0]LogInit: Rocket: 1
[2015.08.14-10.28.56:007][  0]LogInit: Using libcurl 7.41.0
[2015.08.14-10.28.56:007][  0]LogInit:  - built for x86_64-pc-win32
[2015.08.14-10.28.56:007][  0]LogInit:  - supports SSL with WinSSL
[2015.08.14-10.28.56:007][  0]LogInit:  - other features:
[2015.08.14-10.28.56:007][  0]LogInit:      CURL_VERSION_SSL
[2015.08.14-10.28.56:007][  0]LogInit:      CURL_VERSION_IPV6
[2015.08.14-10.28.56:007][  0]LogInit:      CURL_VERSION_ASYNCHDNS
[2015.08.14-10.28.56:007][  0]LogInit:      CURL_VERSION_LARGEFILE
[2015.08.14-10.28.56:007][  0]LogInit:      CURL_VERSION_IDN
[2015.08.14-10.28.56:007][  0]LogInit:  CurlRequestOptions (configurable via config and command line):
[2015.08.14-10.28.56:007][  0]LogInit:  - bVerifyPeer = true  - Libcurl will verify peer certificate
[2015.08.14-10.28.56:007][  0]LogInit:  - bUseHttpProxy = false  - Libcurl will NOT use HTTP proxy
[2015.08.14-10.28.56:007][  0]LogInit:  - bDontReuseConnections = false  - Libcurl will reuse connections
[2015.08.14-10.28.56:007][  0]LogInit:  - CertBundlePath = nullptr  - Libcurl will use whatever was configured at build time.
[2015.08.14-10.28.56:021][  0]LogOnline:Warning: No default platform service specified for OnlineSubsystem
[2015.08.14-10.28.56:039][  0]LogInit: Presizing for 0 objects not considered by GC, pre-allocating 0 bytes.
[2015.08.14-10.28.56:049][  0]LogInit: Object subsystem initialized
[2015.08.14-10.28.56:050][  0]LogConsoleResponse:Warning: Skipping Unknown console variable: 'TranslucentSortAxis = (X=0.000000,Y=-1.000000,Z=0.000000)'
[2015.08.14-10.28.56:050][  0]LogConsoleResponse:Warning:   Found in ini file 'D:/projects/unreal/FoD 4.8/Saved/Config/Windows/Engine.ini', in section '[/Script/Engine.RendererSettings]'
[2015.08.14-10.28.56:050][  0]LogConsoleResponse:Warning: Skipping Unknown console variable: 'UIScaleRule = ShortestSide'
[2015.08.14-10.28.56:050][  0]LogConsoleResponse:Warning:   Found in ini file 'D:/projects/unreal/FoD 4.8/Saved/Config/Windows/Engine.ini', in section '[/Script/Engine.RendererSettings]'
[2015.08.14-10.28.56:050][  0]LogConsoleResponse:Warning: Skipping Unknown console variable: 'UIScaleCurve = (EditorCurveData=(Keys=),ExternalCurve=None)'
[2015.08.14-10.28.56:050][  0]LogConsoleResponse:Warning:   Found in ini file 'D:/projects/unreal/FoD 4.8/Saved/Config/Windows/Engine.ini', in section '[/Script/Engine.RendererSettings]'
[2015.08.14-10.28.56:050][  0]LogInit: Selected Device Profile: [Windows]
[2015.08.14-10.28.56:050][  0]LogInit: Applying CVar settings loaded from the selected device profile: [Windows]
[2015.08.14-10.28.56:065][  0]LogInit: Computer: PC
[2015.08.14-10.28.56:065][  0]LogInit: User: Ilya
[2015.08.14-10.28.56:065][  0]LogInit: CPU Page size=4096, Cores=2
[2015.08.14-10.28.56:065][  0]LogInit: High frequency timer resolution =2.533319 MHz
[2015.08.14-10.28.56:065][  0]LogMemory: Memory total: Physical=7.9GB (8GB approx)
[2015.08.14-10.28.56:065][  0]LogMemory: Platform Memory Stats for Windows
[2015.08.14-10.28.56:065][  0]LogMemory: Process Physical Memory: 48.41 MB used, 48.41 MB peak
[2015.08.14-10.28.56:065][  0]LogMemory: Process Virtual Memory: 20.64 MB used, 20.64 MB peak
[2015.08.14-10.28.56:065][  0]LogMemory: Physical Memory: 4264.76 MB used, 8077.82 MB total
[2015.08.14-10.28.56:065][  0]LogMemory: Virtual Memory: 289.50 MB used, 134217728.00 MB total
[2015.08.14-10.28.56:221][  0]LogTextLocalizationManager: The requested culture ('ru_RU') has no localization data; falling back to 'en' for localization and internationalization data.
[2015.08.14-10.28.56:508][  0]LogTextLocalizationManager:Warning: Loaded localization resources contain conflicting entries for (Namespace:ContentBrowser, Key:ImportAssetToolTip):
Localization Resource: (C:/Program Files/Epic Games/4.8/Engine/Content/Localization/Editor/en/Editor.locres) Source String Hash: (-630476809) Localized String: (Import to {0}...)
Localization Resource: (C:/Program Files/Epic Games/4.8/Engine/Content/Localization/Editor/en/Editor.locres) Source String Hash: (1271782899) Localized String: (Imports an asset from file to this folder.)
[2015.08.14-10.28.57:084][  0]LogD3D11RHI: Found D3D11 adapter 0: NVIDIA GeForce GT 740M   (Feature Level 11_0)
[2015.08.14-10.28.57:084][  0]LogD3D11RHI: Adapter has 1988MB of dedicated video memory, 0MB of dedicated system memory, and 2048MB of shared system memory, 1 output[s]
[2015.08.14-10.28.57:103][  0]LogD3D11RHI: Found D3D11 adapter 1: NVIDIA GeForce GT 740M   (Feature Level 11_0)
[2015.08.14-10.28.57:103][  0]LogD3D11RHI: Adapter has 1988MB of dedicated video memory, 0MB of dedicated system memory, and 2048MB of shared system memory, 0 output[s]
[2015.08.14-10.28.57:104][  0]LogD3D11RHI: Found D3D11 adapter 2: Microsoft Basic Render Driver (Feature Level 11_0)
[2015.08.14-10.28.57:104][  0]LogD3D11RHI: Adapter has 1988MB of dedicated video memory, 0MB of dedicated system memory, and 2048MB of shared system memory, 0 output[s]
[2015.08.14-10.28.57:104][  0]LogD3D11RHI: Chosen D3D11 Adapter Id = 0
[2015.08.14-10.28.57:110][  0]LogD3D11RHI: InitD3DDevice
[2015.08.14-10.28.57:110][  0]LogD3D11RHI: !Direct3DDevice
[2015.08.14-10.28.57:110][  0]LogRHI: Texture pool is 1361 MB (70% of 1945 MB)
[2015.08.14-10.28.57:124][  0]LogD3D11RHI: Async texture creation enabled
[2015.08.14-10.28.57:142][  0]LogShaderCompilers:Display: Using Local Shader Compiler.
[2015.08.14-10.28.58:775][  0]LogTemp:Display: Loaded TP DesktopTargetPlatform
[2015.08.14-10.28.58:792][  0]LogTemp:Display: Loaded TP WindowsClientTargetPlatform
[2015.08.14-10.28.58:810][  0]LogTemp:Display: Loaded TP WindowsNoEditorTargetPlatform
[2015.08.14-10.28.58:827][  0]LogTemp:Display: Loaded TP WindowsServerTargetPlatform
[2015.08.14-10.28.58:846][  0]LogTemp:Display: Loaded TP WindowsTargetPlatform
[2015.08.14-10.28.58:862][  0]LogTemp:Display: Loaded TP AndroidTargetPlatform
[2015.08.14-10.28.58:876][  0]LogTemp:Display: Loaded TP Android_ASTCTargetPlatform
[2015.08.14-10.28.58:890][  0]LogTemp:Display: Loaded TP Android_ATCTargetPlatform
[2015.08.14-10.28.58:905][  0]LogTemp:Display: Loaded TP Android_DXTTargetPlatform
[2015.08.14-10.28.58:919][  0]LogTemp:Display: Loaded TP Android_ETC1TargetPlatform
[2015.08.14-10.28.58:934][  0]LogTemp:Display: Loaded TP Android_ETC2TargetPlatform
[2015.08.14-10.28.58:949][  0]LogTemp:Display: Loaded TP Android_PVRTCTargetPlatform
[2015.08.14-10.28.59:008][  0]LogTemp:Display: Loaded TP IOSTargetPlatform
[2015.08.14-10.28.59:023][  0]LogTemp:Display: Loaded TP LinuxNoEditorTargetPlatform
[2015.08.14-10.28.59:037][  0]LogTemp:Display: Loaded TP LinuxServerTargetPlatform
[2015.08.14-10.28.59:057][  0]LogTemp:Display: Loaded TP LinuxTargetPlatform
[2015.08.14-10.28.59:057][  0]LogTargetPlatformManager:Display: Building Assets For Windows
[2015.08.14-10.28.59:326][  0]LogDerivedDataCache:Display: Max Cache Size: 512 MB
[2015.08.14-10.28.59:472][  0]LogDerivedDataCache: Loaded boot cache 0.15s 53MB C:/Users/Ilya/AppData/Local/UnrealEngine/4.8/DerivedDataCache/Boot.ddc.
[2015.08.14-10.28.59:472][  0]LogDerivedDataCache:Display: Loaded Boot cache: C:/Users/Ilya/AppData/Local/UnrealEngine/4.8/DerivedDataCache/Boot.ddc
[2015.08.14-10.28.59:472][  0]LogDerivedDataCache: FDerivedDataBackendGraph:  Pak pak cache file D:/projects/unreal/FoD 4.8/DerivedDataCache/DDC.ddp not found, will not use a pak cache.
[2015.08.14-10.28.59:472][  0]LogDerivedDataCache: Unable to find inner node Pak for hierarchical cache Hierarchy.
[2015.08.14-10.28.59:473][  0]LogDerivedDataCache: FDerivedDataBackendGraph:  CompressedPak pak cache file D:/projects/unreal/FoD 4.8/DerivedDataCache/Compressed.ddp not found, will not use a pak cache.
[2015.08.14-10.28.59:473][  0]LogDerivedDataCache: Unable to find inner node CompressedPak for hierarchical cache Hierarchy.
[2015.08.14-10.28.59:682][  0]LogDerivedDataCache:Display: Pak cache opened for reading ../../../Engine/DerivedDataCache/Compressed.ddp.
[2015.08.14-10.28.59:694][  0]LogDerivedDataCache: Using Local data cache path C:/Users/Ilya/AppData/Local/UnrealEngine/Common/DerivedDataCache: Writable
[2015.08.14-10.29.01:226][  0]LogInit: Selected Device Profile: [Windows]
[2015.08.14-10.29.01:344][  0]ImportText (ComponentSweepMultiTests): Missing closing parenthesis: (RootShapeAsset="/Engine/BasicShapes/Cube.Cube",ShapeType="TriggerCapsule",HitResult=(Time=0.50,Location=(X=-100.000015,Y=0.0,Z=100.000015),ImpactPoint=(X=-50.0,Y=0.0,Z=50.0),Normal=(X=-1.0,Y=-0.0,Z=0.0),ImpactNormal=(X=0.0,Y=0.0,Z=1.0),TraceStart=(X=-200.0,Y=0.0,Z=200.0),TraceEnd=(X=0.0,Y=0.0,Z=0.0))
[2015.08.14-10.29.01:345][  0]ImportText (LineTraceSingleByChannelTests): Missing closing parenthesis: (RootShapeAsset="/Engine/BasicShapes/Cube.Cube",HitResult=(Time=0.50,Location=(X=-100.000015,Y=0.0,Z=100.000015),ImpactPoint=(X=-50.0,Y=0.0,Z=50.0),Normal=(X=-1.0,Y=-0.0,Z=0.0),ImpactNormal=(X=0.0,Y=0.0,Z=1.0),TraceStart=(X=-200.0,Y=0.0,Z=200.0),TraceEnd=(X=0.0,Y=0.0,Z=0.0))
[2015.08.14-10.29.01:386][  0]LogMeshUtilities: No automatic mesh reduction module available
[2015.08.14-10.29.01:386][  0]LogMeshUtilities: No automatic mesh merging module available
[2015.08.14-10.29.01:804][  0]LogInit: WinSock: version 1.1 (2.2), MaxSocks=32767, MaxUdp=65467
[2015.08.14-10.29.04:321][  0]UdpMessaging: Initializing bridge on interface 0.0.0.0:0 to multicast group 230.0.0.1:6666.
[2015.08.14-10.29.04:408][  0]LogPackageName:Error: DoesPackageExist: DoesPackageExist FAILED: '/Content/texture/crosshair/crosshair' is not a standard unreal filename or a long path name. Reason: Path does not start with a valid root. Path must begin with: '/Engine/', '/Game/', '/Paper2D/', '/CharacterAI/', '/LeapMotionController/', '/Config/', '/Script/', or '/Temp/'
[2015.08.14-10.29.04:408][  0]LogLinker:Warning: Can't find file '/Content/texture/crosshair/crosshair'
[2015.08.14-10.29.04:408][  0]LogPackageName:Error: DoesPackageExist: DoesPackageExist FAILED: '/Content/texture/crosshair/crosshair' is not a standard unreal filename or a long path name. Reason: Path does not start with a valid root. Path must begin with: '/Engine/', '/Game/', '/Paper2D/', '/CharacterAI/', '/LeapMotionController/', '/Config/', '/Script/', or '/Temp/'
[2015.08.14-10.29.04:408][  0]LogLinker:Warning: Can't find file '/Content/texture/crosshair/crosshair'
[2015.08.14-10.29.04:408][  0]LogPackageName:Error: DoesPackageExist: DoesPackageExist FAILED: '/Content/texture/crosshair/crosshair' is not a standard unreal filename or a long path name. Reason: Path does not start with a valid root. Path must begin with: '/Engine/', '/Game/', '/Paper2D/', '/CharacterAI/', '/LeapMotionController/', '/Config/', '/Script/', or '/Temp/'
[2015.08.14-10.29.04:408][  0]LogLinker:Warning: Can't find file '/Content/texture/crosshair/crosshair'
[2015.08.14-10.29.04:408][  0]LogUObjectGlobals:Warning: Failed to find object 'Texture2D /Content/texture/crosshair/crosshair.tga'
[2015.08.14-10.29.04:408][  0]Error: CDO Constructor (FPHUD): Failed to find Texture2D'/Content/texture/crosshair/crosshair.tga'

[2015.08.14-10.29.04:408][  0]LogUObjectBase:Warning: -------------- Default Property warnings and errors:
[2015.08.14-10.29.04:408][  0]LogUObjectBase:Warning: Error: CDO Constructor (FPHUD): Failed to find Texture2D'/Content/texture/crosshair/crosshair.tga'

[2015.08.14-10.29.04:416][  0]LogWindowsTextInputMethodSystem:Display: IME system now deactivated.
[2015.08.14-10.29.31:593][  0]LogWindowsTextInputMethodSystem:Display: IME system now deactivated.
[2015.08.14-10.29.32:013][  0]SourceControl: Info Source control is disabled
[2015.08.14-10.29.32:014][  0]SourceControl: Info Source control is disabled
[2015.08.14-10.29.32:028][  0]SourceControl: Info Source control is disabled
[2015.08.14-10.29.32:041][  0]SourceControl: Info Source control is disabled
[2015.08.14-10.29.32:396][  0]LogObj: 26333 objects as part of root set at end of initial load.
[2015.08.14-10.29.32:396][  0]LogUObjectAllocator: 5435920 out of 0 bytes used by permanent object pool.
[2015.08.14-10.29.32:490][  0]LogEngine: Initializing Engine...
[2015.08.14-10.29.32:492][  0]LogHMD: Can't find Oculus library dev build: is proper Runtime installed? Version: 0.6.0.0
[2015.08.14-10.29.32:510][  0]LogHMD:Warning: SteamVR failed to initialize.  Error: 110
[2015.08.14-10.29.32:701][  0]LogAIModule: Creating AISystem for world NewWorld
[2015.08.14-10.29.32:707][  0]LogInit: XAudio2 using 'Динамики (Realtek High Definition Audio)' : 2 channels at 44.1 kHz using 32 bits per sample (channel mask 0x3)
[2015.08.14-10.29.32:759][  0]LogInit: FAudioDevice initialized.
[2015.08.14-10.29.32:786][  0]LogDerivedDataCache: Saved boot cache 0.03s 53MB C:/Users/Ilya/AppData/Local/UnrealEngine/4.8/DerivedDataCache/Boot.ddc.
[2015.08.14-10.29.32:791][  0]LogInit: Texture streaming: Disabled
[2015.08.14-10.29.32:820][  0]LogAnalytics: Creating configured Analytics provider AnalyticsET
[2015.08.14-10.29.32:820][  0]LogAnalytics: [UEEditor.Rocket.Release] APIServer = http://et2.epicgames.com/ET2/. AppVersion = 4.8.3-2634408+++depot+UE4-Releases+4.8
[2015.08.14-10.29.32:820][  0]LogAnalytics: [UEEditor.Rocket.Release] SetUserId a7f999d945d7ce1bcb40819eed5fc215|9874e92d453642a1a852b47e8a1bb05f|e0bf2233-ae09-4568-aecc-a45b89a1cc1d
[2015.08.14-10.29.32:820][  0]LogAnalytics: [UEEditor.Rocket.Release] AnalyticsET::StartSession
[2015.08.14-10.29.32:868][  0]LogInit: Transaction tracking system initialized
[2015.08.14-10.29.33:039][  0]BlueprintLog: New page: Editor Load
[2015.08.14-10.29.33:084][  0]LogAssetRegistry: FAssetRegistry took 0.0110 seconds to start up
[2015.08.14-10.29.33:084][  0]LogDirectoryWatcher:Warning: Failed to begin reading directory changes for ../../../Engine/Plugins/Experimental/CharacterAI/Content/. Error: 0
[2015.08.14-10.29.34:053][  0]LogConsoleManager:Warning: Console variable 'r.VSync' wasn't set ('GameSetting' has a lower priority than 'SystemSettingsIni')
[2015.08.14-10.29.34:054][  0]LogConsoleResponse:Display: 
[2015.08.14-10.29.34:232][  0]LogCook:Display: Done creating registry. It took  0.00s.
[2015.08.14-10.29.34:581][  0]SourceControl: Info Source control is disabled
[2015.08.14-10.29.34:624][  0]LogWindowsTextInputMethodSystem:Display: IME system now deactivated.
[2015.08.14-10.29.34:628][  0]LogD3D11RHI: InitD3DDevice
[2015.08.14-10.30.09:638][  0]LogD3D11RHI: InitD3DDevice
[2015.08.14-10.47.46:252][  0]Cmd: MAP LOAD FILE="../../../Engine/Content/Maps/Templates/Template_Default.umap" TEMPLATE=1 SHOWPROGRESS=1 FEATURELEVEL=3
[2015.08.14-10.47.46:296][  0]LightingResults: New page: Lighting Build
[2015.08.14-10.47.46:320][  0]MapCheck: New page: Map Check
[2015.08.14-10.47.46:320][  0]LightingResults: New page: Lighting Build
[2015.08.14-10.47.46:347][  0]LogParticles: Destroying 0 GPU particle simulations for FXSystem 0x000000F6C15154E0
[2015.08.14-10.47.46:897][  0]LogAIModule: Creating AISystem for world Untitled_1
[2015.08.14-10.47.46:914][  0]LogEditorServer: Finished looking for orphan Actors (0.000 secs)
[2015.08.14-10.47.46:933][  0]Cmd: MAP CHECKDEP NOCLEARLOG
[2015.08.14-10.47.47:005][  0]MapCheck: Info Map check complete: 0 Error(s), 0 Warning(s), took 72.405ms to complete.
[2015.08.14-10.47.47:005][  0]LogFileHelpers: Loading map 'Template_Default' took 0.754
[2015.08.14-10.47.47:104][  0]LogCollectionManager: Loaded 0 collections in 0.002359 seconds
[2015.08.14-10.47.47:114][  0]LogContentBrowser: Native class hierarchy populated in 0.0099 seconds. Added 1796 classes and 303 folders.
[2015.08.14-10.47.47:169][  0]LogContentBrowser: Native class hierarchy updated for 'WidgetCarousel' in 0.0018 seconds. Added 0 classes and 0 folders.
[2015.08.14-10.47.47:308][  0]LogContentBrowser: Native class hierarchy updated for 'AddContentDialog' in 0.0023 seconds. Added 0 classes and 0 folders.
[2015.08.14-10.47.47:334][  0]LogContentBrowser: Native class hierarchy updated for 'SceneOutliner' in 0.0027 seconds. Added 1 classes and 2 folders.
[2015.08.14-10.47.47:369][  0]LogCrashTracker: Crashtracker disabled due to settings.
[2015.08.14-10.47.47:370][  0]LogD3D11RHI: InitD3DDevice
[2015.08.14-10.47.47:374][  0]LogUObjectGlobals:Warning: Failed to find object 'Class None.'
[2015.08.14-10.47.47:396][  0]LogStats:Warning: MetaData mismatch. Did you assign a stat to two groups? New //STATGROUP_Threads//SplashScreenThread///Thread_bd0_0///####STATCAT_Advanced#### old //STATGROUP_Threads//SplashScreenThread///Thread_298_0///####STATCAT_Advanced####
[2015.08.14-10.47.47:396][  0]LogLoad: Full Startup: 1133.90 seconds (BP compile: 0.16 seconds)
[2015.08.14-10.47.47:538][  0]LogContentStreaming: Texture pool size is 0.000000MB
[2015.08.14-10.47.47:576][  0]LogContentStreaming: Texture pool size now 1000 MB
[2015.08.14-10.47.47:788][  0]LogRenderer: Reallocating scene render targets to support 1208x576 (Frame:2).
[2015.08.14-10.47.49:291][  6]LogAssetRegistry: Asset discovery search completed in 1096.2179 seconds
[2015.08.14-10.47.50:602][ 83]LogPlayLevel: PIE:  No blueprints needed recompiling
[2015.08.14-10.47.50:626][ 83]PIE: New page: PIE session: Untitled_1 (Aug 14, 2015, 4:47:50 PM)
[2015.08.14-10.47.50:627][ 83]LogPlayLevel: Creating play world package: /Temp/UEDPIE_0_Untitled_1
[2015.08.14-10.47.50:629][ 83]LogPlayLevel: PIE: StaticDuplicateObject took: (0.002008s)
[2015.08.14-10.47.50:630][ 83]LogAIModule: Creating AISystem for world Untitled_1
[2015.08.14-10.47.50:631][ 83]LogPlayLevel: PIE: World Init took: (0.001699s)
[2015.08.14-10.47.50:631][ 83]LogPlayLevel: PIE: Created PIE world by copying editor world from /Temp/Untitled_1.Untitled_1 to /Temp/UEDPIE_0_Untitled_1.Untitled_1 (0.003989s)
[2015.08.14-10.47.50:688][ 83]LogInit: XAudio2 using 'Динамики (Realtek High Definition Audio)' : 2 channels at 44.1 kHz using 32 bits per sample (channel mask 0x3)
[2015.08.14-10.47.50:724][ 83]LogInit: FAudioDevice initialized.
[2015.08.14-10.47.50:776][ 83]LogWorld: Game class is 'FPGameMode'
[2015.08.14-10.47.50:779][ 83]LogWorld: Bringing World /Temp/UEDPIE_0_Untitled_1.Untitled_1 up for play (max tick rate 60) at 2015.08.14-13.47.50
[2015.08.14-10.47.50:779][ 83]LogActor:Warning: GameSession /Temp/UEDPIE_0_Untitled_1.Untitled_1:PersistentLevel.GameSession_0 has natively added scene component(s), but none of them were set as the actor's RootComponent - picking one arbitrarily
[2015.08.14-10.47.50:780][ 83]LogActor:Warning: GameNetworkManager /Temp/UEDPIE_0_Untitled_1.Untitled_1:PersistentLevel.GameNetworkManager_0 has natively added scene component(s), but none of them were set as the actor's RootComponent - picking one arbitrarily
[2015.08.14-10.47.50:780][ 83]LogWorld: Bringing up level for play took: 0.002321
[2015.08.14-10.47.50:783][ 83]PIE: Info Play in editor start time for /Temp/UEDPIE_0_Untitled_1 -0.257
[2015.08.14-10.47.50:822][ 83]LogCrashTracker: 


