[2015.08.14-10.49.15:412][  0]Log file open, 08/14/15 13:49:15
[2015.08.14-10.49.15:412][  0]LogInit:Display: Running engine for game: FoD
[2015.08.14-10.49.15:412][  0]LogInit:Display: RandInit(-1587115933) SRandInit(-1587115933).
[2015.08.14-10.49.15:412][  0]LogTaskGraph: Started task graph with 4 named threads and 5 total threads.
[2015.08.14-10.49.15:412][  0]LogStats: Stats thread started
[2015.08.14-10.49.15:412][  0]LogInit: Version: 4.8.3-2634408+++depot+UE4-Releases+4.8
[2015.08.14-10.49.15:412][  0]LogInit: API Version: 2579680
[2015.08.14-10.49.15:412][  0]LogInit: Compiled (64-bit): Jul 27 2015 16:24:33
[2015.08.14-10.49.15:412][  0]LogInit: Compiled with Visual C++: 18.00.21005.01
[2015.08.14-10.49.15:412][  0]LogInit: Build Configuration: Development
[2015.08.14-10.49.15:412][  0]LogInit: Branch Name: ++depot+UE4-Releases+4.8
[2015.08.14-10.49.15:412][  0]LogInit: Command line: 
[2015.08.14-10.49.15:412][  0]LogInit: Base directory: C:/Program Files/Epic Games/4.8/Engine/Binaries/Win64/
[2015.08.14-10.49.15:412][  0]LogInit: Rocket: 1
[2015.08.14-10.49.15:427][  0]LogInit: Using libcurl 7.41.0
[2015.08.14-10.49.15:427][  0]LogInit:  - built for x86_64-pc-win32
[2015.08.14-10.49.15:427][  0]LogInit:  - supports SSL with WinSSL
[2015.08.14-10.49.15:427][  0]LogInit:  - other features:
[2015.08.14-10.49.15:427][  0]LogInit:      CURL_VERSION_SSL
[2015.08.14-10.49.15:427][  0]LogInit:      CURL_VERSION_IPV6
[2015.08.14-10.49.15:427][  0]LogInit:      CURL_VERSION_ASYNCHDNS
[2015.08.14-10.49.15:427][  0]LogInit:      CURL_VERSION_LARGEFILE
[2015.08.14-10.49.15:427][  0]LogInit:      CURL_VERSION_IDN
[2015.08.14-10.49.15:427][  0]LogInit:  CurlRequestOptions (configurable via config and command line):
[2015.08.14-10.49.15:427][  0]LogInit:  - bVerifyPeer = true  - Libcurl will verify peer certificate
[2015.08.14-10.49.15:427][  0]LogInit:  - bUseHttpProxy = false  - Libcurl will NOT use HTTP proxy
[2015.08.14-10.49.15:427][  0]LogInit:  - bDontReuseConnections = false  - Libcurl will reuse connections
[2015.08.14-10.49.15:427][  0]LogInit:  - CertBundlePath = nullptr  - Libcurl will use whatever was configured at build time.
[2015.08.14-10.49.15:439][  0]LogOnline:Warning: No default platform service specified for OnlineSubsystem
[2015.08.14-10.49.15:454][  0]LogInit: Presizing for 0 objects not considered by GC, pre-allocating 0 bytes.
[2015.08.14-10.49.15:463][  0]LogInit: Object subsystem initialized
[2015.08.14-10.49.15:464][  0]LogConsoleResponse:Warning: Skipping Unknown console variable: 'TranslucentSortAxis = (X=0.000000,Y=-1.000000,Z=0.000000)'
[2015.08.14-10.49.15:464][  0]LogConsoleResponse:Warning:   Found in ini file 'D:/projects/unreal/FoD 4.8/Saved/Config/Windows/Engine.ini', in section '[/Script/Engine.RendererSettings]'
[2015.08.14-10.49.15:464][  0]LogConsoleResponse:Warning: Skipping Unknown console variable: 'UIScaleRule = ShortestSide'
[2015.08.14-10.49.15:464][  0]LogConsoleResponse:Warning:   Found in ini file 'D:/projects/unreal/FoD 4.8/Saved/Config/Windows/Engine.ini', in section '[/Script/Engine.RendererSettings]'
[2015.08.14-10.49.15:464][  0]LogConsoleResponse:Warning: Skipping Unknown console variable: 'UIScaleCurve = (EditorCurveData=(Keys=),ExternalCurve=None)'
[2015.08.14-10.49.15:464][  0]LogConsoleResponse:Warning:   Found in ini file 'D:/projects/unreal/FoD 4.8/Saved/Config/Windows/Engine.ini', in section '[/Script/Engine.RendererSettings]'
[2015.08.14-10.49.15:464][  0]LogInit: Selected Device Profile: [Windows]
[2015.08.14-10.49.15:464][  0]LogInit: Applying CVar settings loaded from the selected device profile: [Windows]
[2015.08.14-10.49.15:473][  0]LogInit: Computer: PC
[2015.08.14-10.49.15:473][  0]LogInit: User: Ilya
[2015.08.14-10.49.15:473][  0]LogInit: CPU Page size=4096, Cores=2
[2015.08.14-10.49.15:473][  0]LogInit: High frequency timer resolution =2.533319 MHz
[2015.08.14-10.49.15:473][  0]LogMemory: Memory total: Physical=7.9GB (8GB approx)
[2015.08.14-10.49.15:473][  0]LogMemory: Platform Memory Stats for Windows
[2015.08.14-10.49.15:473][  0]LogMemory: Process Physical Memory: 48.38 MB used, 48.38 MB peak
[2015.08.14-10.49.15:473][  0]LogMemory: Process Virtual Memory: 20.60 MB used, 20.60 MB peak
[2015.08.14-10.49.15:473][  0]LogMemory: Physical Memory: 3457.01 MB used, 8077.82 MB total
[2015.08.14-10.49.15:473][  0]LogMemory: Virtual Memory: 289.50 MB used, 134217728.00 MB total
[2015.08.14-10.49.15:506][  0]LogTextLocalizationManager: The requested culture ('ru_RU') has no localization data; falling back to 'en' for localization and internationalization data.
[2015.08.14-10.49.15:753][  0]LogTextLocalizationManager:Warning: Loaded localization resources contain conflicting entries for (Namespace:ContentBrowser, Key:ImportAssetToolTip):
Localization Resource: (C:/Program Files/Epic Games/4.8/Engine/Content/Localization/Editor/en/Editor.locres) Source String Hash: (-630476809) Localized String: (Import to {0}...)
Localization Resource: (C:/Program Files/Epic Games/4.8/Engine/Content/Localization/Editor/en/Editor.locres) Source String Hash: (1271782899) Localized String: (Imports an asset from file to this folder.)
[2015.08.14-10.49.16:243][  0]LogD3D11RHI: Found D3D11 adapter 0: NVIDIA GeForce GT 740M   (Feature Level 11_0)
[2015.08.14-10.49.16:243][  0]LogD3D11RHI: Adapter has 1988MB of dedicated video memory, 0MB of dedicated system memory, and 2048MB of shared system memory, 1 output[s]
[2015.08.14-10.49.16:262][  0]LogD3D11RHI: Found D3D11 adapter 1: NVIDIA GeForce GT 740M   (Feature Level 11_0)
[2015.08.14-10.49.16:262][  0]LogD3D11RHI: Adapter has 1988MB of dedicated video memory, 0MB of dedicated system memory, and 2048MB of shared system memory, 0 output[s]
[2015.08.14-10.49.16:263][  0]LogD3D11RHI: Found D3D11 adapter 2: Microsoft Basic Render Driver (Feature Level 11_0)
[2015.08.14-10.49.16:263][  0]LogD3D11RHI: Adapter has 1988MB of dedicated video memory, 0MB of dedicated system memory, and 2048MB of shared system memory, 0 output[s]
[2015.08.14-10.49.16:263][  0]LogD3D11RHI: Chosen D3D11 Adapter Id = 0
[2015.08.14-10.49.16:267][  0]LogD3D11RHI: InitD3DDevice
[2015.08.14-10.49.16:267][  0]LogD3D11RHI: !Direct3DDevice
[2015.08.14-10.49.16:267][  0]LogRHI: Texture pool is 1361 MB (70% of 1945 MB)
[2015.08.14-10.49.16:278][  0]LogD3D11RHI: Async texture creation enabled
[2015.08.14-10.49.16:296][  0]LogShaderCompilers:Display: Using Local Shader Compiler.
[2015.08.14-10.49.17:225][  0]LogTemp:Display: Loaded TP DesktopTargetPlatform
[2015.08.14-10.49.17:241][  0]LogTemp:Display: Loaded TP WindowsClientTargetPlatform
[2015.08.14-10.49.17:256][  0]LogTemp:Display: Loaded TP WindowsNoEditorTargetPlatform
[2015.08.14-10.49.17:272][  0]LogTemp:Display: Loaded TP WindowsServerTargetPlatform
[2015.08.14-10.49.17:289][  0]LogTemp:Display: Loaded TP WindowsTargetPlatform
[2015.08.14-10.49.17:303][  0]LogTemp:Display: Loaded TP AndroidTargetPlatform
[2015.08.14-10.49.17:316][  0]LogTemp:Display: Loaded TP Android_ASTCTargetPlatform
[2015.08.14-10.49.17:330][  0]LogTemp:Display: Loaded TP Android_ATCTargetPlatform
[2015.08.14-10.49.17:343][  0]LogTemp:Display: Loaded TP Android_DXTTargetPlatform
[2015.08.14-10.49.17:358][  0]LogTemp:Display: Loaded TP Android_ETC1TargetPlatform
[2015.08.14-10.49.17:372][  0]LogTemp:Display: Loaded TP Android_ETC2TargetPlatform
[2015.08.14-10.49.17:386][  0]LogTemp:Display: Loaded TP Android_PVRTCTargetPlatform
[2015.08.14-10.49.17:438][  0]LogTemp:Display: Loaded TP IOSTargetPlatform
[2015.08.14-10.49.17:452][  0]LogTemp:Display: Loaded TP LinuxNoEditorTargetPlatform
[2015.08.14-10.49.17:465][  0]LogTemp:Display: Loaded TP LinuxServerTargetPlatform
[2015.08.14-10.49.17:482][  0]LogTemp:Display: Loaded TP LinuxTargetPlatform
[2015.08.14-10.49.17:482][  0]LogTargetPlatformManager:Display: Building Assets For Windows
[2015.08.14-10.49.17:710][  0]LogDerivedDataCache:Display: Max Cache Size: 512 MB
[2015.08.14-10.49.17:762][  0]LogDerivedDataCache: Loaded boot cache 0.05s 53MB C:/Users/Ilya/AppData/Local/UnrealEngine/4.8/DerivedDataCache/Boot.ddc.
[2015.08.14-10.49.17:762][  0]LogDerivedDataCache:Display: Loaded Boot cache: C:/Users/Ilya/AppData/Local/UnrealEngine/4.8/DerivedDataCache/Boot.ddc
[2015.08.14-10.49.17:762][  0]LogDerivedDataCache: FDerivedDataBackendGraph:  Pak pak cache file D:/projects/unreal/FoD 4.8/DerivedDataCache/DDC.ddp not found, will not use a pak cache.
[2015.08.14-10.49.17:762][  0]LogDerivedDataCache: Unable to find inner node Pak for hierarchical cache Hierarchy.
[2015.08.14-10.49.17:762][  0]LogDerivedDataCache: FDerivedDataBackendGraph:  CompressedPak pak cache file D:/projects/unreal/FoD 4.8/DerivedDataCache/Compressed.ddp not found, will not use a pak cache.
[2015.08.14-10.49.17:762][  0]LogDerivedDataCache: Unable to find inner node CompressedPak for hierarchical cache Hierarchy.
[2015.08.14-10.49.17:928][  0]LogDerivedDataCache:Display: Pak cache opened for reading ../../../Engine/DerivedDataCache/Compressed.ddp.
[2015.08.14-10.49.17:940][  0]LogDerivedDataCache: Using Local data cache path C:/Users/Ilya/AppData/Local/UnrealEngine/Common/DerivedDataCache: Writable
[2015.08.14-10.49.18:200][  0]LogInit: Selected Device Profile: [Windows]
[2015.08.14-10.49.18:287][  0]ImportText (ComponentSweepMultiTests): Missing closing parenthesis: (RootShapeAsset="/Engine/BasicShapes/Cube.Cube",ShapeType="TriggerCapsule",HitResult=(Time=0.50,Location=(X=-100.000015,Y=0.0,Z=100.000015),ImpactPoint=(X=-50.0,Y=0.0,Z=50.0),Normal=(X=-1.0,Y=-0.0,Z=0.0),ImpactNormal=(X=0.0,Y=0.0,Z=1.0),TraceStart=(X=-200.0,Y=0.0,Z=200.0),TraceEnd=(X=0.0,Y=0.0,Z=0.0))
[2015.08.14-10.49.18:288][  0]ImportText (LineTraceSingleByChannelTests): Missing closing parenthesis: (RootShapeAsset="/Engine/BasicShapes/Cube.Cube",HitResult=(Time=0.50,Location=(X=-100.000015,Y=0.0,Z=100.000015),ImpactPoint=(X=-50.0,Y=0.0,Z=50.0),Normal=(X=-1.0,Y=-0.0,Z=0.0),ImpactNormal=(X=0.0,Y=0.0,Z=1.0),TraceStart=(X=-200.0,Y=0.0,Z=200.0),TraceEnd=(X=0.0,Y=0.0,Z=0.0))
[2015.08.14-10.49.18:317][  0]LogMeshUtilities: No automatic mesh reduction module available
[2015.08.14-10.49.18:317][  0]LogMeshUtilities: No automatic mesh merging module available
[2015.08.14-10.49.18:646][  0]LogInit: WinSock: version 1.1 (2.2), MaxSocks=32767, MaxUdp=65467
[2015.08.14-10.49.19:701][  0]UdpMessaging: Initializing bridge on interface 0.0.0.0:0 to multicast group 230.0.0.1:6666.
[2015.08.14-10.49.19:783][  0]LogPackageName:Error: DoesPackageExist: DoesPackageExist FAILED: '/Content/texture/crosshair/crosshair' is not a standard unreal filename or a long path name. Reason: Path does not start with a valid root. Path must begin with: '/Engine/', '/Game/', '/Paper2D/', '/CharacterAI/', '/LeapMotionController/', '/Config/', '/Script/', or '/Temp/'
[2015.08.14-10.49.19:784][  0]LogLinker:Warning: Can't find file '/Content/texture/crosshair/crosshair'
[2015.08.14-10.49.19:784][  0]LogPackageName:Error: DoesPackageExist: DoesPackageExist FAILED: '/Content/texture/crosshair/crosshair' is not a standard unreal filename or a long path name. Reason: Path does not start with a valid root. Path must begin with: '/Engine/', '/Game/', '/Paper2D/', '/CharacterAI/', '/LeapMotionController/', '/Config/', '/Script/', or '/Temp/'
[2015.08.14-10.49.19:784][  0]LogLinker:Warning: Can't find file '/Content/texture/crosshair/crosshair'
[2015.08.14-10.49.19:784][  0]LogPackageName:Error: DoesPackageExist: DoesPackageExist FAILED: '/Content/texture/crosshair/crosshair' is not a standard unreal filename or a long path name. Reason: Path does not start with a valid root. Path must begin with: '/Engine/', '/Game/', '/Paper2D/', '/CharacterAI/', '/LeapMotionController/', '/Config/', '/Script/', or '/Temp/'
[2015.08.14-10.49.19:784][  0]LogLinker:Warning: Can't find file '/Content/texture/crosshair/crosshair'
[2015.08.14-10.49.19:784][  0]LogUObjectGlobals:Warning: Failed to find object 'Texture2D /Content/texture/crosshair/crosshair.tga'
[2015.08.14-10.49.19:784][  0]Error: CDO Constructor (FPHUD): Failed to find Texture2D'/Content/texture/crosshair/crosshair.tga'

[2015.08.14-10.49.19:784][  0]LogUObjectBase:Warning: -------------- Default Property warnings and errors:
[2015.08.14-10.49.19:784][  0]LogUObjectBase:Warning: Error: CDO Constructor (FPHUD): Failed to find Texture2D'/Content/texture/crosshair/crosshair.tga'

[2015.08.14-10.49.19:789][  0]LogWindowsTextInputMethodSystem:Display: IME system now deactivated.
[2015.08.14-10.49.25:168][  0]LogWindowsTextInputMethodSystem:Display: IME system now deactivated.
[2015.08.14-10.49.25:168][  0]LogWindowsTextInputMethodSystem:Display: IME system now deactivated.
[2015.08.14-10.49.25:492][  0]SourceControl: Info Source control is disabled
[2015.08.14-10.49.25:492][  0]SourceControl: Info Source control is disabled
[2015.08.14-10.49.25:503][  0]SourceControl: Info Source control is disabled
[2015.08.14-10.49.25:514][  0]SourceControl: Info Source control is disabled
[2015.08.14-10.49.25:770][  0]LogObj: 26333 objects as part of root set at end of initial load.
[2015.08.14-10.49.25:770][  0]LogUObjectAllocator: 5435920 out of 0 bytes used by permanent object pool.
[2015.08.14-10.49.25:850][  0]LogEngine: Initializing Engine...
[2015.08.14-10.49.25:852][  0]LogHMD: Can't find Oculus library dev build: is proper Runtime installed? Version: 0.6.0.0
[2015.08.14-10.49.25:853][  0]LogHMD:Warning: SteamVR failed to initialize.  Error: 110
[2015.08.14-10.49.26:028][  0]LogAIModule: Creating AISystem for world NewWorld
[2015.08.14-10.49.26:033][  0]LogInit: XAudio2 using 'Динамики (Realtek High Definition Audio)' : 2 channels at 44.1 kHz using 32 bits per sample (channel mask 0x3)
[2015.08.14-10.49.26:083][  0]LogInit: FAudioDevice initialized.
[2015.08.14-10.49.26:109][  0]LogDerivedDataCache: Saved boot cache 0.03s 53MB C:/Users/Ilya/AppData/Local/UnrealEngine/4.8/DerivedDataCache/Boot.ddc.
[2015.08.14-10.49.26:114][  0]LogInit: Texture streaming: Disabled
[2015.08.14-10.49.26:140][  0]LogAnalytics: Creating configured Analytics provider AnalyticsET
[2015.08.14-10.49.26:140][  0]LogAnalytics: [UEEditor.Rocket.Release] APIServer = http://et2.epicgames.com/ET2/. AppVersion = 4.8.3-2634408+++depot+UE4-Releases+4.8
[2015.08.14-10.49.26:140][  0]LogAnalytics: [UEEditor.Rocket.Release] SetUserId a7f999d945d7ce1bcb40819eed5fc215|9874e92d453642a1a852b47e8a1bb05f|e0bf2233-ae09-4568-aecc-a45b89a1cc1d
[2015.08.14-10.49.26:140][  0]LogAnalytics: [UEEditor.Rocket.Release] AnalyticsET::StartSession
[2015.08.14-10.49.26:167][  0]LogInit: Transaction tracking system initialized
[2015.08.14-10.49.26:333][  0]BlueprintLog: New page: Editor Load
[2015.08.14-10.49.26:379][  0]LogAssetRegistry: FAssetRegistry took 0.0114 seconds to start up
[2015.08.14-10.49.26:379][  0]LogDirectoryWatcher:Warning: Failed to begin reading directory changes for ../../../Engine/Plugins/Experimental/CharacterAI/Content/. Error: 0
[2015.08.14-10.49.27:258][  0]LogConsoleManager:Warning: Console variable 'r.VSync' wasn't set ('GameSetting' has a lower priority than 'SystemSettingsIni')
[2015.08.14-10.49.27:258][  0]LogConsoleResponse:Display: 
[2015.08.14-10.49.27:426][  0]LogCook:Display: Done creating registry. It took  0.00s.
[2015.08.14-10.49.27:715][  0]SourceControl: Info Source control is disabled
[2015.08.14-10.49.27:715][  0]Cmd: MAP LOAD FILE="../../../Engine/Content/Maps/Templates/Template_Default.umap" TEMPLATE=1 SHOWPROGRESS=1 FEATURELEVEL=3
[2015.08.14-10.49.27:716][  0]LightingResults: New page: Lighting Build
[2015.08.14-10.49.27:736][  0]MapCheck: New page: Map Check
[2015.08.14-10.49.27:737][  0]LightingResults: New page: Lighting Build
[2015.08.14-10.49.27:761][  0]LogParticles: Destroying 0 GPU particle simulations for FXSystem 0x000000B0E540D4E0
[2015.08.14-10.49.28:407][  0]LogAIModule: Creating AISystem for world Untitled_1
[2015.08.14-10.49.28:415][  0]LogEditorServer: Finished looking for orphan Actors (0.000 secs)
[2015.08.14-10.49.28:425][  0]Cmd: MAP CHECKDEP NOCLEARLOG
[2015.08.14-10.49.28:477][  0]MapCheck: Info Map check complete: 0 Error(s), 0 Warning(s), took 52.275ms to complete.
[2015.08.14-10.49.28:477][  0]LogFileHelpers: Loading map 'Template_Default' took 0.761
[2015.08.14-10.49.28:629][  0]LogCollectionManager: Loaded 0 collections in 0.003714 seconds
[2015.08.14-10.49.28:645][  0]LogContentBrowser: Native class hierarchy populated in 0.0155 seconds. Added 1796 classes and 303 folders.
[2015.08.14-10.49.28:714][  0]LogContentBrowser: Native class hierarchy updated for 'WidgetCarousel' in 0.0026 seconds. Added 0 classes and 0 folders.
[2015.08.14-10.49.28:759][  0]LogContentBrowser: Native class hierarchy updated for 'AddContentDialog' in 0.0027 seconds. Added 0 classes and 0 folders.
[2015.08.14-10.49.28:789][  0]LogContentBrowser: Native class hierarchy updated for 'SceneOutliner' in 0.0039 seconds. Added 1 classes and 2 folders.
[2015.08.14-10.49.28:838][  0]LogCrashTracker: Crashtracker disabled due to settings.
[2015.08.14-10.49.28:839][  0]LogD3D11RHI: InitD3DDevice
[2015.08.14-10.49.28:843][  0]LogUObjectGlobals:Warning: Failed to find object 'Class None.'
[2015.08.14-10.49.28:871][  0]LogLoad: Full Startup: 15.70 seconds (BP compile: 0.20 seconds)
[2015.08.14-10.49.29:263][  0]LogContentStreaming: Texture pool size is 0.000000MB
[2015.08.14-10.49.29:291][  0]LogContentStreaming: Texture pool size now 1000 MB
[2015.08.14-10.49.29:480][  0]LogRenderer: Reallocating scene render targets to support 1208x576 (Frame:2).
[2015.08.14-10.49.31:240][  6]LogAssetRegistry: Asset discovery search completed in 4.8732 seconds
[2015.08.14-10.49.32:231][  9]LogD3D11RHI: InitD3DDevice
[2015.08.14-10.49.33:345][ 18]LogD3D11RHI: InitD3DDevice
[2015.08.14-10.49.33:346][ 18]Recompiling FoD...
[2015.08.14-10.49.33:346][ 18]Launching UnrealBuildTool... [C:/Program Files/Epic Games/4.8/Engine/Binaries/DotNET/UnrealBuildTool.exe FoD -ModuleWithSuffix FoD 9014 Win64 Development -editorrecompile -canskiplink "D:/projects/unreal/FoD 4.8/FoD.uproject" -rocket  -rocket]
[2015.08.14-10.49.33:347][ 18]Warning: Starting HotReload took  0.0s.
[2015.08.14-10.50.42:545][633]LogWindowsTextInputMethodSystem:Display: IME system now deactivated.
[2015.08.14-10.50.42:545][633]LogWindowsTextInputMethodSystem:Display: IME system now deactivated.
[2015.08.14-10.50.57:053][906]CompilerResultsLog: New page: Compilation - Aug 14, 2015, 4:50:57 PM
[2015.08.14-10.50.57:053][906]CompilerResultsLog: Info Compiling game modules for hot reload
[2015.08.14-10.50.57:053][906]CompilerResultsLog: Info Parsing headers for FoDEditor
[2015.08.14-10.50.57:053][906]CompilerResultsLog: Info Reflection code generated for FoDEditor
[2015.08.14-10.50.57:053][906]CompilerResultsLog: Info Performing 2 actions (2 in parallel)
[2015.08.14-10.50.57:053][906]CompilerResultsLog: Info FPHUD.cpp
[2015.08.14-10.50.57:053][906]CompilerResultsLog: Info [2/2] Link UE4Editor-FoD-9014.dll
[2015.08.14-10.50.57:053][906]CompilerResultsLog: Info    Creating library D:\projects\unreal\FoD 4.8\Intermediate/Build/Win64\UE4Editor\Development\UE4Editor-FoD-9014.lib and object D:\projects\unreal\FoD 4.8\Intermediate/Build/Win64\UE4Editor\Development\UE4Editor-FoD-9014.exp
[2015.08.14-10.50.57:053][906]CompilerResultsLog: Info -------- End Detailed Actions Stats -----------------------------------------------------------
[2015.08.14-10.50.57:053][906]CompilerResultsLog: Info Total build time: 83,49 seconds
[2015.08.14-10.50.57:053][906]LogMainFrame: MainFrame: Module compiling took 83.711 seconds
[2015.08.14-10.50.57:140][906]LogPackageName:Error: DoesPackageExist: DoesPackageExist FAILED: '/Content/texture/crosshair/crosshair2' is not a standard unreal filename or a long path name. Reason: Path does not start with a valid root. Path must begin with: '/Engine/', '/Game/', '/Paper2D/', '/CharacterAI/', '/LeapMotionController/', '/Config/', '/Script/', or '/Temp/'
[2015.08.14-10.50.57:140][906]LogLinker:Warning: Can't find file '/Content/texture/crosshair/crosshair2'
[2015.08.14-10.50.57:140][906]LogPackageName:Error: DoesPackageExist: DoesPackageExist FAILED: '/Content/texture/crosshair/crosshair2' is not a standard unreal filename or a long path name. Reason: Path does not start with a valid root. Path must begin with: '/Engine/', '/Game/', '/Paper2D/', '/CharacterAI/', '/LeapMotionController/', '/Config/', '/Script/', or '/Temp/'
[2015.08.14-10.50.57:141][906]LogLinker:Warning: Can't find file '/Content/texture/crosshair/crosshair2'
[2015.08.14-10.50.57:141][906]LogPackageName:Error: DoesPackageExist: DoesPackageExist FAILED: '/Content/texture/crosshair/crosshair2' is not a standard unreal filename or a long path name. Reason: Path does not start with a valid root. Path must begin with: '/Engine/', '/Game/', '/Paper2D/', '/CharacterAI/', '/LeapMotionController/', '/Config/', '/Script/', or '/Temp/'
[2015.08.14-10.50.57:141][906]LogLinker:Warning: Can't find file '/Content/texture/crosshair/crosshair2'
[2015.08.14-10.50.57:141][906]LogUObjectGlobals:Warning: Failed to find object 'Texture2D /Content/texture/crosshair/crosshair2.png'
[2015.08.14-10.50.57:141][906]Error: CDO Constructor (FPHUD): Failed to find Texture2D'/Content/texture/crosshair/crosshair2.png'

[2015.08.14-10.50.57:143][906]LogContentBrowser: Native class hierarchy updated for 'FoD' in 0.0019 seconds. Added 4 classes and 2 folders.
[2015.08.14-10.50.57:143][906]Warning: Some classes could not be reloaded:
Error: CDO Constructor (FPHUD): Failed to find Texture2D'/Content/texture/crosshair/crosshair2.png'


[2015.08.14-10.50.57:144][906]Warning: HotReload successful (7 functions remapped  0 scriptstructs remapped)
[2015.08.14-10.50.57:164][906]LogContentBrowser: Native class hierarchy populated in 0.0103 seconds. Added 1797 classes and 305 folders.
[2015.08.14-10.52.20:198][367]LogVSAccessor:Warning: Couldn't access Visual Studio
[2015.08.14-10.52.20:199][367]LogD3D11RHI: InitD3DDevice
[2015.08.14-10.52.20:201][367]Recompiling FoD...
[2015.08.14-10.52.20:201][367]Launching UnrealBuildTool... [C:/Program Files/Epic Games/4.8/Engine/Binaries/DotNET/UnrealBuildTool.exe FoD -ModuleWithSuffix FoD 3742 Win64 Development -editorrecompile -canskiplink "D:/projects/unreal/FoD 4.8/FoD.uproject" -rocket  -rocket]
[2015.08.14-10.52.20:202][367]Warning: Starting HotReload took  0.0s.
[2015.08.14-10.52.41:024][662]CompilerResultsLog: New page: Compilation - Aug 14, 2015, 4:52:41 PM
[2015.08.14-10.52.41:024][662]CompilerResultsLog: Info Compiling game modules for hot reload
[2015.08.14-10.52.41:024][662]CompilerResultsLog: Info Parsing headers for FoDEditor
[2015.08.14-10.52.41:024][662]CompilerResultsLog: Info Reflection code generated for FoDEditor
[2015.08.14-10.52.41:024][662]CompilerResultsLog: Info Performing 2 actions (2 in parallel)
[2015.08.14-10.52.41:024][662]CompilerResultsLog: Info FPHUD.cpp
[2015.08.14-10.52.41:024][662]CompilerResultsLog: Info [2/2] Link UE4Editor-FoD-3742.dll
[2015.08.14-10.52.41:024][662]CompilerResultsLog: Info    Creating library D:\projects\unreal\FoD 4.8\Intermediate/Build/Win64\UE4Editor\Development\UE4Editor-FoD-3742.lib and object D:\projects\unreal\FoD 4.8\Intermediate/Build/Win64\UE4Editor\Development\UE4Editor-FoD-3742.exp
[2015.08.14-10.52.41:024][662]CompilerResultsLog: Info -------- End Detailed Actions Stats -----------------------------------------------------------
[2015.08.14-10.52.41:024][662]CompilerResultsLog: Info Total build time: 20,61 seconds
[2015.08.14-10.52.41:025][662]LogMainFrame: MainFrame: Module compiling took 20.827 seconds
[2015.08.14-10.52.41:087][662]LogContentBrowser: Native class hierarchy updated for 'FoD' in 0.0019 seconds. Added 4 classes and 2 folders.
[2015.08.14-10.52.41:088][662]Warning: HotReload successful (7 functions remapped  0 scriptstructs remapped)
[2015.08.14-10.52.41:107][662]LogContentBrowser: Native class hierarchy populated in 0.0098 seconds. Added 1797 classes and 305 folders.
[2015.08.14-10.52.48:019][683]LogWindowsTextInputMethodSystem:Display: IME system now deactivated.
[2015.08.14-10.52.48:019][683]LogWindowsTextInputMethodSystem:Display: IME system now deactivated.
[2015.08.14-10.52.49:001][731]LogPlayLevel: PIE:  No blueprints needed recompiling
[2015.08.14-10.52.49:001][731]PIE: New page: PIE session: Untitled_1 (Aug 14, 2015, 4:52:49 PM)
[2015.08.14-10.52.49:002][731]LogPlayLevel: Creating play world package: /Temp/UEDPIE_0_Untitled_1
[2015.08.14-10.52.49:004][731]LogPlayLevel: PIE: StaticDuplicateObject took: (0.002153s)
[2015.08.14-10.52.49:005][731]LogAIModule: Creating AISystem for world Untitled_1
[2015.08.14-10.52.49:006][731]LogPlayLevel: PIE: World Init took: (0.001759s)
[2015.08.14-10.52.49:006][731]LogPlayLevel: PIE: Created PIE world by copying editor world from /Temp/Untitled_1.Untitled_1 to /Temp/UEDPIE_0_Untitled_1.Untitled_1 (0.004215s)
[2015.08.14-10.52.49:033][731]LogInit: XAudio2 using 'Динамики (Realtek High Definition Audio)' : 2 channels at 44.1 kHz using 32 bits per sample (channel mask 0x3)
[2015.08.14-10.52.49:070][731]LogInit: FAudioDevice initialized.
[2015.08.14-10.52.49:119][731]LogWorld: Game class is 'FPGameMode'
[2015.08.14-10.52.49:122][731]LogWorld: Bringing World /Temp/UEDPIE_0_Untitled_1.Untitled_1 up for play (max tick rate 60) at 2015.08.14-13.52.49
[2015.08.14-10.52.49:122][731]LogActor:Warning: GameSession /Temp/UEDPIE_0_Untitled_1.Untitled_1:PersistentLevel.GameSession_0 has natively added scene component(s), but none of them were set as the actor's RootComponent - picking one arbitrarily
[2015.08.14-10.52.49:123][731]LogActor:Warning: GameNetworkManager /Temp/UEDPIE_0_Untitled_1.Untitled_1:PersistentLevel.GameNetworkManager_0 has natively added scene component(s), but none of them were set as the actor's RootComponent - picking one arbitrarily
[2015.08.14-10.52.49:123][731]LogWorld: Bringing up level for play took: 0.002582
[2015.08.14-10.52.49:126][731]PIE: Info Play in editor start time for /Temp/UEDPIE_0_Untitled_1 0.086
[2015.08.14-10.52.52:154][849]LogParticles: Destroying 0 GPU particle simulations for FXSystem 0x000000B0DA5BD800
[2015.08.14-10.52.54:553][950]LogD3D11RHI: InitD3DDevice
[2015.08.14-10.52.55:275][982]LogD3D11RHI: InitD3DDevice
[2015.08.14-10.52.56:601][ 61]LogD3D11RHI: InitD3DDevice
[2015.08.14-10.52.58:769][191]LogD3D11RHI: InitD3DDevice
[2015.08.14-10.53.25:289][414]LogWindowsTextInputMethodSystem:Display: IME system now deactivated.
[2015.08.14-10.53.25:289][414]LogWindowsTextInputMethodSystem:Display: IME system now deactivated.
[2015.08.14-10.53.29:522][602]LogD3D11RHI: InitD3DDevice
[2015.08.14-10.53.42:933][310]LogD3D11RHI: InitD3DDevice
[2015.08.14-10.53.45:093][399]LogVSAccessor:Warning: Visual Studio is open but could not be queried - it may be blocked by a modal operation
[2015.08.14-10.57.39:333][385]LogWindowsTextInputMethodSystem:Display: IME system now deactivated.
[2015.08.14-10.57.39:333][385]LogWindowsTextInputMethodSystem:Display: IME system now deactivated.
[2015.08.14-10.57.41:132][468]LogWindowsTextInputMethodSystem:Display: IME system now deactivated.
[2015.08.14-10.57.41:402][469]Cmd: QUIT_EDITOR
[2015.08.14-10.57.41:715][469]LogExit: Preparing to exit.
[2015.08.14-10.57.42:043][469]LogExit: Editor shut down
[2015.08.14-10.57.42:043][469]LogExit: Transaction tracking system shut down
[2015.08.14-10.57.42:044][469]LogParticles: Destroying 0 GPU particle simulations for FXSystem 0x000000B0D637A7A0
[2015.08.14-10.57.42:044][469]LogParticles: Destroying 0 GPU particle simulations for FXSystem 0x000000B0ECEF6E80
[2015.08.14-10.57.42:045][469]LogParticles: Destroying 0 GPU particle simulations for FXSystem 0x000000B0D4FAB420
[2015.08.14-10.57.42:045][469]LogParticles: Destroying 0 GPU particle simulations for FXSystem 0x000000B0FEE27CE0
[2015.08.14-10.57.42:174][469]LogExit: Object subsystem successfully closed.
[2015.08.14-10.57.42:185][469]LogD3D11RHI: Shutdown
[2015.08.14-10.57.42:185][469]LogD3D11RHI: CleanupD3DDevice
[2015.08.14-10.57.42:231][469]LogD3D11RHI: ~FD3D11DynamicRHI
[2015.08.14-10.57.42:248][469]LogModuleManager: Shutting down and abandoning module CrashTracker (189)
[2015.08.14-10.57.42:248][469]LogModuleManager: Shutting down and abandoning module SceneOutliner (188)
[2015.08.14-10.57.42:248][469]LogModuleManager: Shutting down and abandoning module SuperSearch (187)
[2015.08.14-10.57.42:248][469]LogModuleManager: Shutting down and abandoning module WidgetCarousel (186)
[2015.08.14-10.57.42:248][469]LogModuleManager: Shutting down and abandoning module AddContentDialog (185)
[2015.08.14-10.57.42:251][469]LogModuleManager: Shutting down and abandoning module EditorWidgets (184)
[2015.08.14-10.57.42:251][469]LogModuleManager: Shutting down and abandoning module CollectionManager (183)
[2015.08.14-10.57.42:252][469]LogModuleManager: Shutting down and abandoning module StatsViewer (182)
[2015.08.14-10.57.42:252][469]LogModuleManager: Shutting down and abandoning module FoliageEdit (181)
[2015.08.14-10.57.42:252][469]LogModuleManager: Shutting down and abandoning module LandscapeEditor (180)
[2015.08.14-10.57.42:252][469]LogModuleManager: Shutting down and abandoning module ActorPickerMode (179)
[2015.08.14-10.57.42:252][469]LogModuleManager: Shutting down and abandoning module GeometryMode (178)
[2015.08.14-10.57.42:252][469]LogModuleManager: Shutting down and abandoning module TextureAlignMode (177)
[2015.08.14-10.57.42:252][469]LogModuleManager: Shutting down and abandoning module BspMode (176)
[2015.08.14-10.57.42:252][469]LogModuleManager: Shutting down and abandoning module PlacementMode (175)
[2015.08.14-10.57.42:252][469]LogModuleManager: Shutting down and abandoning module AutomationWorker (174)
[2015.08.14-10.57.42:252][469]LogModuleManager: Shutting down and abandoning module CharacterAI (173)
[2015.08.14-10.57.42:252][469]LogModuleManager: Shutting down and abandoning module SmartSnapping (172)
[2015.08.14-10.57.42:252][469]LogModuleManager: Shutting down and abandoning module ViewportSnapping (171)
[2015.08.14-10.57.42:252][469]LogModuleManager: Shutting down and abandoning module LogVisualizer (170)
[2015.08.14-10.57.42:252][469]LogModuleManager: Shutting down and abandoning module GameProjectGeneration (169)
[2015.08.14-10.57.42:252][469]LogModuleManager: Shutting down and abandoning module IntroTutorials (168)
[2015.08.14-10.57.42:252][469]LogModuleManager: Shutting down and abandoning module EditorLiveStreaming (167)
[2015.08.14-10.57.42:252][469]LogModuleManager: Shutting down and abandoning module IOSPlatformEditor (166)
[2015.08.14-10.57.42:253][469]LogModuleManager: Shutting down and abandoning module HTML5PlatformEditor (165)
[2015.08.14-10.57.42:253][469]LogModuleManager: Shutting down and abandoning module AndroidDeviceDetection (164)
[2015.08.14-10.57.42:315][469]LogModuleManager: Shutting down and abandoning module AndroidPlatformEditor (163)
[2015.08.14-10.57.42:315][469]LogModuleManager: Shutting down and abandoning module IOSRuntimeSettings (162)
[2015.08.14-10.57.42:315][469]LogModuleManager: Shutting down and abandoning module AndroidRuntimeSettings (161)
[2015.08.14-10.57.42:315][469]LogModuleManager: Shutting down and abandoning module MergeActors (160)
[2015.08.14-10.57.42:315][469]LogModuleManager: Shutting down and abandoning module SizeMap (159)
[2015.08.14-10.57.42:315][469]LogModuleManager: Shutting down and abandoning module TreeMap (158)
[2015.08.14-10.57.42:315][469]LogModuleManager: Shutting down and abandoning module ReferenceViewer (157)
[2015.08.14-10.57.42:315][469]LogModuleManager: Shutting down and abandoning module LocalizationDashboard (156)
[2015.08.14-10.57.42:315][469]LogModuleManager: Shutting down and abandoning module HardwareTargeting (155)
[2015.08.14-10.57.42:315][469]LogModuleManager: Shutting down and abandoning module DeviceProfileEditor (154)
[2015.08.14-10.57.42:315][469]LogModuleManager: Shutting down and abandoning module UndoHistory (153)
[2015.08.14-10.57.42:315][469]LogModuleManager: Shutting down and abandoning module GameplayTagsEditor (152)
[2015.08.14-10.57.42:315][469]LogModuleManager: Shutting down and abandoning module UserFeedback (151)
[2015.08.14-10.57.42:315][469]LogModuleManager: Shutting down and abandoning module XmlParser (150)
[2015.08.14-10.57.42:315][469]LogModuleManager: Shutting down and abandoning module Blutility (149)
[2015.08.14-10.57.42:315][469]LogModuleManager: Shutting down and abandoning module ProjectTargetPlatformEditor (148)
[2015.08.14-10.57.42:315][469]LogModuleManager: Shutting down and abandoning module ProjectSettingsViewer (147)
[2015.08.14-10.57.42:315][469]LogModuleManager: Shutting down and abandoning module InputBindingEditor (146)
[2015.08.14-10.57.42:315][469]LogModuleManager: Shutting down and abandoning module EditorSettingsViewer (145)
[2015.08.14-10.57.42:315][469]LogModuleManager: Shutting down and abandoning module SettingsEditor (144)
[2015.08.14-10.57.42:315][469]LogModuleManager: Shutting down and abandoning module ProjectLauncher (143)
[2015.08.14-10.57.42:315][469]LogModuleManager: Shutting down and abandoning module SessionFrontend (142)
[2015.08.14-10.57.42:315][469]LogModuleManager: Shutting down and abandoning module ProfilerClient (141)
[2015.08.14-10.57.42:315][469]LogModuleManager: Shutting down and abandoning module TargetDeviceServices (140)
[2015.08.14-10.57.42:315][469]LogModuleManager: Shutting down and abandoning module DeviceManager (139)
[2015.08.14-10.57.42:315][469]LogModuleManager: Shutting down and abandoning module AutomationController (138)
[2015.08.14-10.57.42:315][469]LogModuleManager: Shutting down and abandoning module AutomationWindow (137)
[2015.08.14-10.57.42:315][469]LogModuleManager: Shutting down and abandoning module Layers (136)
[2015.08.14-10.57.42:316][469]LogModuleManager: Shutting down and abandoning module ComponentVisualizers (135)
[2015.08.14-10.57.42:316][469]LogModuleManager: Shutting down and abandoning module DetailCustomizations (134)
[2015.08.14-10.57.42:316][469]LogModuleManager: Shutting down and abandoning module PackagesDialog (133)
[2015.08.14-10.57.42:316][469]LogModuleManager: Shutting down and abandoning module AssetRegistry (132)
[2015.08.14-10.57.42:414][469]LogModuleManager: Shutting down and abandoning module Persona (131)
[2015.08.14-10.57.42:414][469]LogModuleManager: Shutting down and abandoning module Kismet (130)
[2015.08.14-10.57.42:414][469]LogModuleManager: Shutting down and abandoning module GraphEditor (129)
[2015.08.14-10.57.42:414][469]LogModuleManager: Shutting down and abandoning module ClassViewer (128)
[2015.08.14-10.57.42:414][469]LogModuleManager: Shutting down and abandoning module Toolbox (127)
[2015.08.14-10.57.42:414][469]LogModuleManager: Shutting down and abandoning module ModuleUI (126)
[2015.08.14-10.57.42:414][469]LogModuleManager: Shutting down and abandoning module MovieSceneTools (125)
[2015.08.14-10.57.42:414][469]LogModuleManager: Shutting down and abandoning module OutputLog (124)
[2015.08.14-10.57.42:414][469]LogModuleManager: Shutting down and abandoning module GammaUI (123)
[2015.08.14-10.57.42:414][469]LogModuleManager: Shutting down and abandoning module Documentation (122)
[2015.08.14-10.57.42:414][469]LogModuleManager: Shutting down and abandoning module GameLiveStreaming (121)
[2015.08.14-10.57.42:414][469]LogModuleManager: Shutting down and abandoning module StreamingPauseRendering (120)
[2015.08.14-10.57.42:414][469]LogModuleManager: Shutting down and abandoning module AnalyticsET (119)
[2015.08.14-10.57.42:414][469]LogModuleManager: Shutting down and abandoning module Analytics (118)
[2015.08.14-10.57.42:414][469]LogModuleManager: Shutting down and abandoning module AITestSuite (117)
[2015.08.14-10.57.42:414][469]LogModuleManager: Shutting down and abandoning module GameplayDebugger (116)
[2015.08.14-10.57.42:414][469]LogModuleManager: Shutting down and abandoning module AIModule (115)
[2015.08.14-10.57.42:414][469]LogModuleManager: Shutting down and abandoning module ProfilerService (114)
[2015.08.14-10.57.42:441][469]LogModuleManager: Shutting down and abandoning module TaskGraph (113)
[2015.08.14-10.57.42:441][469]LogModuleManager: Shutting down and abandoning module SlateRemote (112)
[2015.08.14-10.57.42:441][469]LogModuleManager: Shutting down and abandoning module SteamVRController (111)
[2015.08.14-10.57.42:441][469]LogModuleManager: Shutting down and abandoning module SteamVR (110)
[2015.08.14-10.57.42:441][469]LogModuleManager: Shutting down and abandoning module ProceduralMeshComponent (109)
[2015.08.14-10.57.42:441][469]LogModuleManager: Shutting down and abandoning module OculusRift (108)
[2015.08.14-10.57.42:441][469]LogModuleManager: Shutting down and abandoning module LeapMotionController (107)
[2015.08.14-10.57.42:448][469]LogModuleManager: Shutting down and abandoning module CustomMeshComponent (106)
[2015.08.14-10.57.42:448][469]LogModuleManager: Shutting down and abandoning module CableComponent (105)
[2015.08.14-10.57.42:448][469]LogModuleManager: Shutting down and abandoning module MessagingDebugger (104)
[2015.08.14-10.57.42:448][469]LogModuleManager: Shutting down and abandoning module MediaPlayerEditor (103)
[2015.08.14-10.57.42:448][469]LogModuleManager: Shutting down and abandoning module SpeedTreeImporter (102)
[2015.08.14-10.57.42:448][469]LogModuleManager: Shutting down and abandoning module PluginBrowser (101)
[2015.08.14-10.57.42:448][469]LogModuleManager: Shutting down and abandoning module EpicSurvey (100)
[2015.08.14-10.57.42:450][469]LogModuleManager: Shutting down and abandoning module DesktopPlatform (99)
[2015.08.14-10.57.42:450][469]LogModuleManager: Shutting down and abandoning module VisualStudioSourceCodeAccess (98)
[2015.08.14-10.57.42:450][469]LogModuleManager: Shutting down and abandoning module UObjectPlugin (97)
[2015.08.14-10.57.42:450][469]LogModuleManager: Shutting down and abandoning module SubversionSourceControl (96)
[2015.08.14-10.57.42:450][469]LogModuleManager: Shutting down and abandoning module PerforceSourceControl (95)
[2015.08.14-10.57.42:450][469]LogModuleManager: Shutting down and abandoning module SourceControl (94)
[2015.08.14-10.57.42:450][469]LogModuleManager: Shutting down and abandoning module GitSourceControl (93)
[2015.08.14-10.57.42:450][469]LogModuleManager: Shutting down and abandoning module BlankPlugin (92)
[2015.08.14-10.57.42:450][469]LogModuleManager: Shutting down and abandoning module PaperTiledImporter (91)
[2015.08.14-10.57.42:450][469]LogModuleManager: Shutting down and abandoning module PaperSpriteSheetImporter (90)
[2015.08.14-10.57.42:450][469]LogModuleManager: Shutting down and abandoning module MeshPaint (89)
[2015.08.14-10.57.42:450][469]LogModuleManager: Shutting down and abandoning module SlateReflector (88)
[2015.08.14-10.57.42:450][469]LogModuleManager: Shutting down and abandoning module DirectoryWatcher (87)
[2015.08.14-10.57.42:451][469]LogModuleManager: Shutting down and abandoning module HotReload (86)
[2015.08.14-10.57.42:451][469]LogModuleManager: Shutting down and abandoning module MainFrame (85)
[2015.08.14-10.57.42:451][469]LogModuleManager: Shutting down and abandoning module LevelEditor (84)
[2015.08.14-10.57.42:452][469]LogModuleManager: Shutting down and abandoning module ContentBrowser (83)
[2015.08.14-10.57.42:454][469]LogModuleManager: Shutting down and abandoning module Paper2DEditor (82)
[2015.08.14-10.57.42:454][469]LogModuleManager: Shutting down and abandoning module FoD (81)
[2015.08.14-10.57.42:454][469]LogModuleManager: Shutting down and abandoning module UdpMessaging (80)
[2015.08.14-10.57.42:554][469]LogModuleManager: Shutting down and abandoning module Paper2D (79)
[2015.08.14-10.57.42:554][469]LogModuleManager: Shutting down and abandoning module WindowsMoviePlayer (78)
[2015.08.14-10.57.42:556][469]LogModuleManager: Shutting down and abandoning module Media (77)
[2015.08.14-10.57.42:556][469]LogModuleManager: Shutting down and abandoning module WmfMedia (76)
[2015.08.14-10.57.42:556][469]LogModuleManager: Shutting down and abandoning module OnlineBlueprintSupport (75)
[2015.08.14-10.57.42:556][469]LogModuleManager: Shutting down and abandoning module PropertyEditor (74)
[2015.08.14-10.57.42:556][469]LogModuleManager: Shutting down and abandoning module BehaviorTreeEditor (73)
[2015.08.14-10.57.42:556][469]LogModuleManager: Shutting down and abandoning module FunctionalTesting (72)
[2015.08.14-10.57.42:556][469]LogModuleManager: Shutting down and abandoning module CollisionAnalyzer (71)
[2015.08.14-10.57.42:556][469]LogModuleManager: Shutting down and abandoning module WorkspaceMenuStructure (70)
[2015.08.14-10.57.42:556][469]LogModuleManager: Shutting down and abandoning module MessageLog (69)
[2015.08.14-10.57.42:556][469]LogModuleManager: Shutting down and abandoning module Sequencer (68)
[2015.08.14-10.57.42:557][469]LogModuleManager: Shutting down and abandoning module AssetTools (67)
[2015.08.14-10.57.42:557][469]LogModuleManager: Shutting down and abandoning module UMGEditor (66)
[2015.08.14-10.57.42:557][469]LogModuleManager: Shutting down and abandoning module UMG (65)
[2015.08.14-10.57.42:557][469]LogModuleManager: Shutting down and abandoning module Slate (64)
[2015.08.14-10.57.42:557][469]LogModuleManager: Shutting down and abandoning module EditorStyle (63)
[2015.08.14-10.57.42:559][469]LogModuleManager: Shutting down and abandoning module SessionServices (62)
[2015.08.14-10.57.42:559][469]LogModuleManager: Shutting down and abandoning module SourceCodeAccess (61)
[2015.08.14-10.57.42:559][469]LogModuleManager: Shutting down and abandoning module HeadMountedDisplay (60)
[2015.08.14-10.57.42:559][469]LogModuleManager: Shutting down and abandoning module XAudio2 (59)
[2015.08.14-10.57.42:559][469]LogModuleManager: Shutting down and abandoning module Networking (57)
[2015.08.14-10.57.42:559][469]LogModuleManager: Shutting down and abandoning module Core (56)
[2015.08.14-10.57.42:559][469]LogModuleManager: Shutting down and abandoning module KismetCompiler (55)
[2015.08.14-10.57.42:559][469]LogModuleManager: Shutting down and abandoning module PhysXFormats (54)
[2015.08.14-10.57.42:559][469]LogModuleManager: Shutting down and abandoning module MeshUtilities (53)
[2015.08.14-10.57.42:559][469]LogModuleManager: Shutting down and abandoning module DerivedDataCache (52)
[2015.08.14-10.57.42:641][469]LogDerivedDataCache: Shutdown
[2015.08.14-10.57.42:641][469]LogModuleManager: Shutting down and abandoning module ShaderFormatOpenGL (51)
[2015.08.14-10.57.42:641][469]LogModuleManager: Shutting down and abandoning module ShaderFormatD3D (50)
[2015.08.14-10.57.42:641][469]LogModuleManager: Shutting down and abandoning module MetalShaderFormat (49)
[2015.08.14-10.57.42:641][469]LogModuleManager: Shutting down and abandoning module TextureFormatUncompressed (48)
[2015.08.14-10.57.42:641][469]LogModuleManager: Shutting down and abandoning module TextureFormatPVR (47)
[2015.08.14-10.57.42:641][469]LogModuleManager: Shutting down and abandoning module TextureFormatIntelISPCTexComp (46)
[2015.08.14-10.57.42:641][469]LogModuleManager: Shutting down and abandoning module TextureFormatDXT (45)
[2015.08.14-10.57.42:641][469]LogModuleManager: Shutting down and abandoning module ImageWrapper (44)
[2015.08.14-10.57.42:641][469]LogModuleManager: Shutting down and abandoning module TextureFormatASTC (43)
[2015.08.14-10.57.42:641][469]LogModuleManager: Shutting down and abandoning module TextureFormatAndroid (42)
[2015.08.14-10.57.42:641][469]LogModuleManager: Shutting down and abandoning module AudioFormatOpus (41)
[2015.08.14-10.57.42:641][469]LogModuleManager: Shutting down and abandoning module AudioFormatOgg (40)
[2015.08.14-10.57.42:641][469]LogModuleManager: Shutting down and abandoning module AudioFormatADPCM (39)
[2015.08.14-10.57.42:641][469]LogModuleManager: Shutting down and abandoning module LinuxTargetPlatform (38)
[2015.08.14-10.57.42:641][469]LogModuleManager: Shutting down and abandoning module LinuxServerTargetPlatform (37)
[2015.08.14-10.57.42:641][469]LogModuleManager: Shutting down and abandoning module LinuxNoEditorTargetPlatform (36)
[2015.08.14-10.57.42:641][469]LogModuleManager: Shutting down and abandoning module Messaging (35)
[2015.08.14-10.57.42:641][469]LogModuleManager: Shutting down and abandoning module IOSTargetPlatform (34)
[2015.08.14-10.57.42:641][469]LogModuleManager: Shutting down and abandoning module HTML5TargetPlatform (33)
[2015.08.14-10.57.42:641][469]LogModuleManager: Shutting down and abandoning module Android_PVRTCTargetPlatform (32)
[2015.08.14-10.57.42:641][469]LogModuleManager: Shutting down and abandoning module Android_ETC2TargetPlatform (31)
[2015.08.14-10.57.42:641][469]LogModuleManager: Shutting down and abandoning module Android_ETC1TargetPlatform (30)
[2015.08.14-10.57.42:641][469]LogModuleManager: Shutting down and abandoning module Android_DXTTargetPlatform (29)
[2015.08.14-10.57.42:641][469]LogModuleManager: Shutting down and abandoning module Android_ATCTargetPlatform (28)
[2015.08.14-10.57.42:641][469]LogModuleManager: Shutting down and abandoning module Android_ASTCTargetPlatform (27)
[2015.08.14-10.57.42:641][469]LogModuleManager: Shutting down and abandoning module AndroidTargetPlatform (26)
[2015.08.14-10.57.42:641][469]LogModuleManager: Shutting down and abandoning module WindowsTargetPlatform (25)
[2015.08.14-10.57.42:641][469]LogModuleManager: Shutting down and abandoning module WindowsServerTargetPlatform (24)
[2015.08.14-10.57.42:641][469]LogModuleManager: Shutting down and abandoning module WindowsNoEditorTargetPlatform (23)
[2015.08.14-10.57.42:641][469]LogModuleManager: Shutting down and abandoning module WindowsClientTargetPlatform (22)
[2015.08.14-10.57.42:641][469]LogModuleManager: Shutting down and abandoning module DesktopTargetPlatform (21)
[2015.08.14-10.57.42:641][469]LogModuleManager: Shutting down and abandoning module TargetPlatform (20)
[2015.08.14-10.57.42:641][469]LogModuleManager: Shutting down and abandoning module InputCore (19)
[2015.08.14-10.57.42:641][469]LogModuleManager: Shutting down and abandoning module Settings (18)
[2015.08.14-10.57.42:641][469]LogModuleManager: Shutting down and abandoning module OnlineSubsystem (16)
[2015.08.14-10.57.42:641][469]LogModuleManager: Shutting down and abandoning module HTTP (15)
[2015.08.14-10.57.42:642][469]LogModuleManager: Shutting down and abandoning module ExampleDeviceProfileSelector (14)
[2015.08.14-10.57.42:642][469]LogModuleManager: Shutting down and abandoning module TextureCompressor (13)
[2015.08.14-10.57.42:642][469]LogModuleManager: Shutting down and abandoning module ShaderCore (12)
[2015.08.14-10.57.42:642][469]LogModuleManager: Shutting down and abandoning module Landscape (11)
[2015.08.14-10.57.42:642][469]LogModuleManager: Shutting down and abandoning module SlateRHIRenderer (10)
[2015.08.14-10.57.42:643][469]LogModuleManager: Shutting down and abandoning module OpenGLDrv (9)
[2015.08.14-10.57.42:643][469]LogModuleManager: Shutting down and abandoning module D3D11RHI (8)
[2015.08.14-10.57.42:643][469]LogModuleManager: Shutting down and abandoning module Renderer (7)
[2015.08.14-10.57.42:643][469]LogModuleManager: Shutting down and abandoning module Engine (6)
[2015.08.14-10.57.42:643][469]LogModuleManager: Shutting down and abandoning module CoreUObject (5)
[2015.08.14-10.57.42:643][469]LogModuleManager: Shutting down and abandoning module NetworkFile (4)
[2015.08.14-10.57.42:643][469]LogModuleManager: Shutting down and abandoning module StreamingFile (3)
[2015.08.14-10.57.42:643][469]LogModuleManager: Shutting down and abandoning module SandboxFile (2)
[2015.08.14-10.57.42:643][469]LogModuleManager: Shutting down and abandoning module PakFile (1)
[2015.08.14-10.57.42:643][469]LogExit: Exiting.
[2015.08.14-10.57.42:645][469]Log file closed, 08/14/15 13:57:42
