[2015.08.14-11.03.21:567][  0]Log file open, 08/14/15 14:03:21
[2015.08.14-11.03.21:567][  0]LogInit:Display: Running engine for game: FoD
[2015.08.14-11.03.21:567][  0]LogInit:Display: RandInit(556818111) SRandInit(556818112).
[2015.08.14-11.03.21:567][  0]LogTaskGraph: Started task graph with 4 named threads and 5 total threads.
[2015.08.14-11.03.21:567][  0]LogStats: Stats thread started
[2015.08.14-11.03.21:567][  0]LogInit: Version: 4.8.3-2634408+++depot+UE4-Releases+4.8
[2015.08.14-11.03.21:567][  0]LogInit: API Version: 2579680
[2015.08.14-11.03.21:567][  0]LogInit: Compiled (64-bit): Jul 27 2015 16:24:33
[2015.08.14-11.03.21:567][  0]LogInit: Compiled with Visual C++: 18.00.21005.01
[2015.08.14-11.03.21:567][  0]LogInit: Build Configuration: Development
[2015.08.14-11.03.21:567][  0]LogInit: Branch Name: ++depot+UE4-Releases+4.8
[2015.08.14-11.03.21:567][  0]LogInit: Command line:  
[2015.08.14-11.03.21:567][  0]LogInit: Base directory: C:/Program Files/Epic Games/4.8/Engine/Binaries/Win64/
[2015.08.14-11.03.21:567][  0]LogInit: Rocket: 1
[2015.08.14-11.03.21:581][  0]LogInit: Using libcurl 7.41.0
[2015.08.14-11.03.21:581][  0]LogInit:  - built for x86_64-pc-win32
[2015.08.14-11.03.21:581][  0]LogInit:  - supports SSL with WinSSL
[2015.08.14-11.03.21:581][  0]LogInit:  - other features:
[2015.08.14-11.03.21:581][  0]LogInit:      CURL_VERSION_SSL
[2015.08.14-11.03.21:581][  0]LogInit:      CURL_VERSION_IPV6
[2015.08.14-11.03.21:581][  0]LogInit:      CURL_VERSION_ASYNCHDNS
[2015.08.14-11.03.21:581][  0]LogInit:      CURL_VERSION_LARGEFILE
[2015.08.14-11.03.21:581][  0]LogInit:      CURL_VERSION_IDN
[2015.08.14-11.03.21:581][  0]LogInit:  CurlRequestOptions (configurable via config and command line):
[2015.08.14-11.03.21:581][  0]LogInit:  - bVerifyPeer = true  - Libcurl will verify peer certificate
[2015.08.14-11.03.21:581][  0]LogInit:  - bUseHttpProxy = false  - Libcurl will NOT use HTTP proxy
[2015.08.14-11.03.21:581][  0]LogInit:  - bDontReuseConnections = false  - Libcurl will reuse connections
[2015.08.14-11.03.21:581][  0]LogInit:  - CertBundlePath = nullptr  - Libcurl will use whatever was configured at build time.
[2015.08.14-11.03.21:595][  0]LogOnline:Warning: No default platform service specified for OnlineSubsystem
[2015.08.14-11.03.21:610][  0]LogInit: Presizing for 0 objects not considered by GC, pre-allocating 0 bytes.
[2015.08.14-11.03.21:619][  0]LogInit: Object subsystem initialized
[2015.08.14-11.03.21:620][  0]LogConsoleResponse:Warning: Skipping Unknown console variable: 'TranslucentSortAxis = (X=0.000000,Y=-1.000000,Z=0.000000)'
[2015.08.14-11.03.21:620][  0]LogConsoleResponse:Warning:   Found in ini file 'D:/projects/unreal/FoD 4.8/Saved/Config/Windows/Engine.ini', in section '[/Script/Engine.RendererSettings]'
[2015.08.14-11.03.21:620][  0]LogConsoleResponse:Warning: Skipping Unknown console variable: 'UIScaleRule = ShortestSide'
[2015.08.14-11.03.21:620][  0]LogConsoleResponse:Warning:   Found in ini file 'D:/projects/unreal/FoD 4.8/Saved/Config/Windows/Engine.ini', in section '[/Script/Engine.RendererSettings]'
[2015.08.14-11.03.21:620][  0]LogConsoleResponse:Warning: Skipping Unknown console variable: 'UIScaleCurve = (EditorCurveData=(Keys=),ExternalCurve=None)'
[2015.08.14-11.03.21:620][  0]LogConsoleResponse:Warning:   Found in ini file 'D:/projects/unreal/FoD 4.8/Saved/Config/Windows/Engine.ini', in section '[/Script/Engine.RendererSettings]'
[2015.08.14-11.03.21:621][  0]LogInit: Selected Device Profile: [Windows]
[2015.08.14-11.03.21:621][  0]LogInit: Applying CVar settings loaded from the selected device profile: [Windows]
[2015.08.14-11.03.21:629][  0]LogInit: Computer: PC
[2015.08.14-11.03.21:629][  0]LogInit: User: Ilya
[2015.08.14-11.03.21:629][  0]LogInit: CPU Page size=4096, Cores=2
[2015.08.14-11.03.21:629][  0]LogInit: High frequency timer resolution =2.533319 MHz
[2015.08.14-11.03.21:629][  0]LogMemory: Memory total: Physical=7.9GB (8GB approx)
[2015.08.14-11.03.21:629][  0]LogMemory: Platform Memory Stats for Windows
[2015.08.14-11.03.21:629][  0]LogMemory: Process Physical Memory: 48.39 MB used, 48.39 MB peak
[2015.08.14-11.03.21:629][  0]LogMemory: Process Virtual Memory: 20.60 MB used, 20.60 MB peak
[2015.08.14-11.03.21:629][  0]LogMemory: Physical Memory: 3037.36 MB used, 8077.82 MB total
[2015.08.14-11.03.21:629][  0]LogMemory: Virtual Memory: 289.50 MB used, 134217728.00 MB total
[2015.08.14-11.03.21:662][  0]LogTextLocalizationManager: The requested culture ('ru_RU') has no localization data; falling back to 'en' for localization and internationalization data.
[2015.08.14-11.03.21:905][  0]LogTextLocalizationManager:Warning: Loaded localization resources contain conflicting entries for (Namespace:ContentBrowser, Key:ImportAssetToolTip):
Localization Resource: (C:/Program Files/Epic Games/4.8/Engine/Content/Localization/Editor/en/Editor.locres) Source String Hash: (-630476809) Localized String: (Import to {0}...)
Localization Resource: (C:/Program Files/Epic Games/4.8/Engine/Content/Localization/Editor/en/Editor.locres) Source String Hash: (1271782899) Localized String: (Imports an asset from file to this folder.)
[2015.08.14-11.03.22:269][  0]LogD3D11RHI: Found D3D11 adapter 0: NVIDIA GeForce GT 740M   (Feature Level 11_0)
[2015.08.14-11.03.22:269][  0]LogD3D11RHI: Adapter has 1988MB of dedicated video memory, 0MB of dedicated system memory, and 2048MB of shared system memory, 1 output[s]
[2015.08.14-11.03.22:287][  0]LogD3D11RHI: Found D3D11 adapter 1: NVIDIA GeForce GT 740M   (Feature Level 11_0)
[2015.08.14-11.03.22:287][  0]LogD3D11RHI: Adapter has 1988MB of dedicated video memory, 0MB of dedicated system memory, and 2048MB of shared system memory, 0 output[s]
[2015.08.14-11.03.22:288][  0]LogD3D11RHI: Found D3D11 adapter 2: Microsoft Basic Render Driver (Feature Level 11_0)
[2015.08.14-11.03.22:288][  0]LogD3D11RHI: Adapter has 1988MB of dedicated video memory, 0MB of dedicated system memory, and 2048MB of shared system memory, 0 output[s]
[2015.08.14-11.03.22:288][  0]LogD3D11RHI: Chosen D3D11 Adapter Id = 0
[2015.08.14-11.03.22:294][  0]LogD3D11RHI: InitD3DDevice
[2015.08.14-11.03.22:294][  0]LogD3D11RHI: !Direct3DDevice
[2015.08.14-11.03.22:294][  0]LogRHI: Texture pool is 1361 MB (70% of 1945 MB)
[2015.08.14-11.03.22:317][  0]LogD3D11RHI: Async texture creation enabled
[2015.08.14-11.03.22:335][  0]LogShaderCompilers:Display: Using Local Shader Compiler.
[2015.08.14-11.03.23:311][  0]LogTemp:Display: Loaded TP DesktopTargetPlatform
[2015.08.14-11.03.23:328][  0]LogTemp:Display: Loaded TP WindowsClientTargetPlatform
[2015.08.14-11.03.23:344][  0]LogTemp:Display: Loaded TP WindowsNoEditorTargetPlatform
[2015.08.14-11.03.23:360][  0]LogTemp:Display: Loaded TP WindowsServerTargetPlatform
[2015.08.14-11.03.23:377][  0]LogTemp:Display: Loaded TP WindowsTargetPlatform
[2015.08.14-11.03.23:390][  0]LogTemp:Display: Loaded TP AndroidTargetPlatform
[2015.08.14-11.03.23:404][  0]LogTemp:Display: Loaded TP Android_ASTCTargetPlatform
[2015.08.14-11.03.23:417][  0]LogTemp:Display: Loaded TP Android_ATCTargetPlatform
[2015.08.14-11.03.23:431][  0]LogTemp:Display: Loaded TP Android_DXTTargetPlatform
[2015.08.14-11.03.23:445][  0]LogTemp:Display: Loaded TP Android_ETC1TargetPlatform
[2015.08.14-11.03.23:459][  0]LogTemp:Display: Loaded TP Android_ETC2TargetPlatform
[2015.08.14-11.03.23:472][  0]LogTemp:Display: Loaded TP Android_PVRTCTargetPlatform
[2015.08.14-11.03.23:523][  0]LogTemp:Display: Loaded TP IOSTargetPlatform
[2015.08.14-11.03.23:536][  0]LogTemp:Display: Loaded TP LinuxNoEditorTargetPlatform
[2015.08.14-11.03.23:549][  0]LogTemp:Display: Loaded TP LinuxServerTargetPlatform
[2015.08.14-11.03.23:565][  0]LogTemp:Display: Loaded TP LinuxTargetPlatform
[2015.08.14-11.03.23:565][  0]LogTargetPlatformManager:Display: Building Assets For Windows
[2015.08.14-11.03.23:795][  0]LogDerivedDataCache:Display: Max Cache Size: 512 MB
[2015.08.14-11.03.23:849][  0]LogDerivedDataCache: Loaded boot cache 0.05s 53MB C:/Users/Ilya/AppData/Local/UnrealEngine/4.8/DerivedDataCache/Boot.ddc.
[2015.08.14-11.03.23:849][  0]LogDerivedDataCache:Display: Loaded Boot cache: C:/Users/Ilya/AppData/Local/UnrealEngine/4.8/DerivedDataCache/Boot.ddc
[2015.08.14-11.03.23:849][  0]LogDerivedDataCache: FDerivedDataBackendGraph:  Pak pak cache file D:/projects/unreal/FoD 4.8/DerivedDataCache/DDC.ddp not found, will not use a pak cache.
[2015.08.14-11.03.23:849][  0]LogDerivedDataCache: Unable to find inner node Pak for hierarchical cache Hierarchy.
[2015.08.14-11.03.23:849][  0]LogDerivedDataCache: FDerivedDataBackendGraph:  CompressedPak pak cache file D:/projects/unreal/FoD 4.8/DerivedDataCache/Compressed.ddp not found, will not use a pak cache.
[2015.08.14-11.03.23:849][  0]LogDerivedDataCache: Unable to find inner node CompressedPak for hierarchical cache Hierarchy.
[2015.08.14-11.03.24:015][  0]LogDerivedDataCache:Display: Pak cache opened for reading ../../../Engine/DerivedDataCache/Compressed.ddp.
[2015.08.14-11.03.24:028][  0]LogDerivedDataCache: Using Local data cache path C:/Users/Ilya/AppData/Local/UnrealEngine/Common/DerivedDataCache: Writable
[2015.08.14-11.03.24:293][  0]LogInit: Selected Device Profile: [Windows]
[2015.08.14-11.03.24:381][  0]ImportText (ComponentSweepMultiTests): Missing closing parenthesis: (RootShapeAsset="/Engine/BasicShapes/Cube.Cube",ShapeType="TriggerCapsule",HitResult=(Time=0.50,Location=(X=-100.000015,Y=0.0,Z=100.000015),ImpactPoint=(X=-50.0,Y=0.0,Z=50.0),Normal=(X=-1.0,Y=-0.0,Z=0.0),ImpactNormal=(X=0.0,Y=0.0,Z=1.0),TraceStart=(X=-200.0,Y=0.0,Z=200.0),TraceEnd=(X=0.0,Y=0.0,Z=0.0))
[2015.08.14-11.03.24:382][  0]ImportText (LineTraceSingleByChannelTests): Missing closing parenthesis: (RootShapeAsset="/Engine/BasicShapes/Cube.Cube",HitResult=(Time=0.50,Location=(X=-100.000015,Y=0.0,Z=100.000015),ImpactPoint=(X=-50.0,Y=0.0,Z=50.0),Normal=(X=-1.0,Y=-0.0,Z=0.0),ImpactNormal=(X=0.0,Y=0.0,Z=1.0),TraceStart=(X=-200.0,Y=0.0,Z=200.0),TraceEnd=(X=0.0,Y=0.0,Z=0.0))
[2015.08.14-11.03.24:412][  0]LogMeshUtilities: No automatic mesh reduction module available
[2015.08.14-11.03.24:412][  0]LogMeshUtilities: No automatic mesh merging module available
[2015.08.14-11.03.24:742][  0]LogInit: WinSock: version 1.1 (2.2), MaxSocks=32767, MaxUdp=65467
[2015.08.14-11.03.25:806][  0]UdpMessaging: Initializing bridge on interface 0.0.0.0:0 to multicast group 230.0.0.1:6666.
[2015.08.14-11.03.25:889][  0]LogLinker:Warning: Can't find file '/Game/crosshair'
[2015.08.14-11.03.25:889][  0]LogLinker:Warning: Can't find file '/Game/crosshair'
[2015.08.14-11.03.25:889][  0]LogLinker:Warning: Can't find file '/Game/crosshair'
[2015.08.14-11.03.25:889][  0]LogUObjectGlobals:Warning: Failed to find object 'Texture2D /Game/crosshair.crosshair'
[2015.08.14-11.03.25:889][  0]Error: CDO Constructor (FPHUD): Failed to find Texture2D'/Game/crosshair.crosshair'

[2015.08.14-11.03.25:889][  0]LogUObjectBase:Warning: -------------- Default Property warnings and errors:
[2015.08.14-11.03.25:889][  0]LogUObjectBase:Warning: Error: CDO Constructor (FPHUD): Failed to find Texture2D'/Game/crosshair.crosshair'

[2015.08.14-11.03.25:894][  0]LogWindowsTextInputMethodSystem:Display: IME system now deactivated.
[2015.08.14-11.03.32:796][  0]LogWindowsTextInputMethodSystem:Display: IME system now deactivated.
[2015.08.14-11.03.32:797][  0]LogWindowsTextInputMethodSystem:Display: IME system now deactivated.
[2015.08.14-11.03.33:125][  0]SourceControl: Info Source control is disabled
[2015.08.14-11.03.33:126][  0]SourceControl: Info Source control is disabled
[2015.08.14-11.03.33:137][  0]SourceControl: Info Source control is disabled
[2015.08.14-11.03.33:148][  0]SourceControl: Info Source control is disabled
[2015.08.14-11.03.33:411][  0]LogObj: 26333 objects as part of root set at end of initial load.
[2015.08.14-11.03.33:411][  0]LogUObjectAllocator: 5435920 out of 0 bytes used by permanent object pool.
[2015.08.14-11.03.33:491][  0]LogEngine: Initializing Engine...
[2015.08.14-11.03.33:493][  0]LogHMD: Can't find Oculus library dev build: is proper Runtime installed? Version: 0.6.0.0
[2015.08.14-11.03.33:495][  0]LogHMD:Warning: SteamVR failed to initialize.  Error: 110
[2015.08.14-11.03.33:677][  0]LogAIModule: Creating AISystem for world NewWorld
[2015.08.14-11.03.33:683][  0]LogInit: XAudio2 using 'Динамики (Realtek High Definition Audio)' : 2 channels at 44.1 kHz using 32 bits per sample (channel mask 0x3)
[2015.08.14-11.03.33:723][  0]LogInit: FAudioDevice initialized.
[2015.08.14-11.03.33:753][  0]LogDerivedDataCache: Saved boot cache 0.03s 53MB C:/Users/Ilya/AppData/Local/UnrealEngine/4.8/DerivedDataCache/Boot.ddc.
[2015.08.14-11.03.33:759][  0]LogInit: Texture streaming: Disabled
[2015.08.14-11.03.33:789][  0]LogAnalytics: Creating configured Analytics provider AnalyticsET
[2015.08.14-11.03.33:789][  0]LogAnalytics: [UEEditor.Rocket.Release] APIServer = http://et2.epicgames.com/ET2/. AppVersion = 4.8.3-2634408+++depot+UE4-Releases+4.8
[2015.08.14-11.03.33:789][  0]LogAnalytics: [UEEditor.Rocket.Release] SetUserId a7f999d945d7ce1bcb40819eed5fc215|9874e92d453642a1a852b47e8a1bb05f|e0bf2233-ae09-4568-aecc-a45b89a1cc1d
[2015.08.14-11.03.33:789][  0]LogAnalytics: [UEEditor.Rocket.Release] AnalyticsET::StartSession
[2015.08.14-11.03.33:821][  0]LogInit: Transaction tracking system initialized
[2015.08.14-11.03.33:989][  0]BlueprintLog: New page: Editor Load
[2015.08.14-11.03.34:033][  0]LogAssetRegistry: FAssetRegistry took 0.0107 seconds to start up
[2015.08.14-11.03.34:033][  0]LogDirectoryWatcher:Warning: Failed to begin reading directory changes for ../../../Engine/Plugins/Experimental/CharacterAI/Content/. Error: 0
[2015.08.14-11.03.34:930][  0]LogConsoleManager:Warning: Console variable 'r.VSync' wasn't set ('GameSetting' has a lower priority than 'SystemSettingsIni')
[2015.08.14-11.03.34:930][  0]LogConsoleResponse:Display: 
[2015.08.14-11.03.35:098][  0]LogCook:Display: Done creating registry. It took  0.00s.
[2015.08.14-11.03.35:389][  0]SourceControl: Info Source control is disabled
[2015.08.14-11.03.35:389][  0]Cmd: MAP LOAD FILE="../../../Engine/Content/Maps/Templates/Template_Default.umap" TEMPLATE=1 SHOWPROGRESS=1 FEATURELEVEL=3
[2015.08.14-11.03.35:390][  0]LightingResults: New page: Lighting Build
[2015.08.14-11.03.35:411][  0]MapCheck: New page: Map Check
[2015.08.14-11.03.35:411][  0]LightingResults: New page: Lighting Build
[2015.08.14-11.03.35:433][  0]LogParticles: Destroying 0 GPU particle simulations for FXSystem 0x00000055A06F94E0
[2015.08.14-11.03.36:051][  0]LogAIModule: Creating AISystem for world Untitled_1
[2015.08.14-11.03.36:060][  0]LogEditorServer: Finished looking for orphan Actors (0.000 secs)
[2015.08.14-11.03.36:071][  0]Cmd: MAP CHECKDEP NOCLEARLOG
[2015.08.14-11.03.36:123][  0]MapCheck: Info Map check complete: 0 Error(s), 0 Warning(s), took 52.488ms to complete.
[2015.08.14-11.03.36:123][  0]LogFileHelpers: Loading map 'Template_Default' took 0.735
[2015.08.14-11.03.36:264][  0]LogCollectionManager: Loaded 0 collections in 0.003096 seconds
[2015.08.14-11.03.36:278][  0]LogContentBrowser: Native class hierarchy populated in 0.0148 seconds. Added 1796 classes and 303 folders.
[2015.08.14-11.03.36:340][  0]LogContentBrowser: Native class hierarchy updated for 'WidgetCarousel' in 0.0025 seconds. Added 0 classes and 0 folders.
[2015.08.14-11.03.36:380][  0]LogContentBrowser: Native class hierarchy updated for 'AddContentDialog' in 0.0025 seconds. Added 0 classes and 0 folders.
[2015.08.14-11.03.36:406][  0]LogContentBrowser: Native class hierarchy updated for 'SceneOutliner' in 0.0027 seconds. Added 1 classes and 2 folders.
[2015.08.14-11.03.36:451][  0]LogCrashTracker: Crashtracker disabled due to settings.
[2015.08.14-11.03.36:452][  0]LogD3D11RHI: InitD3DDevice
[2015.08.14-11.03.36:457][  0]LogUObjectGlobals:Warning: Failed to find object 'Class None.'
[2015.08.14-11.03.36:480][  0]LogLoad: Full Startup: 16.99 seconds (BP compile: 0.18 seconds)
[2015.08.14-11.03.36:882][  0]LogContentStreaming: Texture pool size is 0.000000MB
[2015.08.14-11.03.36:910][  0]LogContentStreaming: Texture pool size now 1000 MB
[2015.08.14-11.03.37:110][  0]LogRenderer: Reallocating scene render targets to support 840x400 (Frame:2).
[2015.08.14-11.03.38:871][  6]LogAssetRegistry: Asset discovery search completed in 4.8488 seconds
[2015.08.14-11.03.39:194][ 25]LogD3D11RHI: InitD3DDevice
[2015.08.14-11.03.46:633][418]LogPlayLevel: PIE:  No blueprints needed recompiling
[2015.08.14-11.03.46:636][418]PIE: New page: PIE session: Untitled_1 (Aug 14, 2015, 5:03:46 PM)
[2015.08.14-11.03.46:637][418]LogPlayLevel: Creating play world package: /Temp/UEDPIE_0_Untitled_1
[2015.08.14-11.03.46:640][418]LogPlayLevel: PIE: StaticDuplicateObject took: (0.002672s)
[2015.08.14-11.03.46:641][418]LogAIModule: Creating AISystem for world Untitled_1
[2015.08.14-11.03.46:642][418]LogPlayLevel: PIE: World Init took: (0.002228s)
[2015.08.14-11.03.46:642][418]LogPlayLevel: PIE: Created PIE world by copying editor world from /Temp/Untitled_1.Untitled_1 to /Temp/UEDPIE_0_Untitled_1.Untitled_1 (0.005273s)
[2015.08.14-11.03.46:722][418]LogInit: XAudio2 using 'Динамики (Realtek High Definition Audio)' : 2 channels at 44.1 kHz using 32 bits per sample (channel mask 0x3)
[2015.08.14-11.03.46:774][418]LogInit: FAudioDevice initialized.
[2015.08.14-11.03.46:828][418]LogWorld: Game class is 'FPGameMode'
[2015.08.14-11.03.46:833][418]LogWorld: Bringing World /Temp/UEDPIE_0_Untitled_1.Untitled_1 up for play (max tick rate 60) at 2015.08.14-14.03.46
[2015.08.14-11.03.46:833][418]LogActor:Warning: GameSession /Temp/UEDPIE_0_Untitled_1.Untitled_1:PersistentLevel.GameSession_0 has natively added scene component(s), but none of them were set as the actor's RootComponent - picking one arbitrarily
[2015.08.14-11.03.46:833][418]LogActor:Warning: GameNetworkManager /Temp/UEDPIE_0_Untitled_1.Untitled_1:PersistentLevel.GameNetworkManager_0 has natively added scene component(s), but none of them were set as the actor's RootComponent - picking one arbitrarily
[2015.08.14-11.03.46:834][418]LogWorld: Bringing up level for play took: 0.003160
[2015.08.14-11.03.46:838][418]PIE: Info Play in editor start time for /Temp/UEDPIE_0_Untitled_1 -0.203
[2015.08.14-11.03.46:878][418]LogCrashTracker: 


